2023-12-04 10:26:10,546 [INFO] Activator:176 - 


2023-12-04 10:26:10,549 [INFO] Activator:177 - !SESSION log4j initialized
2023-12-04 10:26:12,916 [INFO] LogOutputStream:77 - [STDOUT_REDIRECT] 
2023-12-04 10:26:14,966 [INFO] ApplicationProperties:184 - Using Application install path: /home/tyler/STMCubeIDE/plugins/com.st.stm32cube.common.mx_6.10.0.202311202037
2023-12-04 10:26:14,981 [INFO] DbMcusXml:78 - Set database path to: /home/tyler/STMCubeIDE/plugins/com.st.stm32cube.common.mx_6.10.0.202311202037//db//mcu/
2023-12-04 10:26:14,981 [INFO] ApiDb:274 - Set plugin database path to: /home/tyler/STMCubeIDE/plugins/com.st.stm32cube.common.mx_6.10.0.202311202037//db//plugins/boardmanager/
2023-12-04 10:26:14,981 [WARN] ApiDb:259 - Overriding images path with different value:  => /home/tyler/STMCubeIDE/plugins/com.st.stm32cube.common.mx_6.10.0.202311202037//db//plugins/mcufinder/images/
2023-12-04 10:26:14,985 [INFO] ApiDb:250 - Set database path to: /home/tyler/.stmcufinder/plugins/mcufinder//mcu/
2023-12-04 10:26:14,986 [INFO] DbMcusAds:125 - Set database path to: /home/tyler/.stmcufinder/plugins/mcufinder//mcu/
2023-12-04 10:26:14,988 [INFO] CrossReferenceDbSqlite:203 - Set database path to: /home/tyler/.stmcufinder/plugins/mcufinder//mcu/cs/
2023-12-04 10:26:15,090 [INFO] RulesReader:64 - Compatibility file has been processed (297 Rules)
2023-12-04 10:26:15,141 [INFO] DbMcusXml:78 - Set database path to: /home/tyler/STMCubeIDE/plugins/com.st.stm32cube.common.mx_6.10.0.202311202037//db//mcu/
2023-12-04 10:26:15,142 [INFO] ApiDb:274 - Set plugin database path to: /home/tyler/STMCubeIDE/plugins/com.st.stm32cube.common.mx_6.10.0.202311202037//db//plugins/boardmanager/
2023-12-04 10:26:15,142 [INFO] ApiDb:261 - Set plugin images path to: /home/tyler/STMCubeIDE/plugins/com.st.stm32cube.common.mx_6.10.0.202311202037//db//plugins/mcufinder/images/
2023-12-04 10:26:15,142 [WARN] DbFile:41 - Overriding database path with different value: /home/tyler/.stmcufinder/plugins/mcufinder/ => /home/tyler/.stmcufinder/plugins/mcufinder
2023-12-04 10:26:15,142 [INFO] ApiDb:250 - Set database path to: /home/tyler/.stmcufinder/plugins/mcufinder//mcu/
2023-12-04 10:26:15,142 [WARN] DbFile:41 - Overriding database path with different value: /home/tyler/.stmcufinder/plugins/mcufinder/ => /home/tyler/.stmcufinder/plugins/mcufinder
2023-12-04 10:26:15,142 [INFO] DbMcusAds:125 - Set database path to: /home/tyler/.stmcufinder/plugins/mcufinder//mcu/
2023-12-04 10:26:15,142 [WARN] DbFile:41 - Overriding database path with different value: /home/tyler/.stmcufinder/plugins/mcufinder/ => /home/tyler/.stmcufinder/plugins/mcufinder
2023-12-04 10:26:15,142 [WARN] DbFile:41 - Overriding database path with different value: /home/tyler/.stmcufinder/plugins/mcufinder/ => /home/tyler/.stmcufinder/plugins/mcufinder
2023-12-04 10:26:15,142 [INFO] CrossReferenceDbSqlite:203 - Set database path to: /home/tyler/.stmcufinder/plugins/mcufinder//mcu/cs/
2023-12-04 10:26:15,187 [INFO] MainPanel:264 - HeapMemory: 268435456
2023-12-04 10:26:15,246 [INFO] DbMcusXml:78 - Set database path to: /home/tyler/STMCubeIDE/plugins/com.st.stm32cube.common.mx_6.10.0.202311202037//db//mcu/
2023-12-04 10:26:15,246 [INFO] ApiDb:274 - Set plugin database path to: /home/tyler/STMCubeIDE/plugins/com.st.stm32cube.common.mx_6.10.0.202311202037//db//plugins/boardmanager/
2023-12-04 10:26:15,246 [INFO] ApiDb:261 - Set plugin images path to: /home/tyler/STMCubeIDE/plugins/com.st.stm32cube.common.mx_6.10.0.202311202037//db//plugins/mcufinder/images/
2023-12-04 10:26:15,247 [WARN] DbFile:41 - Overriding database path with different value: /home/tyler/.stmcufinder/plugins/mcufinder/ => /home/tyler/.stmcufinder/plugins/mcufinder
2023-12-04 10:26:15,247 [INFO] ApiDb:250 - Set database path to: /home/tyler/.stmcufinder/plugins/mcufinder//mcu/
2023-12-04 10:26:15,247 [WARN] DbFile:41 - Overriding database path with different value: /home/tyler/.stmcufinder/plugins/mcufinder/ => /home/tyler/.stmcufinder/plugins/mcufinder
2023-12-04 10:26:15,247 [INFO] DbMcusAds:125 - Set database path to: /home/tyler/.stmcufinder/plugins/mcufinder//mcu/
2023-12-04 10:26:15,247 [WARN] DbFile:41 - Overriding database path with different value: /home/tyler/.stmcufinder/plugins/mcufinder/ => /home/tyler/.stmcufinder/plugins/mcufinder
2023-12-04 10:26:15,247 [WARN] DbFile:41 - Overriding database path with different value: /home/tyler/.stmcufinder/plugins/mcufinder/ => /home/tyler/.stmcufinder/plugins/mcufinder
2023-12-04 10:26:15,247 [INFO] CrossReferenceDbSqlite:203 - Set database path to: /home/tyler/.stmcufinder/plugins/mcufinder//mcu/cs/
2023-12-04 10:26:15,259 [INFO] ApplicationProperties:184 - Using Application install path: /home/tyler/STMCubeIDE/plugins/com.st.stm32cube.common.mx_6.10.0.202311202037
2023-12-04 10:26:15,260 [INFO] PluginManage:196 - Search for loadable plugins [exclusion list=, ]
2023-12-04 10:26:15,261 [INFO] PluginManage:310 - Check plugin analytics
2023-12-04 10:26:15,377 [INFO] AnalyticsPlugin:253 - Accepted Software Licenses: 
2023-12-04 10:26:15,378 [INFO] AnalyticsPlugin:255 - Accepted CMSIS Pack Licenses: 
2023-12-04 10:26:15,378 [INFO] AnalyticsPlugin:257 - Accepted Firmware Licenses: 
2023-12-04 10:26:15,380 [INFO] PluginManage:359 - Loaded plugin analytics (category:tool,tabindex:-1)
2023-12-04 10:26:15,380 [INFO] PluginManage:310 - Check plugin cadmodel
2023-12-04 10:26:15,393 [INFO] CADModel:105 - Init CAD model plugin
2023-12-04 10:26:15,393 [INFO] PluginManage:359 - Loaded plugin cadmodel (category:power,tabindex:5)
2023-12-04 10:26:15,393 [INFO] PluginManage:310 - Check plugin clock
2023-12-04 10:26:15,399 [INFO] PluginManage:359 - Loaded plugin clock (category:base,tabindex:2)
2023-12-04 10:26:15,399 [INFO] PluginManage:310 - Check plugin ddr
2023-12-04 10:26:15,401 [INFO] PluginManage:359 - Loaded plugin ddr (category:tool,tabindex:6)
2023-12-04 10:26:15,401 [INFO] PluginManage:310 - Check plugin filemanager
2023-12-04 10:26:15,502 [INFO] PluginManage:359 - Loaded plugin filemanager (category:base,tabindex:10)
2023-12-04 10:26:15,502 [INFO] PluginManage:310 - Check plugin ipmanager
2023-12-04 10:26:15,506 [INFO] PluginManage:359 - Loaded plugin ipmanager (category:base,tabindex:5)
2023-12-04 10:26:15,506 [INFO] PluginManage:310 - Check plugin lpbam
2023-12-04 10:26:15,512 [INFO] PluginManage:359 - Loaded plugin lpbam (category:base,tabindex:0)
2023-12-04 10:26:15,512 [INFO] PluginManage:310 - Check plugin memorymap
2023-12-04 10:26:15,519 [INFO] PluginManage:359 - Loaded plugin memorymap (category:base,tabindex:4)
2023-12-04 10:26:15,520 [INFO] PluginManage:310 - Check plugin pinoutandconfiguration
2023-12-04 10:26:15,524 [INFO] PluginManage:359 - Loaded plugin pinoutandconfiguration (category:base,tabindex:1)
2023-12-04 10:26:15,524 [INFO] PluginManage:310 - Check plugin pinoutconfig
2023-12-04 10:26:15,590 [WARN] SupportedApi:132 - Cannot load RTOS API schema: s4s-elt-must-match.1: The content of 'definitions' must match (annotation?, (simpleType | complexType)?, (unique | key | keyref)*)). A problem was found starting at: attribute.
2023-12-04 10:26:15,690 [INFO] PluginManage:359 - Loaded plugin pinoutconfig (category:base,tabindex:0)
2023-12-04 10:26:15,690 [INFO] PluginManage:310 - Check plugin power
2023-12-04 10:26:15,696 [INFO] PluginManage:359 - Loaded plugin power (category:power,tabindex:4)
2023-12-04 10:26:15,696 [INFO] PluginManage:310 - Check plugin projectmanager
2023-12-04 10:26:15,708 [INFO] PluginManage:359 - Loaded plugin projectmanager (category:projectmanager,tabindex:3)
2023-12-04 10:26:15,708 [INFO] PluginManage:310 - Check plugin thirdparty
2023-12-04 10:26:15,776 [INFO] PluginManage:359 - Loaded plugin thirdparty (category:base,tabindex:-1)
2023-12-04 10:26:15,776 [INFO] PluginManage:310 - Check plugin tools
2023-12-04 10:26:15,776 [WARN] IntegrityCheckThread:84 - waiting for thirdparty lock release [integrity check]
2023-12-04 10:26:15,776 [INFO] IntegrityCheckThread:86 - entering critical section [integrity check]
2023-12-04 10:26:15,776 [INFO] ThirdPartyUpdaterWithRetryManager:70 - Updater plugin not ready yet. [1/15]
2023-12-04 10:26:15,777 [INFO] PluginManage:359 - Loaded plugin tools (category:base,tabindex:7)
2023-12-04 10:26:15,777 [INFO] PluginManage:310 - Check plugin tutovideos
2023-12-04 10:26:15,892 [INFO] PluginManage:359 - Loaded plugin tutovideos (category:base,tabindex:-1)
2023-12-04 10:26:15,892 [INFO] PluginManage:310 - Check plugin updater
2023-12-04 10:26:15,897 [INFO] PluginManage:359 - Loaded plugin updater (category:base,tabindex:12)
2023-12-04 10:26:15,898 [INFO] PluginManage:310 - Check plugin userauth
2023-12-04 10:26:15,901 [INFO] UserAuth:114 - Init User Auth plugin
2023-12-04 10:26:15,902 [INFO] PluginManage:359 - Loaded plugin userauth (category:base,tabindex:14)
2023-12-04 10:26:15,902 [INFO] PluginManage:283 - PluginManage : Loaded plugins [17]
2023-12-04 10:26:16,023 [INFO] PinOutPanel:1499 - setPackage(No Configuration,No Configuration)
2023-12-04 10:26:16,063 [INFO] CADModel:165 - CPN selected for project level
2023-12-04 10:26:16,063 [INFO] CADModel:114 - Register for checkConnection events
2023-12-04 10:26:16,069 [INFO] IPUIPlugin:80 - create IPUIPlugin
2023-12-04 10:26:16,069 [INFO] PluginManager:220 - loadIPPluginJar : add ucpd
2023-12-04 10:26:16,073 [INFO] IPUIPlugin:80 - create IPUIPlugin
2023-12-04 10:26:16,074 [INFO] PluginManager:220 - loadIPPluginJar : add mdma
2023-12-04 10:26:16,076 [INFO] IPUIPlugin:80 - create IPUIPlugin
2023-12-04 10:26:16,076 [INFO] PluginManager:220 - loadIPPluginJar : add gpio
2023-12-04 10:26:16,079 [INFO] IPUIPlugin:80 - create IPUIPlugin
2023-12-04 10:26:16,079 [INFO] PluginManager:220 - loadIPPluginJar : add hash
2023-12-04 10:26:16,080 [INFO] IPUIPlugin:80 - create IPUIPlugin
2023-12-04 10:26:16,080 [INFO] PluginManager:220 - loadIPPluginJar : add i2c
2023-12-04 10:26:16,084 [INFO] IPUIPlugin:80 - create IPUIPlugin
2023-12-04 10:26:16,084 [INFO] PluginManager:220 - loadIPPluginJar : add fmc
2023-12-04 10:26:16,085 [INFO] IPUIPlugin:80 - create IPUIPlugin
2023-12-04 10:26:16,085 [INFO] PluginManager:220 - loadIPPluginJar : add tracer_emb
2023-12-04 10:26:16,087 [INFO] IPUIPlugin:80 - create IPUIPlugin
2023-12-04 10:26:16,088 [INFO] PluginManager:220 - loadIPPluginJar : add sai
2023-12-04 10:26:16,088 [INFO] IPUIPlugin:80 - create IPUIPlugin
2023-12-04 10:26:16,088 [INFO] PluginManager:220 - loadIPPluginJar : add fatfs
2023-12-04 10:26:16,090 [INFO] IPUIPlugin:80 - create IPUIPlugin
2023-12-04 10:26:16,091 [INFO] PluginManager:220 - loadIPPluginJar : add ipddr
2023-12-04 10:26:16,092 [INFO] IPUIPlugin:80 - create IPUIPlugin
2023-12-04 10:26:16,092 [INFO] PluginManager:220 - loadIPPluginJar : add cryp
2023-12-04 10:26:16,093 [INFO] IPUIPlugin:80 - create IPUIPlugin
2023-12-04 10:26:16,093 [INFO] PluginManager:220 - loadIPPluginJar : add tsc
2023-12-04 10:26:16,095 [INFO] IPUIPlugin:80 - create IPUIPlugin
2023-12-04 10:26:16,095 [INFO] PluginManager:220 - loadIPPluginJar : add lorawan
2023-12-04 10:26:16,100 [INFO] IPUIPlugin:80 - create IPUIPlugin
2023-12-04 10:26:16,100 [INFO] PluginManager:220 - loadIPPluginJar : add linkedlist
2023-12-04 10:26:16,102 [INFO] IPUIPlugin:80 - create IPUIPlugin
2023-12-04 10:26:16,102 [INFO] PluginManager:220 - loadIPPluginJar : add pdm2pcm
2023-12-04 10:26:16,103 [INFO] IPUIPlugin:80 - create IPUIPlugin
2023-12-04 10:26:16,103 [INFO] PluginManager:220 - loadIPPluginJar : add spi
2023-12-04 10:26:16,105 [INFO] IPUIPlugin:80 - create IPUIPlugin
2023-12-04 10:26:16,105 [INFO] PluginManager:220 - loadIPPluginJar : add nvic
2023-12-04 10:26:16,105 [INFO] IPUIPlugin:80 - create IPUIPlugin
2023-12-04 10:26:16,105 [INFO] PluginManager:220 - loadIPPluginJar : add ltdc
2023-12-04 10:26:16,109 [INFO] IPUIPlugin:80 - create IPUIPlugin
2023-12-04 10:26:16,111 [INFO] PluginManager:220 - loadIPPluginJar : add plateformsettings
2023-12-04 10:26:16,112 [INFO] IPUIPlugin:80 - create IPUIPlugin
2023-12-04 10:26:16,112 [INFO] PluginManager:220 - loadIPPluginJar : add ts
2023-12-04 10:26:16,113 [INFO] IPUIPlugin:80 - create IPUIPlugin
2023-12-04 10:26:16,114 [INFO] PluginManager:220 - loadIPPluginJar : add i3c
2023-12-04 10:26:16,115 [INFO] IPUIPlugin:80 - create IPUIPlugin
2023-12-04 10:26:16,115 [INFO] PluginManager:220 - loadIPPluginJar : add comp
2023-12-04 10:26:16,116 [INFO] IPUIPlugin:80 - create IPUIPlugin
2023-12-04 10:26:16,116 [INFO] PluginManager:220 - loadIPPluginJar : add gfxmmu
2023-12-04 10:26:16,118 [INFO] IPUIPlugin:80 - create IPUIPlugin
2023-12-04 10:26:16,118 [INFO] PluginManager:220 - loadIPPluginJar : add can
2023-12-04 10:26:16,121 [INFO] IPUIPlugin:80 - create IPUIPlugin
2023-12-04 10:26:16,121 [INFO] PluginManager:220 - loadIPPluginJar : add stm32_wpan
2023-12-04 10:26:16,122 [INFO] IPUIPlugin:80 - create IPUIPlugin
2023-12-04 10:26:16,123 [INFO] PluginManager:220 - loadIPPluginJar : add genericplugin
2023-12-04 10:26:16,126 [INFO] IPUIPlugin:80 - create IPUIPlugin
2023-12-04 10:26:16,126 [INFO] PluginManager:220 - loadIPPluginJar : add freertos
2023-12-04 10:26:16,130 [INFO] IPUIPlugin:80 - create IPUIPlugin
2023-12-04 10:26:16,130 [INFO] PluginManager:220 - loadIPPluginJar : add adc
2023-12-04 10:26:16,132 [INFO] IPUIPlugin:80 - create IPUIPlugin
2023-12-04 10:26:16,132 [INFO] PluginManager:220 - loadIPPluginJar : add dfsdm
2023-12-04 10:26:16,133 [INFO] IPUIPlugin:80 - create IPUIPlugin
2023-12-04 10:26:16,133 [INFO] PluginManager:220 - loadIPPluginJar : add i2s
2023-12-04 10:26:16,137 [INFO] IPUIPlugin:80 - create IPUIPlugin
2023-12-04 10:26:16,137 [INFO] PluginManager:220 - loadIPPluginJar : add dma
2023-12-04 10:26:16,139 [INFO] IPUIPlugin:80 - create IPUIPlugin
2023-12-04 10:26:16,139 [INFO] PluginManager:220 - loadIPPluginJar : add opamp
2023-12-04 10:26:16,140 [INFO] IPUIPlugin:80 - create IPUIPlugin
2023-12-04 10:26:16,140 [INFO] PluginManager:220 - loadIPPluginJar : add touchsensing
2023-12-04 10:26:16,141 [INFO] IPUIPlugin:80 - create IPUIPlugin
2023-12-04 10:26:16,141 [INFO] PluginManager:220 - loadIPPluginJar : add quadspi
2023-12-04 10:26:16,143 [INFO] IPUIPlugin:80 - create IPUIPlugin
2023-12-04 10:26:16,143 [INFO] PluginManager:220 - loadIPPluginJar : add resmgrutility
2023-12-04 10:26:16,144 [INFO] IPUIPlugin:80 - create IPUIPlugin
2023-12-04 10:26:16,145 [INFO] PluginManager:220 - loadIPPluginJar : add gtzc
2023-12-04 10:26:16,146 [INFO] IPUIPlugin:80 - create IPUIPlugin
2023-12-04 10:26:16,146 [INFO] PluginManager:220 - loadIPPluginJar : add aes
2023-12-04 10:26:16,147 [INFO] IPUIPlugin:80 - create IPUIPlugin
2023-12-04 10:26:16,147 [INFO] PluginManager:220 - loadIPPluginJar : add dma3
2023-12-04 10:26:16,149 [INFO] IPUIPlugin:80 - create IPUIPlugin
2023-12-04 10:26:16,149 [INFO] PluginManager:220 - loadIPPluginJar : add usbx
2023-12-04 10:26:16,150 [INFO] IPUIPlugin:80 - create IPUIPlugin
2023-12-04 10:26:16,150 [INFO] PluginManager:220 - loadIPPluginJar : add tim
2023-12-04 10:26:16,152 [INFO] IPUIPlugin:80 - create IPUIPlugin
2023-12-04 10:26:16,152 [INFO] PluginManager:220 - loadIPPluginJar : add usart
2023-12-04 10:26:16,155 [INFO] IPUIPlugin:80 - create IPUIPlugin
2023-12-04 10:26:16,155 [INFO] PluginManager:220 - loadIPPluginJar : add gic
2023-12-04 10:26:16,156 [INFO] IPUIPlugin:80 - create IPUIPlugin
2023-12-04 10:26:16,157 [INFO] PluginManager:220 - loadIPPluginJar : add openamp
2023-12-04 10:26:16,247 [INFO] CADModel:165 - CPN selected for project level
2023-12-04 10:26:16,247 [INFO] CADModel:114 - Register for checkConnection events
2023-12-04 10:26:16,247 [FATAL] Updater:308 - Updater called before beeing initialized
2023-12-04 10:26:16,248 [ERROR] CADModel:125 - Updater not yet initialized, retry later 
2023-12-04 10:26:16,329 [INFO] CADModel:165 - CPN selected for project level
2023-12-04 10:26:16,329 [INFO] CADModel:114 - Register for checkConnection events
2023-12-04 10:26:16,329 [FATAL] Updater:308 - Updater called before beeing initialized
2023-12-04 10:26:16,329 [ERROR] CADModel:125 - Updater not yet initialized, retry later 
2023-12-04 10:26:16,332 [FATAL] Updater:308 - Updater called before beeing initialized
2023-12-04 10:26:16,396 [FATAL] Updater:308 - Updater called before beeing initialized
2023-12-04 10:26:16,399 [INFO] DbMcusAds:53 - JSON generation date=Thu Sep 30 01:55:09 CDT 2021 (1632984909247)
2023-12-04 10:26:16,399 [FATAL] Updater:308 - Updater called before beeing initialized
2023-12-04 10:26:16,426 [WARN] DetailPanel:346 - Failed to get advertising image, set to default
2023-12-04 10:26:16,503 [FATAL] Updater:308 - Updater called before beeing initialized
2023-12-04 10:26:16,505 [FATAL] Updater:308 - Updater called before beeing initialized
2023-12-04 10:26:16,505 [FATAL] Updater:308 - Updater called before beeing initialized
2023-12-04 10:26:16,505 [WARN] DetailPanel:346 - Failed to get advertising image, set to default
2023-12-04 10:26:16,506 [FATAL] Updater:308 - Updater called before beeing initialized
2023-12-04 10:26:16,538 [ERROR] Updater:1120 - MainUpdater not yet initialized. External WinMGr cannot be set.
2023-12-04 10:26:16,540 [INFO] Updater:1056 - Updater Version found : 6.10.0
2023-12-04 10:26:16,557 [INFO] ApplicationProperties:184 - Using Application install path: /home/tyler/STMCubeIDE/plugins/com.st.stm32cube.common.mx_6.10.0.202311202037
2023-12-04 10:26:16,569 [ERROR] LogOutputStream:75 - [STDERR_REDIRECT] Dec 04, 2023 10:26:16 AM java.util.prefs.FileSystemPreferences$2 run
2023-12-04 10:26:16,569 [ERROR] LogOutputStream:75 - [STDERR_REDIRECT] WARNING: Could not create system preferences directory. System preferences are unusable.
2023-12-04 10:26:16,569 [ERROR] LogOutputStream:75 - [STDERR_REDIRECT] 
2023-12-04 10:26:16,797 [INFO] MainUpdater:2873 - connection check result : 10
2023-12-04 10:26:16,798 [INFO] MainUpdater:290 - Updater Check For Update Now.
2023-12-04 10:26:16,798 [INFO] MicroXplorer:498 - Change Database Version : DB.6.0.100
2023-12-04 10:26:16,801 [INFO] McuFinderGlobals:63 - Set McuFinder mode to 2 (CubeIDE integrated)
2023-12-04 10:26:16,801 [INFO] UserAuth:180 - activating auth plugin
2023-12-04 10:26:16,804 [INFO] UserAuth:404 - Internet connection configuration mode: 1
2023-12-04 10:26:16,810 [INFO] JxBrowserEngine:152 - Initiate JxBrowser Engine with user profile folder
2023-12-04 10:26:16,941 [INFO] CheckServerUpdateThread:120 - End of CheckServer Thread
2023-12-04 10:26:17,263 [INFO] WebApp:161 - Instantiating new browser for Auth
2023-12-04 10:26:17,587 [INFO] WebApp:780 - Register for checkConnection events
2023-12-04 10:26:17,587 [INFO] WebApp:414 - Apply proxy settings
2023-12-04 10:26:17,588 [INFO] WebApp:499 - Chromium requires no authentication
2023-12-04 10:26:17,592 [INFO] WebApp:442 - Direct internet connection detected
2023-12-04 10:26:17,687 [INFO] WebApp:192 - Starting web application
2023-12-04 10:26:17,687 [INFO] WebApp:544 - Web application path used /home/tyler/STMCubeIDE/plugins/com.st.stm32cube.common.mx_6.10.0.202311202037/db/plugins/mcufinder/reactClient1/index.html
2023-12-04 10:26:18,868 [WARN] PackLoader:240 - Cannot read IP mode file for STMicroelectronics.X-CUBE-SMBUS.2.1.0
2023-12-04 10:26:18,898 [WARN] PackLoader:240 - Cannot read IP mode file for STMicroelectronics.X-CUBE-AZRTOS-F7.1.1.0
2023-12-04 10:26:18,908 [WARN] PackLoader:240 - Cannot read IP mode file for STMicroelectronics.FP-SNS-MOTENV1.4.3.2
2023-12-04 10:26:18,914 [WARN] PackLoader:240 - Cannot read IP mode file for STMicroelectronics.FP-SNS-FLIGHT1.5.0.2
2023-12-04 10:26:18,922 [WARN] PackLoader:240 - Cannot read IP mode file for STMicroelectronics.X-CUBE-DISPLAY.3.0.0
2023-12-04 10:26:18,932 [WARN] PackLoader:240 - Cannot read IP mode file for STMicroelectronics.X-CUBE-BLE1.7.0.0
2023-12-04 10:26:18,936 [WARN] PackLoader:240 - Cannot read IP mode file for emotas.I-CUBE-CANOPEN.1.3.0
2023-12-04 10:26:18,939 [WARN] PackLoader:240 - Cannot read IP mode file for STMicroelectronics.X-CUBE-TOUCHGFX.4.22.1
2023-12-04 10:26:18,941 [WARN] PackLoader:240 - Cannot read IP mode file for STMicroelectronics.FP-SNS-SMARTAG2.1.2.0
2023-12-04 10:26:18,950 [INFO] LogOutputStream:77 - [STDOUT_REDIRECT] 1 : Invalid condition id : UX_CORESTACK_Condition cause : null
2023-12-04 10:26:18,950 [INFO] LogOutputStream:77 - [STDOUT_REDIRECT] 1 : Invalid condition id : UX_CORESTACK_Condition cause : null
2023-12-04 10:26:18,951 [INFO] LogOutputStream:77 - [STDOUT_REDIRECT] 1 : Invalid condition id : UX_CORESTACK_Condition cause : null
2023-12-04 10:26:18,951 [INFO] LogOutputStream:77 - [STDOUT_REDIRECT] 1 : Invalid condition id : UX_CORESTACK_Condition cause : null
2023-12-04 10:26:18,951 [INFO] LogOutputStream:77 - [STDOUT_REDIRECT] 1 : Invalid condition id : UX_CORESTACK_Condition cause : null
2023-12-04 10:26:18,956 [WARN] PackLoader:240 - Cannot read IP mode file for STMicroelectronics.X-CUBE-AZRTOS-WL.2.0.0
2023-12-04 10:26:18,962 [WARN] PackLoader:240 - Cannot read IP mode file for WES.I-CUBE-Cesium.1.3.0
2023-12-04 10:26:18,965 [WARN] PackLoader:240 - Cannot read IP mode file for STMicroelectronics.X-CUBE-BLE2.3.3.0
2023-12-04 10:26:18,971 [WARN] PackLoader:240 - Cannot read IP mode file for STMicroelectronics.X-CUBE-ALGOBUILD.1.3.0
2023-12-04 10:26:18,990 [WARN] PackLoader:240 - Cannot read IP mode file for STMicroelectronics.X-CUBE-AZRTOS-G0.1.1.0
2023-12-04 10:26:18,997 [WARN] PackLoader:240 - Cannot read IP mode file for STMicroelectronics.X-CUBE-NFC4.3.0.0
2023-12-04 10:26:19,006 [WARN] PackLoader:240 - Cannot read IP mode file for STMicroelectronics.X-CUBE-BLEMGR.3.0.0
2023-12-04 10:26:19,011 [WARN] PackLoader:240 - Cannot read IP mode file for STMicroelectronics.FP-ATR-SIGFOX1.3.2.0
2023-12-04 10:26:19,015 [WARN] PackLoader:240 - Cannot read IP mode file for STMicroelectronics.X-CUBE-GNSS1.6.0.0
2023-12-04 10:26:19,027 [WARN] PackLoader:240 - Cannot read IP mode file for STMicroelectronics.X-CUBE-AZRTOS-F4.1.1.0
2023-12-04 10:26:19,031 [WARN] PackLoader:240 - Cannot read IP mode file for wolfSSL.I-CUBE-wolfSSL.5.6.4
2023-12-04 10:26:19,044 [WARN] PackLoader:240 - Cannot read IP mode file for STMicroelectronics.X-CUBE-AZRTOS-L5.2.0.0
2023-12-04 10:26:19,052 [WARN] PackLoader:240 - Cannot read IP mode file for STMicroelectronics.X-CUBE-EEPRMA1.4.2.0
2023-12-04 10:26:19,057 [WARN] PackLoader:240 - Cannot read IP mode file for ITTIA_DB.I-CUBE-ITTIADB.8.8.0
2023-12-04 10:26:19,068 [WARN] ConditionMgr:438 - getConditionDescription Invalid condition id : UX DEVICE CLASS RTOS Condition cause : null
2023-12-04 10:26:19,068 [WARN] ConditionMgr:438 - getConditionDescription Invalid condition id : UX DEVICE CLASS RTOS Condition cause : null
2023-12-04 10:26:19,070 [WARN] PackLoader:240 - Cannot read IP mode file for STMicroelectronics.X-CUBE-AZRTOS-H7.3.1.0
2023-12-04 10:26:19,070 [WARN] ConditionMgr:1039 - genDependencies : Invalid condition id : UX DEVICE CLASS RTOS Condition cause : null
2023-12-04 10:26:19,071 [WARN] ConditionMgr:1039 - genDependencies : Invalid condition id : UX DEVICE CLASS RTOS Condition cause : null
2023-12-04 10:26:19,071 [WARN] ConditionMgr:1039 - genDependencies : Invalid condition id : UX DEVICE CLASS RTOS Condition cause : null
2023-12-04 10:26:19,071 [WARN] ConditionMgr:1039 - genDependencies : Invalid condition id : UX DEVICE CLASS RTOS Condition cause : null
2023-12-04 10:26:19,071 [WARN] ConditionMgr:1039 - genDependencies : Invalid condition id : UX DEVICE CLASS RTOS Condition cause : null
2023-12-04 10:26:19,075 [WARN] PackLoader:240 - Cannot read IP mode file for STMicroelectronics.X-CUBE-NFC7.1.0.1
2023-12-04 10:26:19,079 [WARN] PackLoader:240 - Cannot read IP mode file for STMicroelectronics.X-CUBE-NFC6.3.0.0
2023-12-04 10:26:19,082 [WARN] PackLoader:240 - Cannot read IP mode file for STMicroelectronics.X-CUBE-AI.8.1.0
2023-12-04 10:26:19,100 [WARN] ConditionMgr:438 - getConditionDescription Invalid condition id : LAN8742 Phy interface Condition cause : null
2023-12-04 10:26:19,100 [WARN] PackLoader:240 - Cannot read IP mode file for STMicroelectronics.X-CUBE-AZRTOS-L4.2.0.0
2023-12-04 10:26:19,101 [WARN] ConditionMgr:1039 - genDependencies : Invalid condition id : LAN8742 Phy interface Condition cause : null
2023-12-04 10:26:19,101 [WARN] ConditionMgr:1039 - genDependencies : Invalid condition id : LAN8742 Phy interface Condition cause : null
2023-12-04 10:26:19,102 [WARN] ConditionMgr:1039 - genDependencies : Invalid condition id : LAN8742 Phy interface Condition cause : null
2023-12-04 10:26:19,105 [WARN] PackLoader:240 - Cannot read IP mode file for STMicroelectronics.X-CUBE-SFXS2LP1.4.0.0
2023-12-04 10:26:19,108 [WARN] PackLoader:240 - Cannot read IP mode file for STMicroelectronics.X-CUBE-ISPU.1.1.0
2023-12-04 10:26:19,114 [WARN] ConditionMgr:438 - getConditionDescription Invalid condition id : UX DEVICE CLASS RTOS Condition cause : null
2023-12-04 10:26:19,115 [WARN] ConditionMgr:438 - getConditionDescription Invalid condition id : UX DEVICE CLASS RTOS Condition cause : null
2023-12-04 10:26:19,116 [WARN] PackLoader:240 - Cannot read IP mode file for STMicroelectronics.X-CUBE-AZRTOS-WB.2.0.0
2023-12-04 10:26:19,116 [WARN] ConditionMgr:1039 - genDependencies : Invalid condition id : UX DEVICE CLASS RTOS Condition cause : null
2023-12-04 10:26:19,116 [WARN] ConditionMgr:1039 - genDependencies : Invalid condition id : UX DEVICE CLASS RTOS Condition cause : null
2023-12-04 10:26:19,117 [WARN] ConditionMgr:1039 - genDependencies : Invalid condition id : UX DEVICE CLASS RTOS Condition cause : null
2023-12-04 10:26:19,117 [WARN] ConditionMgr:1039 - genDependencies : Invalid condition id : UX DEVICE CLASS RTOS Condition cause : null
2023-12-04 10:26:19,117 [WARN] ConditionMgr:1039 - genDependencies : Invalid condition id : UX DEVICE CLASS RTOS Condition cause : null
2023-12-04 10:26:19,122 [WARN] PackLoader:240 - Cannot read IP mode file for STMicroelectronics.X-CUBE-SUBG2.5.0.0
2023-12-04 10:26:19,135 [WARN] PackLoader:240 - Cannot read IP mode file for STMicroelectronics.X-CUBE-AZRTOS-G4.2.0.0
2023-12-04 10:26:19,142 [WARN] PackLoader:240 - Cannot read IP mode file for Infineon.AIROC-Wi-Fi-Bluetooth-STM32.1.5.1
2023-12-04 10:26:19,146 [WARN] PackLoader:240 - Cannot read IP mode file for STMicroelectronics.FP-SNS-MOTENVWB1.1.3.1
2023-12-04 10:26:19,166 [WARN] PackLoader:240 - Cannot read IP mode file for STMicroelectronics.X-CUBE-MEMS1.10.0.0
2023-12-04 10:26:19,278 [WARN] PackLoader:240 - Cannot read IP mode file for STMicroelectronics.X-CUBE-FREERTOS.1.1.0
2023-12-04 10:26:19,281 [WARN] PackLoader:240 - Cannot read IP mode file for portGmbH.I-Cube-SoM-uGOAL.1.1.0
2023-12-04 10:26:19,283 [WARN] PackLoader:240 - Cannot read IP mode file for STMicroelectronics.X-CUBE-ALS.1.0.1
2023-12-04 10:26:19,285 [WARN] PackLoader:240 - Cannot read IP mode file for STMicroelectronics.FP-ATR-ASTRA1.2.0.0
2023-12-04 10:26:19,292 [WARN] PackLoader:240 - Cannot read IP mode file for STMicroelectronics.X-CUBE-TOF1.3.4.0
2023-12-04 10:26:19,302 [INFO] ThirdParty:978 - Integrity check success = true
2023-12-04 10:26:19,302 [INFO] IntegrityCheckThread:100 - exiting critical section [integrity check]
2023-12-04 10:26:19,302 [INFO] IntegrityCheckThread:103 - End integrity checks thread
2023-12-04 10:26:22,301 [ERROR] LogOutputStream:75 - [STDERR_REDIRECT] java.lang.StringIndexOutOfBoundsException: begin 0, end -1, length 0
2023-12-04 10:26:22,301 [ERROR] LogOutputStream:75 - [STDERR_REDIRECT] 	at java.base/java.lang.String.checkBoundsBeginEnd(String.java:4606)
2023-12-04 10:26:22,301 [ERROR] LogOutputStream:75 - [STDERR_REDIRECT] 	at java.base/java.lang.String.substring(String.java:2709)
2023-12-04 10:26:22,302 [ERROR] LogOutputStream:75 - [STDERR_REDIRECT] 	at com.st.stm32cube.ide.mcu.utils.assembly.InstructionRecord.calcJumpInstructionDirect(InstructionRecord.java:190)
2023-12-04 10:26:22,302 [ERROR] LogOutputStream:75 - [STDERR_REDIRECT] 	at com.st.stm32cube.ide.mcu.utils.assembly.InstructionRecord.isJumpInstructionDirect(InstructionRecord.java:153)
2023-12-04 10:26:22,302 [ERROR] LogOutputStream:75 - [STDERR_REDIRECT] 	at com.st.stm32cube.ide.mcu.cyclomaticcomplexity.model.CallGraph.fromInstructions(CallGraph.java:59)
2023-12-04 10:26:22,302 [ERROR] LogOutputStream:75 - [STDERR_REDIRECT] 	at com.st.stm32cube.ide.mcu.cyclomaticcomplexity.CyclomaticView.inputChanged(CyclomaticView.java:699)
2023-12-04 10:26:22,302 [ERROR] LogOutputStream:75 - [STDERR_REDIRECT] 	at com.st.stm32cube.ide.mcu.cyclomaticcomplexity.CyclomaticView.lambda$3(CyclomaticView.java:514)
2023-12-04 10:26:22,302 [ERROR] LogOutputStream:75 - [STDERR_REDIRECT] 	at java.base/java.lang.Thread.run(Thread.java:833)
2023-12-04 10:26:22,302 [ERROR] LogOutputStream:75 - [STDERR_REDIRECT] java.lang.StringIndexOutOfBoundsException: begin 0, end -1, length 0
2023-12-04 10:26:22,302 [ERROR] LogOutputStream:75 - [STDERR_REDIRECT] 	at java.base/java.lang.String.checkBoundsBeginEnd(String.java:4606)
2023-12-04 10:26:22,303 [ERROR] LogOutputStream:75 - [STDERR_REDIRECT] 	at java.base/java.lang.String.substring(String.java:2709)
2023-12-04 10:26:22,303 [ERROR] LogOutputStream:75 - [STDERR_REDIRECT] 	at com.st.stm32cube.ide.mcu.utils.assembly.InstructionRecord.calcJumpInstructionDirect(InstructionRecord.java:190)
2023-12-04 10:26:22,303 [ERROR] LogOutputStream:75 - [STDERR_REDIRECT] 	at com.st.stm32cube.ide.mcu.utils.assembly.InstructionRecord.isJumpInstructionDirect(InstructionRecord.java:153)
2023-12-04 10:26:22,303 [ERROR] LogOutputStream:75 - [STDERR_REDIRECT] 	at com.st.stm32cube.ide.mcu.cyclomaticcomplexity.model.CallGraph.fromInstructions(CallGraph.java:59)
2023-12-04 10:26:22,303 [ERROR] LogOutputStream:75 - [STDERR_REDIRECT] 	at com.st.stm32cube.ide.mcu.cyclomaticcomplexity.CyclomaticView.inputChanged(CyclomaticView.java:699)
2023-12-04 10:26:22,303 [ERROR] LogOutputStream:75 - [STDERR_REDIRECT] 	at com.st.stm32cube.ide.mcu.cyclomaticcomplexity.CyclomaticView.lambda$3(CyclomaticView.java:514)
2023-12-04 10:26:22,303 [ERROR] LogOutputStream:75 - [STDERR_REDIRECT] 	at java.base/java.lang.Thread.run(Thread.java:833)
2023-12-04 10:26:22,303 [ERROR] LogOutputStream:75 - [STDERR_REDIRECT] java.lang.StringIndexOutOfBoundsException: begin 0, end -1, length 0
2023-12-04 10:26:22,303 [ERROR] LogOutputStream:75 - [STDERR_REDIRECT] 	at java.base/java.lang.String.checkBoundsBeginEnd(String.java:4606)
2023-12-04 10:26:22,304 [ERROR] LogOutputStream:75 - [STDERR_REDIRECT] 	at java.base/java.lang.String.substring(String.java:2709)
2023-12-04 10:26:22,304 [ERROR] LogOutputStream:75 - [STDERR_REDIRECT] 	at com.st.stm32cube.ide.mcu.utils.assembly.InstructionRecord.calcJumpInstructionDirect(InstructionRecord.java:190)
2023-12-04 10:26:22,304 [ERROR] LogOutputStream:75 - [STDERR_REDIRECT] 	at com.st.stm32cube.ide.mcu.utils.assembly.InstructionRecord.isJumpInstructionDirect(InstructionRecord.java:153)
2023-12-04 10:26:22,304 [ERROR] LogOutputStream:75 - [STDERR_REDIRECT] 	at com.st.stm32cube.ide.mcu.cyclomaticcomplexity.model.CallGraph.fromInstructions(CallGraph.java:59)
2023-12-04 10:26:22,304 [ERROR] LogOutputStream:75 - [STDERR_REDIRECT] 	at com.st.stm32cube.ide.mcu.cyclomaticcomplexity.CyclomaticView.inputChanged(CyclomaticView.java:699)
2023-12-04 10:26:22,304 [ERROR] LogOutputStream:75 - [STDERR_REDIRECT] 	at com.st.stm32cube.ide.mcu.cyclomaticcomplexity.CyclomaticView.lambda$3(CyclomaticView.java:514)
2023-12-04 10:26:22,304 [ERROR] LogOutputStream:75 - [STDERR_REDIRECT] 	at java.base/java.lang.Thread.run(Thread.java:833)
2023-12-04 10:26:22,305 [ERROR] LogOutputStream:75 - [STDERR_REDIRECT] java.lang.StringIndexOutOfBoundsException: begin 0, end -1, length 0
2023-12-04 10:26:22,305 [ERROR] LogOutputStream:75 - [STDERR_REDIRECT] 	at java.base/java.lang.String.checkBoundsBeginEnd(String.java:4606)
2023-12-04 10:26:22,305 [ERROR] LogOutputStream:75 - [STDERR_REDIRECT] 	at java.base/java.lang.String.substring(String.java:2709)
2023-12-04 10:26:22,305 [ERROR] LogOutputStream:75 - [STDERR_REDIRECT] 	at com.st.stm32cube.ide.mcu.utils.assembly.InstructionRecord.calcJumpInstructionDirect(InstructionRecord.java:190)
2023-12-04 10:26:22,305 [ERROR] LogOutputStream:75 - [STDERR_REDIRECT] 	at com.st.stm32cube.ide.mcu.utils.assembly.InstructionRecord.isJumpInstructionDirect(InstructionRecord.java:153)
2023-12-04 10:26:22,305 [ERROR] LogOutputStream:75 - [STDERR_REDIRECT] 	at com.st.stm32cube.ide.mcu.cyclomaticcomplexity.model.CallGraph.fromInstructions(CallGraph.java:59)
2023-12-04 10:26:22,305 [ERROR] LogOutputStream:75 - [STDERR_REDIRECT] 	at com.st.stm32cube.ide.mcu.cyclomaticcomplexity.CyclomaticView.inputChanged(CyclomaticView.java:699)
2023-12-04 10:26:22,306 [ERROR] LogOutputStream:75 - [STDERR_REDIRECT] 	at com.st.stm32cube.ide.mcu.cyclomaticcomplexity.CyclomaticView.lambda$3(CyclomaticView.java:514)
2023-12-04 10:26:22,306 [ERROR] LogOutputStream:75 - [STDERR_REDIRECT] 	at java.base/java.lang.Thread.run(Thread.java:833)
2023-12-04 10:26:22,306 [ERROR] LogOutputStream:75 - [STDERR_REDIRECT] java.lang.StringIndexOutOfBoundsException: begin 0, end -1, length 0
2023-12-04 10:26:22,306 [ERROR] LogOutputStream:75 - [STDERR_REDIRECT] 	at java.base/java.lang.String.checkBoundsBeginEnd(String.java:4606)
2023-12-04 10:26:22,306 [ERROR] LogOutputStream:75 - [STDERR_REDIRECT] 	at java.base/java.lang.String.substring(String.java:2709)
2023-12-04 10:26:22,306 [ERROR] LogOutputStream:75 - [STDERR_REDIRECT] 	at com.st.stm32cube.ide.mcu.utils.assembly.InstructionRecord.calcJumpInstructionDirect(InstructionRecord.java:190)
2023-12-04 10:26:22,307 [ERROR] LogOutputStream:75 - [STDERR_REDIRECT] 	at com.st.stm32cube.ide.mcu.utils.assembly.InstructionRecord.isJumpInstructionDirect(InstructionRecord.java:153)
2023-12-04 10:26:22,307 [ERROR] LogOutputStream:75 - [STDERR_REDIRECT] 	at com.st.stm32cube.ide.mcu.cyclomaticcomplexity.model.CallGraph.fromInstructions(CallGraph.java:59)
2023-12-04 10:26:22,307 [ERROR] LogOutputStream:75 - [STDERR_REDIRECT] 	at com.st.stm32cube.ide.mcu.cyclomaticcomplexity.CyclomaticView.inputChanged(CyclomaticView.java:699)
2023-12-04 10:26:22,307 [ERROR] LogOutputStream:75 - [STDERR_REDIRECT] 	at com.st.stm32cube.ide.mcu.cyclomaticcomplexity.CyclomaticView.lambda$3(CyclomaticView.java:514)
2023-12-04 10:26:22,307 [ERROR] LogOutputStream:75 - [STDERR_REDIRECT] 	at java.base/java.lang.Thread.run(Thread.java:833)
2023-12-04 10:26:22,307 [ERROR] LogOutputStream:75 - [STDERR_REDIRECT] java.lang.StringIndexOutOfBoundsException: begin 0, end -1, length 0
2023-12-04 10:26:22,307 [ERROR] LogOutputStream:75 - [STDERR_REDIRECT] 	at java.base/java.lang.String.checkBoundsBeginEnd(String.java:4606)
2023-12-04 10:26:22,308 [ERROR] LogOutputStream:75 - [STDERR_REDIRECT] 	at java.base/java.lang.String.substring(String.java:2709)
2023-12-04 10:26:22,308 [ERROR] LogOutputStream:75 - [STDERR_REDIRECT] 	at com.st.stm32cube.ide.mcu.utils.assembly.InstructionRecord.calcJumpInstructionDirect(InstructionRecord.java:190)
2023-12-04 10:26:22,308 [ERROR] LogOutputStream:75 - [STDERR_REDIRECT] 	at com.st.stm32cube.ide.mcu.utils.assembly.InstructionRecord.isJumpInstructionDirect(InstructionRecord.java:153)
2023-12-04 10:26:22,308 [ERROR] LogOutputStream:75 - [STDERR_REDIRECT] 	at com.st.stm32cube.ide.mcu.cyclomaticcomplexity.model.CallGraph.fromInstructions(CallGraph.java:59)
2023-12-04 10:26:22,308 [ERROR] LogOutputStream:75 - [STDERR_REDIRECT] 	at com.st.stm32cube.ide.mcu.cyclomaticcomplexity.CyclomaticView.inputChanged(CyclomaticView.java:699)
2023-12-04 10:26:22,308 [ERROR] LogOutputStream:75 - [STDERR_REDIRECT] 	at com.st.stm32cube.ide.mcu.cyclomaticcomplexity.CyclomaticView.lambda$3(CyclomaticView.java:514)
2023-12-04 10:26:22,308 [ERROR] LogOutputStream:75 - [STDERR_REDIRECT] 	at java.base/java.lang.Thread.run(Thread.java:833)
2023-12-04 10:26:22,847 [ERROR] LogOutputStream:75 - [STDERR_REDIRECT] java.lang.StringIndexOutOfBoundsException: begin 0, end -1, length 0
2023-12-04 10:26:22,848 [ERROR] LogOutputStream:75 - [STDERR_REDIRECT] 	at java.base/java.lang.String.checkBoundsBeginEnd(String.java:4606)
2023-12-04 10:26:22,848 [ERROR] LogOutputStream:75 - [STDERR_REDIRECT] 	at java.base/java.lang.String.substring(String.java:2709)
2023-12-04 10:26:22,848 [ERROR] LogOutputStream:75 - [STDERR_REDIRECT] 	at com.st.stm32cube.ide.mcu.utils.assembly.InstructionRecord.calcJumpInstructionDirect(InstructionRecord.java:190)
2023-12-04 10:26:22,849 [ERROR] LogOutputStream:75 - [STDERR_REDIRECT] 	at com.st.stm32cube.ide.mcu.utils.assembly.InstructionRecord.isJumpInstructionDirect(InstructionRecord.java:153)
2023-12-04 10:26:22,849 [ERROR] LogOutputStream:75 - [STDERR_REDIRECT] 	at com.st.stm32cube.ide.mcu.stackanalyzer.model.CallGraph.fromInstructions(CallGraph.java:64)
2023-12-04 10:26:22,849 [ERROR] LogOutputStream:75 - [STDERR_REDIRECT] 	at com.st.stm32cube.ide.mcu.stackanalyzer.ui.StackAnalyzerView.inputChanged(StackAnalyzerView.java:960)
2023-12-04 10:26:22,849 [ERROR] LogOutputStream:75 - [STDERR_REDIRECT] 	at com.st.stm32cube.ide.mcu.stackanalyzer.ui.StackAnalyzerView.lambda$14(StackAnalyzerView.java:1262)
2023-12-04 10:26:22,850 [ERROR] LogOutputStream:75 - [STDERR_REDIRECT] 	at java.base/java.lang.Thread.run(Thread.java:833)
2023-12-04 10:26:22,850 [ERROR] LogOutputStream:75 - [STDERR_REDIRECT] java.lang.StringIndexOutOfBoundsException: begin 0, end -1, length 0
2023-12-04 10:26:22,850 [ERROR] LogOutputStream:75 - [STDERR_REDIRECT] 	at java.base/java.lang.String.checkBoundsBeginEnd(String.java:4606)
2023-12-04 10:26:22,850 [ERROR] LogOutputStream:75 - [STDERR_REDIRECT] 	at java.base/java.lang.String.substring(String.java:2709)
2023-12-04 10:26:22,851 [ERROR] LogOutputStream:75 - [STDERR_REDIRECT] 	at com.st.stm32cube.ide.mcu.utils.assembly.InstructionRecord.calcJumpInstructionDirect(InstructionRecord.java:190)
2023-12-04 10:26:22,851 [ERROR] LogOutputStream:75 - [STDERR_REDIRECT] 	at com.st.stm32cube.ide.mcu.utils.assembly.InstructionRecord.isJumpInstructionDirect(InstructionRecord.java:153)
2023-12-04 10:26:22,851 [ERROR] LogOutputStream:75 - [STDERR_REDIRECT] 	at com.st.stm32cube.ide.mcu.stackanalyzer.model.CallGraph.fromInstructions(CallGraph.java:64)
2023-12-04 10:26:22,851 [ERROR] LogOutputStream:75 - [STDERR_REDIRECT] 	at com.st.stm32cube.ide.mcu.stackanalyzer.ui.StackAnalyzerView.inputChanged(StackAnalyzerView.java:960)
2023-12-04 10:26:22,851 [ERROR] LogOutputStream:75 - [STDERR_REDIRECT] 	at com.st.stm32cube.ide.mcu.stackanalyzer.ui.StackAnalyzerView.lambda$14(StackAnalyzerView.java:1262)
2023-12-04 10:26:22,852 [ERROR] LogOutputStream:75 - [STDERR_REDIRECT] 	at java.base/java.lang.Thread.run(Thread.java:833)
2023-12-04 10:26:22,852 [ERROR] LogOutputStream:75 - [STDERR_REDIRECT] java.lang.StringIndexOutOfBoundsException: begin 0, end -1, length 0
2023-12-04 10:26:22,852 [ERROR] LogOutputStream:75 - [STDERR_REDIRECT] 	at java.base/java.lang.String.checkBoundsBeginEnd(String.java:4606)
2023-12-04 10:26:22,853 [ERROR] LogOutputStream:75 - [STDERR_REDIRECT] 	at java.base/java.lang.String.substring(String.java:2709)
2023-12-04 10:26:22,853 [ERROR] LogOutputStream:75 - [STDERR_REDIRECT] 	at com.st.stm32cube.ide.mcu.utils.assembly.InstructionRecord.calcJumpInstructionDirect(InstructionRecord.java:190)
2023-12-04 10:26:22,853 [ERROR] LogOutputStream:75 - [STDERR_REDIRECT] 	at com.st.stm32cube.ide.mcu.utils.assembly.InstructionRecord.isJumpInstructionDirect(InstructionRecord.java:153)
2023-12-04 10:26:22,854 [ERROR] LogOutputStream:75 - [STDERR_REDIRECT] 	at com.st.stm32cube.ide.mcu.stackanalyzer.model.CallGraph.fromInstructions(CallGraph.java:64)
2023-12-04 10:26:22,854 [ERROR] LogOutputStream:75 - [STDERR_REDIRECT] 	at com.st.stm32cube.ide.mcu.stackanalyzer.ui.StackAnalyzerView.inputChanged(StackAnalyzerView.java:960)
2023-12-04 10:26:22,854 [ERROR] LogOutputStream:75 - [STDERR_REDIRECT] 	at com.st.stm32cube.ide.mcu.stackanalyzer.ui.StackAnalyzerView.lambda$14(StackAnalyzerView.java:1262)
2023-12-04 10:26:22,855 [ERROR] LogOutputStream:75 - [STDERR_REDIRECT] 	at java.base/java.lang.Thread.run(Thread.java:833)
2023-12-04 10:26:22,855 [ERROR] LogOutputStream:75 - [STDERR_REDIRECT] java.lang.StringIndexOutOfBoundsException: begin 0, end -1, length 0
2023-12-04 10:26:22,855 [ERROR] LogOutputStream:75 - [STDERR_REDIRECT] 	at java.base/java.lang.String.checkBoundsBeginEnd(String.java:4606)
2023-12-04 10:26:22,856 [ERROR] LogOutputStream:75 - [STDERR_REDIRECT] 	at java.base/java.lang.String.substring(String.java:2709)
2023-12-04 10:26:22,856 [ERROR] LogOutputStream:75 - [STDERR_REDIRECT] 	at com.st.stm32cube.ide.mcu.utils.assembly.InstructionRecord.calcJumpInstructionDirect(InstructionRecord.java:190)
2023-12-04 10:26:22,856 [ERROR] LogOutputStream:75 - [STDERR_REDIRECT] 	at com.st.stm32cube.ide.mcu.utils.assembly.InstructionRecord.isJumpInstructionDirect(InstructionRecord.java:153)
2023-12-04 10:26:22,856 [ERROR] LogOutputStream:75 - [STDERR_REDIRECT] 	at com.st.stm32cube.ide.mcu.stackanalyzer.model.CallGraph.fromInstructions(CallGraph.java:64)
2023-12-04 10:26:22,857 [ERROR] LogOutputStream:75 - [STDERR_REDIRECT] 	at com.st.stm32cube.ide.mcu.stackanalyzer.ui.StackAnalyzerView.inputChanged(StackAnalyzerView.java:960)
2023-12-04 10:26:22,857 [ERROR] LogOutputStream:75 - [STDERR_REDIRECT] 	at com.st.stm32cube.ide.mcu.stackanalyzer.ui.StackAnalyzerView.lambda$14(StackAnalyzerView.java:1262)
2023-12-04 10:26:22,857 [ERROR] LogOutputStream:75 - [STDERR_REDIRECT] 	at java.base/java.lang.Thread.run(Thread.java:833)
2023-12-04 10:26:22,857 [ERROR] LogOutputStream:75 - [STDERR_REDIRECT] java.lang.StringIndexOutOfBoundsException: begin 0, end -1, length 0
2023-12-04 10:26:22,858 [ERROR] LogOutputStream:75 - [STDERR_REDIRECT] 	at java.base/java.lang.String.checkBoundsBeginEnd(String.java:4606)
2023-12-04 10:26:22,858 [ERROR] LogOutputStream:75 - [STDERR_REDIRECT] 	at java.base/java.lang.String.substring(String.java:2709)
2023-12-04 10:26:22,858 [ERROR] LogOutputStream:75 - [STDERR_REDIRECT] 	at com.st.stm32cube.ide.mcu.utils.assembly.InstructionRecord.calcJumpInstructionDirect(InstructionRecord.java:190)
2023-12-04 10:26:22,859 [ERROR] LogOutputStream:75 - [STDERR_REDIRECT] 	at com.st.stm32cube.ide.mcu.utils.assembly.InstructionRecord.isJumpInstructionDirect(InstructionRecord.java:153)
2023-12-04 10:26:22,859 [ERROR] LogOutputStream:75 - [STDERR_REDIRECT] 	at com.st.stm32cube.ide.mcu.stackanalyzer.model.CallGraph.fromInstructions(CallGraph.java:64)
2023-12-04 10:26:22,859 [ERROR] LogOutputStream:75 - [STDERR_REDIRECT] 	at com.st.stm32cube.ide.mcu.stackanalyzer.ui.StackAnalyzerView.inputChanged(StackAnalyzerView.java:960)
2023-12-04 10:26:22,860 [ERROR] LogOutputStream:75 - [STDERR_REDIRECT] 	at com.st.stm32cube.ide.mcu.stackanalyzer.ui.StackAnalyzerView.lambda$14(StackAnalyzerView.java:1262)
2023-12-04 10:26:22,860 [ERROR] LogOutputStream:75 - [STDERR_REDIRECT] 	at java.base/java.lang.Thread.run(Thread.java:833)
2023-12-04 10:26:22,860 [ERROR] LogOutputStream:75 - [STDERR_REDIRECT] java.lang.StringIndexOutOfBoundsException: begin 0, end -1, length 0
2023-12-04 10:26:22,861 [ERROR] LogOutputStream:75 - [STDERR_REDIRECT] 	at java.base/java.lang.String.checkBoundsBeginEnd(String.java:4606)
2023-12-04 10:26:22,861 [ERROR] LogOutputStream:75 - [STDERR_REDIRECT] 	at java.base/java.lang.String.substring(String.java:2709)
2023-12-04 10:26:22,861 [ERROR] LogOutputStream:75 - [STDERR_REDIRECT] 	at com.st.stm32cube.ide.mcu.utils.assembly.InstructionRecord.calcJumpInstructionDirect(InstructionRecord.java:190)
2023-12-04 10:26:22,862 [ERROR] LogOutputStream:75 - [STDERR_REDIRECT] 	at com.st.stm32cube.ide.mcu.utils.assembly.InstructionRecord.isJumpInstructionDirect(InstructionRecord.java:153)
2023-12-04 10:26:22,862 [ERROR] LogOutputStream:75 - [STDERR_REDIRECT] 	at com.st.stm32cube.ide.mcu.stackanalyzer.model.CallGraph.fromInstructions(CallGraph.java:64)
2023-12-04 10:26:22,862 [ERROR] LogOutputStream:75 - [STDERR_REDIRECT] 	at com.st.stm32cube.ide.mcu.stackanalyzer.ui.StackAnalyzerView.inputChanged(StackAnalyzerView.java:960)
2023-12-04 10:26:22,863 [ERROR] LogOutputStream:75 - [STDERR_REDIRECT] 	at com.st.stm32cube.ide.mcu.stackanalyzer.ui.StackAnalyzerView.lambda$14(StackAnalyzerView.java:1262)
2023-12-04 10:26:22,863 [ERROR] LogOutputStream:75 - [STDERR_REDIRECT] 	at java.base/java.lang.Thread.run(Thread.java:833)
2023-12-04 10:26:37,986 [ERROR] LogOutputStream:75 - [STDERR_REDIRECT] SLF4J: Failed to load class "org.slf4j.impl.StaticLoggerBinder".
2023-12-04 10:26:37,987 [ERROR] LogOutputStream:75 - [STDERR_REDIRECT] SLF4J: Defaulting to no-operation (NOP) logger implementation
2023-12-04 10:26:37,987 [ERROR] LogOutputStream:75 - [STDERR_REDIRECT] SLF4J: See http://www.slf4j.org/codes.html#StaticLoggerBinder for further details.
2023-12-04 10:26:42,837 [ERROR] LogOutputStream:75 - [STDERR_REDIRECT] Dec 04, 2023 10:26:42 AM java.util.prefs.FileSystemPreferences checkLockFile0ErrorCode
2023-12-04 10:26:42,837 [ERROR] LogOutputStream:75 - [STDERR_REDIRECT] WARNING: Could not lock System prefs. Unix error code 32622.
2023-12-04 10:26:42,837 [ERROR] LogOutputStream:75 - [STDERR_REDIRECT] 
2023-12-04 10:26:42,837 [ERROR] LogOutputStream:75 - [STDERR_REDIRECT] Dec 04, 2023 10:26:42 AM java.util.prefs.FileSystemPreferences syncWorld
2023-12-04 10:26:42,837 [ERROR] LogOutputStream:75 - [STDERR_REDIRECT] WARNING: Couldn't flush system prefs: java.util.prefs.BackingStoreException: Couldn't get file lock.
2023-12-04 10:26:42,837 [ERROR] LogOutputStream:75 - [STDERR_REDIRECT] 
2023-12-04 10:27:12,818 [ERROR] LogOutputStream:75 - [STDERR_REDIRECT] Dec 04, 2023 10:27:12 AM java.util.prefs.FileSystemPreferences checkLockFile0ErrorCode
2023-12-04 10:27:12,818 [ERROR] LogOutputStream:75 - [STDERR_REDIRECT] WARNING: Could not lock System prefs. Unix error code 32622.
2023-12-04 10:27:12,819 [ERROR] LogOutputStream:75 - [STDERR_REDIRECT] 
2023-12-04 10:27:12,819 [ERROR] LogOutputStream:75 - [STDERR_REDIRECT] Dec 04, 2023 10:27:12 AM java.util.prefs.FileSystemPreferences syncWorld
2023-12-04 10:27:12,819 [ERROR] LogOutputStream:75 - [STDERR_REDIRECT] WARNING: Couldn't flush system prefs: java.util.prefs.BackingStoreException: Couldn't get file lock.
2023-12-04 10:27:12,819 [ERROR] LogOutputStream:75 - [STDERR_REDIRECT] 
2023-12-04 10:27:42,821 [ERROR] LogOutputStream:75 - [STDERR_REDIRECT] Dec 04, 2023 10:27:42 AM java.util.prefs.FileSystemPreferences checkLockFile0ErrorCode
2023-12-04 10:27:42,821 [ERROR] LogOutputStream:75 - [STDERR_REDIRECT] WARNING: Could not lock System prefs. Unix error code 32622.
2023-12-04 10:27:42,821 [ERROR] LogOutputStream:75 - [STDERR_REDIRECT] 
2023-12-04 10:27:42,822 [ERROR] LogOutputStream:75 - [STDERR_REDIRECT] Dec 04, 2023 10:27:42 AM java.util.prefs.FileSystemPreferences syncWorld
2023-12-04 10:27:42,822 [ERROR] LogOutputStream:75 - [STDERR_REDIRECT] WARNING: Couldn't flush system prefs: java.util.prefs.BackingStoreException: Couldn't get file lock.
2023-12-04 10:27:42,822 [ERROR] LogOutputStream:75 - [STDERR_REDIRECT] 
2023-12-04 10:28:12,821 [ERROR] LogOutputStream:75 - [STDERR_REDIRECT] Dec 04, 2023 10:28:12 AM java.util.prefs.FileSystemPreferences checkLockFile0ErrorCode
2023-12-04 10:28:12,821 [ERROR] LogOutputStream:75 - [STDERR_REDIRECT] WARNING: Could not lock System prefs. Unix error code 32622.
2023-12-04 10:28:12,821 [ERROR] LogOutputStream:75 - [STDERR_REDIRECT] 
2023-12-04 10:28:12,823 [ERROR] LogOutputStream:75 - [STDERR_REDIRECT] Dec 04, 2023 10:28:12 AM java.util.prefs.FileSystemPreferences syncWorld
2023-12-04 10:28:12,823 [ERROR] LogOutputStream:75 - [STDERR_REDIRECT] WARNING: Couldn't flush system prefs: java.util.prefs.BackingStoreException: Couldn't get file lock.
2023-12-04 10:28:12,824 [ERROR] LogOutputStream:75 - [STDERR_REDIRECT] 
2023-12-04 10:28:42,821 [ERROR] LogOutputStream:75 - [STDERR_REDIRECT] Dec 04, 2023 10:28:42 AM java.util.prefs.FileSystemPreferences checkLockFile0ErrorCode
2023-12-04 10:28:42,821 [ERROR] LogOutputStream:75 - [STDERR_REDIRECT] WARNING: Could not lock System prefs. Unix error code 32622.
2023-12-04 10:28:42,821 [ERROR] LogOutputStream:75 - [STDERR_REDIRECT] 
2023-12-04 10:28:42,821 [ERROR] LogOutputStream:75 - [STDERR_REDIRECT] Dec 04, 2023 10:28:42 AM java.util.prefs.FileSystemPreferences syncWorld
2023-12-04 10:28:42,821 [ERROR] LogOutputStream:75 - [STDERR_REDIRECT] WARNING: Couldn't flush system prefs: java.util.prefs.BackingStoreException: Couldn't get file lock.
2023-12-04 10:28:42,821 [ERROR] LogOutputStream:75 - [STDERR_REDIRECT] 
2023-12-04 10:29:12,823 [ERROR] LogOutputStream:75 - [STDERR_REDIRECT] Dec 04, 2023 10:29:12 AM java.util.prefs.FileSystemPreferences checkLockFile0ErrorCode
2023-12-04 10:29:12,823 [ERROR] LogOutputStream:75 - [STDERR_REDIRECT] WARNING: Could not lock System prefs. Unix error code 32622.
2023-12-04 10:29:12,823 [ERROR] LogOutputStream:75 - [STDERR_REDIRECT] 
2023-12-04 10:29:12,824 [ERROR] LogOutputStream:75 - [STDERR_REDIRECT] Dec 04, 2023 10:29:12 AM java.util.prefs.FileSystemPreferences syncWorld
2023-12-04 10:29:12,825 [ERROR] LogOutputStream:75 - [STDERR_REDIRECT] WARNING: Couldn't flush system prefs: java.util.prefs.BackingStoreException: Couldn't get file lock.
2023-12-04 10:29:12,825 [ERROR] LogOutputStream:75 - [STDERR_REDIRECT] 
2023-12-04 10:29:42,823 [ERROR] LogOutputStream:75 - [STDERR_REDIRECT] Dec 04, 2023 10:29:42 AM java.util.prefs.FileSystemPreferences checkLockFile0ErrorCode
2023-12-04 10:29:42,824 [ERROR] LogOutputStream:75 - [STDERR_REDIRECT] WARNING: Could not lock System prefs. Unix error code 32622.
2023-12-04 10:29:42,824 [ERROR] LogOutputStream:75 - [STDERR_REDIRECT] 
2023-12-04 10:29:42,825 [ERROR] LogOutputStream:75 - [STDERR_REDIRECT] Dec 04, 2023 10:29:42 AM java.util.prefs.FileSystemPreferences syncWorld
2023-12-04 10:29:42,825 [ERROR] LogOutputStream:75 - [STDERR_REDIRECT] WARNING: Couldn't flush system prefs: java.util.prefs.BackingStoreException: Couldn't get file lock.
2023-12-04 10:29:42,826 [ERROR] LogOutputStream:75 - [STDERR_REDIRECT] 
2023-12-04 10:30:12,822 [ERROR] LogOutputStream:75 - [STDERR_REDIRECT] Dec 04, 2023 10:30:12 AM java.util.prefs.FileSystemPreferences checkLockFile0ErrorCode
2023-12-04 10:30:12,822 [ERROR] LogOutputStream:75 - [STDERR_REDIRECT] WARNING: Could not lock System prefs. Unix error code 32622.
2023-12-04 10:30:12,822 [ERROR] LogOutputStream:75 - [STDERR_REDIRECT] 
2023-12-04 10:30:12,822 [ERROR] LogOutputStream:75 - [STDERR_REDIRECT] Dec 04, 2023 10:30:12 AM java.util.prefs.FileSystemPreferences syncWorld
2023-12-04 10:30:12,822 [ERROR] LogOutputStream:75 - [STDERR_REDIRECT] WARNING: Couldn't flush system prefs: java.util.prefs.BackingStoreException: Couldn't get file lock.
2023-12-04 10:30:12,822 [ERROR] LogOutputStream:75 - [STDERR_REDIRECT] 
2023-12-04 10:30:42,822 [ERROR] LogOutputStream:75 - [STDERR_REDIRECT] Dec 04, 2023 10:30:42 AM java.util.prefs.FileSystemPreferences checkLockFile0ErrorCode
2023-12-04 10:30:42,822 [ERROR] LogOutputStream:75 - [STDERR_REDIRECT] WARNING: Could not lock System prefs. Unix error code 32622.
2023-12-04 10:30:42,822 [ERROR] LogOutputStream:75 - [STDERR_REDIRECT] 
2023-12-04 10:30:42,822 [ERROR] LogOutputStream:75 - [STDERR_REDIRECT] Dec 04, 2023 10:30:42 AM java.util.prefs.FileSystemPreferences syncWorld
2023-12-04 10:30:42,822 [ERROR] LogOutputStream:75 - [STDERR_REDIRECT] WARNING: Couldn't flush system prefs: java.util.prefs.BackingStoreException: Couldn't get file lock.
2023-12-04 10:30:42,822 [ERROR] LogOutputStream:75 - [STDERR_REDIRECT] 
2023-12-04 10:31:12,823 [ERROR] LogOutputStream:75 - [STDERR_REDIRECT] Dec 04, 2023 10:31:12 AM java.util.prefs.FileSystemPreferences checkLockFile0ErrorCode
2023-12-04 10:31:12,824 [ERROR] LogOutputStream:75 - [STDERR_REDIRECT] WARNING: Could not lock System prefs. Unix error code 32622.
2023-12-04 10:31:12,825 [ERROR] LogOutputStream:75 - [STDERR_REDIRECT] 
2023-12-04 10:31:12,826 [ERROR] LogOutputStream:75 - [STDERR_REDIRECT] Dec 04, 2023 10:31:12 AM java.util.prefs.FileSystemPreferences syncWorld
2023-12-04 10:31:12,826 [ERROR] LogOutputStream:75 - [STDERR_REDIRECT] WARNING: Couldn't flush system prefs: java.util.prefs.BackingStoreException: Couldn't get file lock.
2023-12-04 10:31:12,827 [ERROR] LogOutputStream:75 - [STDERR_REDIRECT] 
2023-12-04 10:31:42,822 [ERROR] LogOutputStream:75 - [STDERR_REDIRECT] Dec 04, 2023 10:31:42 AM java.util.prefs.FileSystemPreferences checkLockFile0ErrorCode
2023-12-04 10:31:42,823 [ERROR] LogOutputStream:75 - [STDERR_REDIRECT] WARNING: Could not lock System prefs. Unix error code 32622.
2023-12-04 10:31:42,823 [ERROR] LogOutputStream:75 - [STDERR_REDIRECT] 
2023-12-04 10:31:42,825 [ERROR] LogOutputStream:75 - [STDERR_REDIRECT] Dec 04, 2023 10:31:42 AM java.util.prefs.FileSystemPreferences syncWorld
2023-12-04 10:31:42,826 [ERROR] LogOutputStream:75 - [STDERR_REDIRECT] WARNING: Couldn't flush system prefs: java.util.prefs.BackingStoreException: Couldn't get file lock.
2023-12-04 10:31:42,826 [ERROR] LogOutputStream:75 - [STDERR_REDIRECT] 
2023-12-04 10:32:12,519 [INFO] McuFinderGlobals:63 - Set McuFinder mode to 2 (CubeIDE integrated)
2023-12-04 10:32:12,520 [INFO] MainUpdater:2873 - connection check result : 10
2023-12-04 10:32:12,521 [INFO] McuFinderGlobals:76 - Set McuFinderConnectedMode to true
2023-12-04 10:32:12,782 [INFO] ServerAccessManage:473 - Download File mcusAds.json._tmp_
2023-12-04 10:32:12,821 [ERROR] LogOutputStream:75 - [STDERR_REDIRECT] Dec 04, 2023 10:32:12 AM java.util.prefs.FileSystemPreferences checkLockFile0ErrorCode
2023-12-04 10:32:12,821 [ERROR] LogOutputStream:75 - [STDERR_REDIRECT] WARNING: Could not lock System prefs. Unix error code 32622.
2023-12-04 10:32:12,821 [ERROR] LogOutputStream:75 - [STDERR_REDIRECT] 
2023-12-04 10:32:12,821 [ERROR] LogOutputStream:75 - [STDERR_REDIRECT] Dec 04, 2023 10:32:12 AM java.util.prefs.FileSystemPreferences syncWorld
2023-12-04 10:32:12,821 [ERROR] LogOutputStream:75 - [STDERR_REDIRECT] WARNING: Couldn't flush system prefs: java.util.prefs.BackingStoreException: Couldn't get file lock.
2023-12-04 10:32:12,821 [ERROR] LogOutputStream:75 - [STDERR_REDIRECT] 
2023-12-04 10:32:12,888 [INFO] LoadUrlFilesThread:156 - End of LoadUrlFiles Thread
2023-12-04 10:32:13,330 [INFO] ServerAccessManage:473 - Download File cube-finder-db.zip
2023-12-04 10:32:14,697 [INFO] FileExtend:240 - Unzip File : cube-finder-db.zip
2023-12-04 10:32:14,698 [INFO] FileExtend:255 - Standard Zip Deflate
2023-12-04 10:32:15,199 [INFO] LoadUrlFilesThread:156 - End of LoadUrlFiles Thread
2023-12-04 10:32:16,229 [INFO] ServerAccessManage:473 - Download File crdb.zip
2023-12-04 10:32:17,120 [INFO] FileExtend:240 - Unzip File : crdb.zip
2023-12-04 10:32:17,120 [INFO] FileExtend:255 - Standard Zip Deflate
2023-12-04 10:32:17,240 [INFO] LoadUrlFilesThread:156 - End of LoadUrlFiles Thread
2023-12-04 10:32:18,604 [INFO] ServerAccessManage:473 - Download File tutoVideoDB.zip
2023-12-04 10:32:18,700 [INFO] FileExtend:240 - Unzip File : tutoVideoDB.zip
2023-12-04 10:32:18,701 [INFO] FileExtend:255 - Standard Zip Deflate
2023-12-04 10:32:18,822 [INFO] LoadUrlFilesThread:156 - End of LoadUrlFiles Thread
2023-12-04 10:32:18,823 [WARN] DbFile:41 - Overriding database path with different value: /home/tyler/.stmcufinder/plugins/mcufinder/ => /home/tyler/.stmcufinder/plugins/mcufinder
2023-12-04 10:32:19,172 [INFO] ServerAccessManage:473 - Download File api_config.json
2023-12-04 10:32:19,277 [INFO] LoadUrlFilesThread:156 - End of LoadUrlFiles Thread
2023-12-04 10:32:19,280 [INFO] DbMcusAds:53 - JSON generation date=Wed Nov 29 04:52:38 CST 2023 (1701255158764)
2023-12-04 10:32:19,563 [INFO] ServerAccessManage:473 - Download File 
2023-12-04 10:32:19,591 [INFO] LoadUrlFilesThread:185 - End of LoadServerUrlFiles without Thread
2023-12-04 10:32:19,591 [INFO] TargetSelectorAdapter:259 - Refresh data is successful
2023-12-04 10:32:19,686 [INFO] ApiDb:581 - Connected to CubeFinder SQLite database (/home/tyler/.stmcufinder/plugins/mcufinder/mcu/cube-finder-db.db)
2023-12-04 10:32:19,726 [INFO] ApiDb:668 - CubeFinder database Data Model version=2.1
2023-12-04 10:32:19,726 [INFO] ApiDb:669 - CubeFinder database Configuration version=3.0.39
2023-12-04 10:32:19,726 [INFO] ApiDb:670 - CubeFinder database generation date=2023-11-06 (1699269565)
2023-12-04 10:32:19,726 [INFO] ApiDb:671 - CubeFinder database FW Pack versions=[FP-ATR-ASTRA1_V2.0.0, FP-SNS-FLIGHT1_V5.0.1, FP-SNS-FLIGHT1_V5.0.2, FP-SNS-MOTENV1_V4.3.1, FP-SNS-MOTENV1_V4.3.2, FP-SNS-MOTENVWB1_V1.3.0, FP-SNS-SMARTAG2_V1.2.0, STM32Cube_FW_C0_V1.1.0, STM32Cube_FW_F4_V1.28.0, STM32Cube_FW_F7_V1.17.0, STM32Cube_FW_G0_V1.6.1, STM32Cube_FW_G4_V1.5.1, STM32Cube_FW_H5_V0.5.1, STM32Cube_FW_H5_V1.1.1, STM32Cube_FW_H5_V1.2.0RC2, STM32Cube_FW_H7_V1.11.0, STM32Cube_FW_L0_V1.12.2, STM32Cube_FW_L5_V1.5.0, STM32Cube_FW_U5_V1.3.0RC4, STM32Cube_FW_U5_V1.4.0, STM32Cube_FW_WBA_V1.0.0RC1, STM32Cube_FW_WBA_V1.1.0RC1, STM32Cube_FW_WBA_V1.2.0, STM32Cube_FW_WBA_V1.2.0RC2, STM32Cube_FW_WB_V1.15.0RC1, STM32Cube_FW_WB_V1.16.0, STM32Cube_FW_WB_V1.16.0RC2, STM32Cube_FW_WB_V1.18.0, STM32Cube_FW_WL_V1.3.0, X-CUBE-ALGOBUILD_V1.3.0, X-CUBE-ALS_V1.0.1, X-CUBE-AZRTOS-F4_V1.1.0, X-CUBE-AZRTOS-F7_V1.1.0, X-CUBE-AZRTOS-G0_V1.1.0, X-CUBE-AZRTOS-G4_V2.0.0, X-CUBE-AZRTOS-H7_V3.1.0, X-CUBE-AZRTOS-L4_V1.0.0, X-CUBE-AZRTOS-L4_V2.0.0, X-CUBE-AZRTOS-L5_V1.1.0, X-CUBE-AZRTOS-WB_V2.0.0, X-CUBE-AZRTOS-WL_V2.0.0, X-CUBE-BLE1_V7.0.0, X-CUBE-BLE2_V3.3.0, X-CUBE-BLEMGR_V2.0.0, X-CUBE-EEPRMA1_V4.1.0, X-CUBE-EEPRMA1_V4.2.0, X-CUBE-FREERTOS_V1.1.0, X-CUBE-GNSS1_V6.0.0, X-CUBE-MEMS1_V10.0.0, X-CUBE-MEMS1_V9.1.0, X-CUBE-MEMS1_V9.4.0, X-CUBE-MEMS1_V9.6.0, X-CUBE-NFC4_V3.0.0, X-CUBE-NFC7_V1.0.1, X-CUBE-SFXS2LP1_V4.0.0, X-CUBE-SUBG2_V5.0.0, X-CUBE-TOF1_V3.3.1]
2023-12-04 10:32:21,168 [INFO] ApiDb:240 - Found 371 in-development CPN: [B-G473E-ZEST1S, B-WB1M-WPAN1, B-WL5M-SUBG1, NUCLEO-C031C6, NUCLEO-H503RB, NUCLEO-H563ZI, NUCLEO-U545RE-Q, NUCLEO-U5A5ZJ-Q, NUCLEO-WBA52CG, NUCLEO-WBA55CG, STEVAL-MKBOXPRO, STEVAL-PROTEUS1, STEVAL-STWINBX1, STM320518-EVAL, STM32C0116-DK, STM32C011D6Y3TR, STM32C011D6Y6TR, STM32C011F4P3, STM32C011F4P6, STM32C011F4U3, STM32C011F4U6TR, STM32C011F6P3, STM32C011F6P6, STM32C011F6U3, STM32C011F6U6TR, STM32C011J4M3, STM32C011J4M6, STM32C011J6M3, STM32C011J6M6, STM32C0316-DK, STM32C031C4T3, STM32C031C4T6, STM32C031C4U3, STM32C031C4U6, STM32C031C6T3, STM32C031C6T6, STM32C031C6U3, STM32C031C6U6, STM32C031F4P3, STM32C031F4P6, STM32C031F6P3, STM32C031F6P6, STM32C031G4U3, STM32C031G4U6, STM32C031G6U3, STM32C031G6U6, STM32C031K4T3, STM32C031K4T6, STM32C031K4U3, STM32C031K4U6, STM32C031K6T3, STM32C031K6T6, STM32C031K6U3, STM32C031K6U6, STM32G071K8TXN, STM32G071K8UXN, STM32G081GBU6N, STM32G081KBT6N, STM32G081KBUXN, STM32G0B1CCT6N, STM32G0B1KCT6, STM32G0B1NEY6TR, STM32G0B1RCT6N, STM32G0C1CCT6, STM32G0C1CCT6N, STM32G0C1CCU6N, STM32G0C1CET6N, STM32G0C1CEU6N, STM32G0C1KCT6, STM32G0C1NEY6TR, STM32G0C1RCI6N, STM32G0C1RCT6N, STM32G0C1REI6N, STM32G0C1RET6N, STM32G0C1VCI6, STM32G0C1VEI6, STM32G471CCT6, STM32G471CCU6, STM32G471CET3, STM32G471CET6, STM32G471CEU3, STM32G471CEU6, STM32G471MCT6, STM32G471MET3, STM32G471MET6, STM32G471MEY6TR, STM32G471QCT6, STM32G471QET3, STM32G471RCT6, STM32G471RET3, STM32G471RET6, STM32G471VCH6, STM32G471VCI6, STM32G471VCT6, STM32G471VEH3, STM32G471VEH6, STM32G471VEI3, STM32G471VEI6, STM32G471VET3, STM32G471VET6, STM32G474CCT6, STM32H503CBT6, STM32H503CBU6, STM32H503EBY6TR, STM32H503KBU6, STM32H503RBT6, STM32H562AGI6, STM32H562AII6, STM32H562IGK6, STM32H562IGT6, STM32H562IIK6, STM32H562IIT6, STM32H562RGT6, STM32H562RGV6, STM32H562RIT6, STM32H562RIV6, STM32H562VGT6, STM32H562VIT6, STM32H562ZGT6, STM32H562ZIT6, STM32H563AGI6, STM32H563AII3Q, STM32H563AII6, STM32H563IGK6, STM32H563IGT6, STM32H563IIK3Q, STM32H563IIK6, STM32H563IIT3Q, STM32H563IIT6, STM32H563MIY3QTR, STM32H563RGT6, STM32H563RGV6, STM32H563RIT6, STM32H563RIV6, STM32H563VGT6, STM32H563VIT3Q, STM32H563VIT6, STM32H563ZGT6, STM32H563ZIT3Q, STM32H563ZIT6, STM32H573AII3Q, STM32H573AII6, STM32H573I-DK, STM32H573IIK3Q, STM32H573IIK6, STM32H573IIT3Q, STM32H573IIT6, STM32H573MIY3QTR, STM32H573RIT6, STM32H573RIV6, STM32H573VIT3Q, STM32H573VIT6, STM32H573ZIT3Q, STM32H573ZIT6, STM32L4R5QGI6STR, STM32MP131AAE3, STM32MP131AAF3, STM32MP131AAG3, STM32MP131CAE3, STM32MP131CAF3, STM32MP131CAG3, STM32MP131DAE7, STM32MP131DAF7, STM32MP131DAG7, STM32MP131FAE7, STM32MP131FAF7, STM32MP131FAG7, STM32MP133AAE3, STM32MP133AAF3, STM32MP133AAG3, STM32MP133CAE3, STM32MP133CAF3, STM32MP133CAG3, STM32MP133DAE7, STM32MP133DAF7, STM32MP133DAG7, STM32MP133FAE7, STM32MP133FAF7, STM32MP133FAG7, STM32MP135AAE3, STM32MP135AAF3, STM32MP135AAG3, STM32MP135CAE3, STM32MP135CAF3, STM32MP135CAG3, STM32MP135DAE7, STM32MP135DAF7, STM32MP135DAG7, STM32MP135F-DK, STM32MP135FAE7, STM32MP135FAF7, STM32MP135FAF7T, STM32MP135FAF7U, STM32MP135FAG7, STM32U535CBT6, STM32U535CBT6Q, STM32U535CBU6, STM32U535CBU6Q, STM32U535CCT6, STM32U535CCT6Q, STM32U535CCU6, STM32U535CCU6Q, STM32U535CET6, STM32U535CET6Q, STM32U535CEU6, STM32U535CEU6Q, STM32U535JEY6QTR, STM32U535NCY6QTR, STM32U535NEY6QTR, STM32U535RBI6, STM32U535RBI6Q, STM32U535RBT6, STM32U535RBT6Q, STM32U535RCI6, STM32U535RCI6Q, STM32U535RCT6, STM32U535RCT6Q, STM32U535REI6, STM32U535REI6Q, STM32U535RET6, STM32U535RET6Q, STM32U535VCI6, STM32U535VCI6Q, STM32U535VCT6, STM32U535VCT6Q, STM32U535VEI6, STM32U535VEI6Q, STM32U535VET6, STM32U535VET6Q, STM32U545CET6, STM32U545CET6Q, STM32U545CEU6, STM32U545CEU6Q, STM32U545JEY6QTR, STM32U545NEY6QTR, STM32U545REI6, STM32U545REI6Q, STM32U545RET6, STM32U545RET6Q, STM32U545VEI6, STM32U545VEI6Q, STM32U545VET6, STM32U545VET6Q, STM32U595AIH6, STM32U595AIH6Q, STM32U595AJH6, STM32U595AJH6Q, STM32U595QII6, STM32U595QII6Q, STM32U595QJI6, STM32U595QJI6Q, STM32U595RIT6, STM32U595RIT6Q, STM32U595RJT6, STM32U595RJT6Q, STM32U595VIT6, STM32U595VIT6Q, STM32U595VJT6, STM32U595VJT6Q, STM32U595ZIT6, STM32U595ZIT6Q, STM32U595ZIY6QTR, STM32U595ZJT6, STM32U595ZJT6Q, STM32U595ZJY6QTR, STM32U599BJY6QTR, STM32U599NIH6Q, STM32U599NJH6Q, STM32U599VIT6Q, STM32U599VJT6, STM32U599VJT6Q, STM32U599ZIT6Q, STM32U599ZIY6QTR, STM32U599ZJT6Q, STM32U599ZJY6QTR, STM32U5A5AJH6, STM32U5A5AJH6Q, STM32U5A5QJI6, STM32U5A5QJI6Q, STM32U5A5RJT6, STM32U5A5RJT6Q, STM32U5A5VJT6, STM32U5A5VJT6Q, STM32U5A5ZJT6, STM32U5A5ZJT6Q, STM32U5A5ZJY6QTR, STM32U5A9BJY6QTR, STM32U5A9J-DK, STM32U5A9NJH6Q, STM32U5A9VJT6Q, STM32U5A9ZJT6Q, STM32U5A9ZJY6QTR, STM32U5F7VIT6, STM32U5F7VIT6Q, STM32U5F7VJT6, STM32U5F7VJT6Q, STM32U5F9BJY6QTR, STM32U5F9NJH6Q, STM32U5F9VIT6Q, STM32U5F9VJT6Q, STM32U5F9ZIJ6QTR, STM32U5F9ZIT6Q, STM32U5F9ZJJ6QTR, STM32U5F9ZJT6Q, STM32U5G7VJT6, STM32U5G7VJT6Q, STM32U5G9BJY6QTR, STM32U5G9J-DK1, STM32U5G9J-DK2, STM32U5G9NJH6Q, STM32U5G9VJT6Q, STM32U5G9ZJJ6QTR, STM32U5G9ZJT6Q, STM32WB1MMCH6, STM32WBA50KEU6, STM32WBA50KEU6TR, STM32WBA50KGU6, STM32WBA50KGU6TR, STM32WBA52CEU6, STM32WBA52CEU6TR, STM32WBA52CEU7, STM32WBA52CEU7TR, STM32WBA52CGU6, STM32WBA52CGU6TR, STM32WBA52CGU6U, STM32WBA52CGU7, STM32WBA52CGU7TR, STM32WBA52KEU6, STM32WBA52KEU6TR, STM32WBA52KGU6, STM32WBA52KGU6TR, STM32WBA54CEU6, STM32WBA54CEU6TR, STM32WBA54CEU7, STM32WBA54CEU7TR, STM32WBA54CGU6, STM32WBA54CGU6TR, STM32WBA54CGU7, STM32WBA54CGU7TR, STM32WBA54KEU6, STM32WBA54KEU6TR, STM32WBA54KEU7, STM32WBA54KEU7TR, STM32WBA54KGU6, STM32WBA54KGU6TR, STM32WBA54KGU7, STM32WBA54KGU7TR, STM32WBA55CEU6, STM32WBA55CEU6TR, STM32WBA55CEU7, STM32WBA55CEU7TR, STM32WBA55CGU6, STM32WBA55CGU6TR, STM32WBA55CGU6U, STM32WBA55CGU7, STM32WBA55CGU7TR, STM32WBA55G-DK1, STM32WBA55HEF6, STM32WBA55HEF7, STM32WBA55HGF6, STM32WBA55HGF7, STM32WBA55UEI6, STM32WBA55UEI6TR, STM32WBA55UEI7, STM32WBA55UEI7TR, STM32WBA55UGI6, STM32WBA55UGI6TR, STM32WBA55UGI7, STM32WBA55UGI7TR, STM32WL5MOCH6, STM32WL5MOCH6TR]
2023-12-04 10:32:21,171 [INFO] DbMcus:218 - Found 3930 MCUs, 3930 are supported
2023-12-04 10:32:21,171 [INFO] ApiDb:414 - User favorites file not found: /home/tyler/.stm32cubeide/favorites.mcus.txt
2023-12-04 10:32:21,171 [INFO] DbMcus:224 - Set 0 / 0 favorites MCUs
2023-12-04 10:32:21,356 [INFO] ApiDb:668 - CubeFinder database Data Model version=2.1
2023-12-04 10:32:21,356 [INFO] ApiDb:669 - CubeFinder database Configuration version=3.0.39
2023-12-04 10:32:21,356 [INFO] ApiDb:670 - CubeFinder database generation date=2023-11-06 (1699269565)
2023-12-04 10:32:21,356 [INFO] ApiDb:671 - CubeFinder database FW Pack versions=[FP-ATR-ASTRA1_V2.0.0, FP-SNS-FLIGHT1_V5.0.1, FP-SNS-FLIGHT1_V5.0.2, FP-SNS-MOTENV1_V4.3.1, FP-SNS-MOTENV1_V4.3.2, FP-SNS-MOTENVWB1_V1.3.0, FP-SNS-SMARTAG2_V1.2.0, STM32Cube_FW_C0_V1.1.0, STM32Cube_FW_F4_V1.28.0, STM32Cube_FW_F7_V1.17.0, STM32Cube_FW_G0_V1.6.1, STM32Cube_FW_G4_V1.5.1, STM32Cube_FW_H5_V0.5.1, STM32Cube_FW_H5_V1.1.1, STM32Cube_FW_H5_V1.2.0RC2, STM32Cube_FW_H7_V1.11.0, STM32Cube_FW_L0_V1.12.2, STM32Cube_FW_L5_V1.5.0, STM32Cube_FW_U5_V1.3.0RC4, STM32Cube_FW_U5_V1.4.0, STM32Cube_FW_WBA_V1.0.0RC1, STM32Cube_FW_WBA_V1.1.0RC1, STM32Cube_FW_WBA_V1.2.0, STM32Cube_FW_WBA_V1.2.0RC2, STM32Cube_FW_WB_V1.15.0RC1, STM32Cube_FW_WB_V1.16.0, STM32Cube_FW_WB_V1.16.0RC2, STM32Cube_FW_WB_V1.18.0, STM32Cube_FW_WL_V1.3.0, X-CUBE-ALGOBUILD_V1.3.0, X-CUBE-ALS_V1.0.1, X-CUBE-AZRTOS-F4_V1.1.0, X-CUBE-AZRTOS-F7_V1.1.0, X-CUBE-AZRTOS-G0_V1.1.0, X-CUBE-AZRTOS-G4_V2.0.0, X-CUBE-AZRTOS-H7_V3.1.0, X-CUBE-AZRTOS-L4_V1.0.0, X-CUBE-AZRTOS-L4_V2.0.0, X-CUBE-AZRTOS-L5_V1.1.0, X-CUBE-AZRTOS-WB_V2.0.0, X-CUBE-AZRTOS-WL_V2.0.0, X-CUBE-BLE1_V7.0.0, X-CUBE-BLE2_V3.3.0, X-CUBE-BLEMGR_V2.0.0, X-CUBE-EEPRMA1_V4.1.0, X-CUBE-EEPRMA1_V4.2.0, X-CUBE-FREERTOS_V1.1.0, X-CUBE-GNSS1_V6.0.0, X-CUBE-MEMS1_V10.0.0, X-CUBE-MEMS1_V9.1.0, X-CUBE-MEMS1_V9.4.0, X-CUBE-MEMS1_V9.6.0, X-CUBE-NFC4_V3.0.0, X-CUBE-NFC7_V1.0.1, X-CUBE-SFXS2LP1_V4.0.0, X-CUBE-SUBG2_V5.0.0, X-CUBE-TOF1_V3.3.1]
2023-12-04 10:32:21,393 [INFO] DbBoardsSqlite:226 - include board P-NUCLEO-WB55-NUCLEO as a kit item of type 'Nucleo-64'
2023-12-04 10:32:21,393 [INFO] DbBoardsSqlite:226 - include board P-NUCLEO-WB55-USBDONGLE as a kit item of type 'Nucleo USB Dongle'
2023-12-04 10:32:21,394 [INFO] DbBoardsSqlite:226 - include board STEVAL-IDP005V1 as a kit item of type 'Evaluation Board'
2023-12-04 10:32:21,394 [INFO] DbBoardsSqlite:226 - include board STEVAL-IDP005V2 as a kit item of type 'Evaluation Board'
2023-12-04 10:32:21,422 [INFO] ApiDb:240 - Found 371 in-development CPN: [B-G473E-ZEST1S, B-WB1M-WPAN1, B-WL5M-SUBG1, NUCLEO-C031C6, NUCLEO-H503RB, NUCLEO-H563ZI, NUCLEO-U545RE-Q, NUCLEO-U5A5ZJ-Q, NUCLEO-WBA52CG, NUCLEO-WBA55CG, STEVAL-MKBOXPRO, STEVAL-PROTEUS1, STEVAL-STWINBX1, STM320518-EVAL, STM32C0116-DK, STM32C011D6Y3TR, STM32C011D6Y6TR, STM32C011F4P3, STM32C011F4P6, STM32C011F4U3, STM32C011F4U6TR, STM32C011F6P3, STM32C011F6P6, STM32C011F6U3, STM32C011F6U6TR, STM32C011J4M3, STM32C011J4M6, STM32C011J6M3, STM32C011J6M6, STM32C0316-DK, STM32C031C4T3, STM32C031C4T6, STM32C031C4U3, STM32C031C4U6, STM32C031C6T3, STM32C031C6T6, STM32C031C6U3, STM32C031C6U6, STM32C031F4P3, STM32C031F4P6, STM32C031F6P3, STM32C031F6P6, STM32C031G4U3, STM32C031G4U6, STM32C031G6U3, STM32C031G6U6, STM32C031K4T3, STM32C031K4T6, STM32C031K4U3, STM32C031K4U6, STM32C031K6T3, STM32C031K6T6, STM32C031K6U3, STM32C031K6U6, STM32G071K8TXN, STM32G071K8UXN, STM32G081GBU6N, STM32G081KBT6N, STM32G081KBUXN, STM32G0B1CCT6N, STM32G0B1KCT6, STM32G0B1NEY6TR, STM32G0B1RCT6N, STM32G0C1CCT6, STM32G0C1CCT6N, STM32G0C1CCU6N, STM32G0C1CET6N, STM32G0C1CEU6N, STM32G0C1KCT6, STM32G0C1NEY6TR, STM32G0C1RCI6N, STM32G0C1RCT6N, STM32G0C1REI6N, STM32G0C1RET6N, STM32G0C1VCI6, STM32G0C1VEI6, STM32G471CCT6, STM32G471CCU6, STM32G471CET3, STM32G471CET6, STM32G471CEU3, STM32G471CEU6, STM32G471MCT6, STM32G471MET3, STM32G471MET6, STM32G471MEY6TR, STM32G471QCT6, STM32G471QET3, STM32G471RCT6, STM32G471RET3, STM32G471RET6, STM32G471VCH6, STM32G471VCI6, STM32G471VCT6, STM32G471VEH3, STM32G471VEH6, STM32G471VEI3, STM32G471VEI6, STM32G471VET3, STM32G471VET6, STM32G474CCT6, STM32H503CBT6, STM32H503CBU6, STM32H503EBY6TR, STM32H503KBU6, STM32H503RBT6, STM32H562AGI6, STM32H562AII6, STM32H562IGK6, STM32H562IGT6, STM32H562IIK6, STM32H562IIT6, STM32H562RGT6, STM32H562RGV6, STM32H562RIT6, STM32H562RIV6, STM32H562VGT6, STM32H562VIT6, STM32H562ZGT6, STM32H562ZIT6, STM32H563AGI6, STM32H563AII3Q, STM32H563AII6, STM32H563IGK6, STM32H563IGT6, STM32H563IIK3Q, STM32H563IIK6, STM32H563IIT3Q, STM32H563IIT6, STM32H563MIY3QTR, STM32H563RGT6, STM32H563RGV6, STM32H563RIT6, STM32H563RIV6, STM32H563VGT6, STM32H563VIT3Q, STM32H563VIT6, STM32H563ZGT6, STM32H563ZIT3Q, STM32H563ZIT6, STM32H573AII3Q, STM32H573AII6, STM32H573I-DK, STM32H573IIK3Q, STM32H573IIK6, STM32H573IIT3Q, STM32H573IIT6, STM32H573MIY3QTR, STM32H573RIT6, STM32H573RIV6, STM32H573VIT3Q, STM32H573VIT6, STM32H573ZIT3Q, STM32H573ZIT6, STM32L4R5QGI6STR, STM32MP131AAE3, STM32MP131AAF3, STM32MP131AAG3, STM32MP131CAE3, STM32MP131CAF3, STM32MP131CAG3, STM32MP131DAE7, STM32MP131DAF7, STM32MP131DAG7, STM32MP131FAE7, STM32MP131FAF7, STM32MP131FAG7, STM32MP133AAE3, STM32MP133AAF3, STM32MP133AAG3, STM32MP133CAE3, STM32MP133CAF3, STM32MP133CAG3, STM32MP133DAE7, STM32MP133DAF7, STM32MP133DAG7, STM32MP133FAE7, STM32MP133FAF7, STM32MP133FAG7, STM32MP135AAE3, STM32MP135AAF3, STM32MP135AAG3, STM32MP135CAE3, STM32MP135CAF3, STM32MP135CAG3, STM32MP135DAE7, STM32MP135DAF7, STM32MP135DAG7, STM32MP135F-DK, STM32MP135FAE7, STM32MP135FAF7, STM32MP135FAF7T, STM32MP135FAF7U, STM32MP135FAG7, STM32U535CBT6, STM32U535CBT6Q, STM32U535CBU6, STM32U535CBU6Q, STM32U535CCT6, STM32U535CCT6Q, STM32U535CCU6, STM32U535CCU6Q, STM32U535CET6, STM32U535CET6Q, STM32U535CEU6, STM32U535CEU6Q, STM32U535JEY6QTR, STM32U535NCY6QTR, STM32U535NEY6QTR, STM32U535RBI6, STM32U535RBI6Q, STM32U535RBT6, STM32U535RBT6Q, STM32U535RCI6, STM32U535RCI6Q, STM32U535RCT6, STM32U535RCT6Q, STM32U535REI6, STM32U535REI6Q, STM32U535RET6, STM32U535RET6Q, STM32U535VCI6, STM32U535VCI6Q, STM32U535VCT6, STM32U535VCT6Q, STM32U535VEI6, STM32U535VEI6Q, STM32U535VET6, STM32U535VET6Q, STM32U545CET6, STM32U545CET6Q, STM32U545CEU6, STM32U545CEU6Q, STM32U545JEY6QTR, STM32U545NEY6QTR, STM32U545REI6, STM32U545REI6Q, STM32U545RET6, STM32U545RET6Q, STM32U545VEI6, STM32U545VEI6Q, STM32U545VET6, STM32U545VET6Q, STM32U595AIH6, STM32U595AIH6Q, STM32U595AJH6, STM32U595AJH6Q, STM32U595QII6, STM32U595QII6Q, STM32U595QJI6, STM32U595QJI6Q, STM32U595RIT6, STM32U595RIT6Q, STM32U595RJT6, STM32U595RJT6Q, STM32U595VIT6, STM32U595VIT6Q, STM32U595VJT6, STM32U595VJT6Q, STM32U595ZIT6, STM32U595ZIT6Q, STM32U595ZIY6QTR, STM32U595ZJT6, STM32U595ZJT6Q, STM32U595ZJY6QTR, STM32U599BJY6QTR, STM32U599NIH6Q, STM32U599NJH6Q, STM32U599VIT6Q, STM32U599VJT6, STM32U599VJT6Q, STM32U599ZIT6Q, STM32U599ZIY6QTR, STM32U599ZJT6Q, STM32U599ZJY6QTR, STM32U5A5AJH6, STM32U5A5AJH6Q, STM32U5A5QJI6, STM32U5A5QJI6Q, STM32U5A5RJT6, STM32U5A5RJT6Q, STM32U5A5VJT6, STM32U5A5VJT6Q, STM32U5A5ZJT6, STM32U5A5ZJT6Q, STM32U5A5ZJY6QTR, STM32U5A9BJY6QTR, STM32U5A9J-DK, STM32U5A9NJH6Q, STM32U5A9VJT6Q, STM32U5A9ZJT6Q, STM32U5A9ZJY6QTR, STM32U5F7VIT6, STM32U5F7VIT6Q, STM32U5F7VJT6, STM32U5F7VJT6Q, STM32U5F9BJY6QTR, STM32U5F9NJH6Q, STM32U5F9VIT6Q, STM32U5F9VJT6Q, STM32U5F9ZIJ6QTR, STM32U5F9ZIT6Q, STM32U5F9ZJJ6QTR, STM32U5F9ZJT6Q, STM32U5G7VJT6, STM32U5G7VJT6Q, STM32U5G9BJY6QTR, STM32U5G9J-DK1, STM32U5G9J-DK2, STM32U5G9NJH6Q, STM32U5G9VJT6Q, STM32U5G9ZJJ6QTR, STM32U5G9ZJT6Q, STM32WB1MMCH6, STM32WBA50KEU6, STM32WBA50KEU6TR, STM32WBA50KGU6, STM32WBA50KGU6TR, STM32WBA52CEU6, STM32WBA52CEU6TR, STM32WBA52CEU7, STM32WBA52CEU7TR, STM32WBA52CGU6, STM32WBA52CGU6TR, STM32WBA52CGU6U, STM32WBA52CGU7, STM32WBA52CGU7TR, STM32WBA52KEU6, STM32WBA52KEU6TR, STM32WBA52KGU6, STM32WBA52KGU6TR, STM32WBA54CEU6, STM32WBA54CEU6TR, STM32WBA54CEU7, STM32WBA54CEU7TR, STM32WBA54CGU6, STM32WBA54CGU6TR, STM32WBA54CGU7, STM32WBA54CGU7TR, STM32WBA54KEU6, STM32WBA54KEU6TR, STM32WBA54KEU7, STM32WBA54KEU7TR, STM32WBA54KGU6, STM32WBA54KGU6TR, STM32WBA54KGU7, STM32WBA54KGU7TR, STM32WBA55CEU6, STM32WBA55CEU6TR, STM32WBA55CEU7, STM32WBA55CEU7TR, STM32WBA55CGU6, STM32WBA55CGU6TR, STM32WBA55CGU6U, STM32WBA55CGU7, STM32WBA55CGU7TR, STM32WBA55G-DK1, STM32WBA55HEF6, STM32WBA55HEF7, STM32WBA55HGF6, STM32WBA55HGF7, STM32WBA55UEI6, STM32WBA55UEI6TR, STM32WBA55UEI7, STM32WBA55UEI7TR, STM32WBA55UGI6, STM32WBA55UGI6TR, STM32WBA55UGI7, STM32WBA55UGI7TR, STM32WL5MOCH6, STM32WL5MOCH6TR]
2023-12-04 10:32:21,500 [INFO] BoardInfo:889 - No configuration file found for board P-NUCLEO-WB55
2023-12-04 10:32:21,500 [INFO] DbBoards:161 - Kit is not supported: P-NUCLEO-WB55
2023-12-04 10:32:21,504 [INFO] BoardInfo:889 - No configuration file found for board STEVAL-BFA001V1B
2023-12-04 10:32:21,504 [INFO] DbBoards:161 - Kit is not supported: STEVAL-BFA001V1B
2023-12-04 10:32:21,505 [INFO] BoardInfo:889 - No configuration file found for board STEVAL-BFA001V2B
2023-12-04 10:32:21,505 [INFO] DbBoards:161 - Kit is not supported: STEVAL-BFA001V2B
2023-12-04 10:32:21,597 [INFO] DbBoards:168 - Found 193 boards, 190 are supported
2023-12-04 10:32:21,597 [INFO] DbBoards:169 - Found 193 boards, 3 of them is supported for  Bsp
2023-12-04 10:32:21,599 [INFO] ApiDb:414 - User favorites file not found: /home/tyler/.stm32cubeide/favorites.boards.txt
2023-12-04 10:32:21,599 [INFO] DbBoards:198 - Set 0 / 0 favorites Boards
2023-12-04 10:32:21,600 [INFO] ApiDb:668 - CubeFinder database Data Model version=2.1
2023-12-04 10:32:21,600 [INFO] ApiDb:669 - CubeFinder database Configuration version=3.0.39
2023-12-04 10:32:21,601 [INFO] ApiDb:670 - CubeFinder database generation date=2023-11-06 (1699269565)
2023-12-04 10:32:21,601 [INFO] ApiDb:671 - CubeFinder database FW Pack versions=[FP-ATR-ASTRA1_V2.0.0, FP-SNS-FLIGHT1_V5.0.1, FP-SNS-FLIGHT1_V5.0.2, FP-SNS-MOTENV1_V4.3.1, FP-SNS-MOTENV1_V4.3.2, FP-SNS-MOTENVWB1_V1.3.0, FP-SNS-SMARTAG2_V1.2.0, STM32Cube_FW_C0_V1.1.0, STM32Cube_FW_F4_V1.28.0, STM32Cube_FW_F7_V1.17.0, STM32Cube_FW_G0_V1.6.1, STM32Cube_FW_G4_V1.5.1, STM32Cube_FW_H5_V0.5.1, STM32Cube_FW_H5_V1.1.1, STM32Cube_FW_H5_V1.2.0RC2, STM32Cube_FW_H7_V1.11.0, STM32Cube_FW_L0_V1.12.2, STM32Cube_FW_L5_V1.5.0, STM32Cube_FW_U5_V1.3.0RC4, STM32Cube_FW_U5_V1.4.0, STM32Cube_FW_WBA_V1.0.0RC1, STM32Cube_FW_WBA_V1.1.0RC1, STM32Cube_FW_WBA_V1.2.0, STM32Cube_FW_WBA_V1.2.0RC2, STM32Cube_FW_WB_V1.15.0RC1, STM32Cube_FW_WB_V1.16.0, STM32Cube_FW_WB_V1.16.0RC2, STM32Cube_FW_WB_V1.18.0, STM32Cube_FW_WL_V1.3.0, X-CUBE-ALGOBUILD_V1.3.0, X-CUBE-ALS_V1.0.1, X-CUBE-AZRTOS-F4_V1.1.0, X-CUBE-AZRTOS-F7_V1.1.0, X-CUBE-AZRTOS-G0_V1.1.0, X-CUBE-AZRTOS-G4_V2.0.0, X-CUBE-AZRTOS-H7_V3.1.0, X-CUBE-AZRTOS-L4_V1.0.0, X-CUBE-AZRTOS-L4_V2.0.0, X-CUBE-AZRTOS-L5_V1.1.0, X-CUBE-AZRTOS-WB_V2.0.0, X-CUBE-AZRTOS-WL_V2.0.0, X-CUBE-BLE1_V7.0.0, X-CUBE-BLE2_V3.3.0, X-CUBE-BLEMGR_V2.0.0, X-CUBE-EEPRMA1_V4.1.0, X-CUBE-EEPRMA1_V4.2.0, X-CUBE-FREERTOS_V1.1.0, X-CUBE-GNSS1_V6.0.0, X-CUBE-MEMS1_V10.0.0, X-CUBE-MEMS1_V9.1.0, X-CUBE-MEMS1_V9.4.0, X-CUBE-MEMS1_V9.6.0, X-CUBE-NFC4_V3.0.0, X-CUBE-NFC7_V1.0.1, X-CUBE-SFXS2LP1_V4.0.0, X-CUBE-SUBG2_V5.0.0, X-CUBE-TOF1_V3.3.1]
2023-12-04 10:32:22,117 [ERROR] DbExamplesSqlite:437 - Missing JSON key: board_cpn
2023-12-04 10:32:22,117 [ERROR] DbExamplesSqlite:437 - Missing JSON key: board_cpn
2023-12-04 10:32:22,117 [ERROR] DbExamplesSqlite:437 - Missing JSON key: board_cpn
2023-12-04 10:32:22,117 [ERROR] DbExamplesSqlite:437 - Missing JSON key: board_cpn
2023-12-04 10:32:22,158 [INFO] DbExamplesSqlite:395 - Ignored 55 examples not supported by CubeIDE
2023-12-04 10:32:22,159 [INFO] DbExamplesSqlite:396 - Found 7548 examples active
2023-12-04 10:32:22,159 [INFO] DbExamplesSqlite:397 - Found 848 examples obsolete
2023-12-04 10:32:22,159 [INFO] DbExamplesSqlite:398 - Found 0 examples under development
2023-12-04 10:32:22,159 [INFO] DbExamplesSqlite:399 - Found 8 examples not building
2023-12-04 10:32:22,160 [INFO] DbExamples:125 - Found 7501 examples
2023-12-04 10:32:22,169 [INFO] DbExamples:222 - Found 95 boards with related examples
2023-12-04 10:32:22,170 [INFO] DbExamples:235 - Found 80 MCUs with related examples
2023-12-04 10:32:22,181 [INFO] ApiDb:414 - User favorites file not found: /home/tyler/.stm32cubeide/favorites.examples.txt
2023-12-04 10:32:22,181 [INFO] DbExamples:250 - Set 0 / 0 favorites Examples
2023-12-04 10:32:22,265 [INFO] McuFinderGlobals:76 - Set McuFinderConnectedMode to true
2023-12-04 10:32:22,270 [INFO] MultiScanPanel:200 - Auto-refresh data requested => check proxy status ongoing
2023-12-04 10:32:22,272 [INFO] FinderPluginLoader:95 - Searching for filters in installed packs
2023-12-04 10:32:23,134 [INFO] LoadUrlFilesThread:185 - End of LoadServerUrlFiles without Thread
2023-12-04 10:32:23,163 [INFO] DetailPanel:341 - Set advertising image to /home/tyler/STM32Cube/Repository//en.prom-stm32wl3-mcu-finder.jpg
2023-12-04 10:32:42,824 [ERROR] LogOutputStream:75 - [STDERR_REDIRECT] Dec 04, 2023 10:32:42 AM java.util.prefs.FileSystemPreferences checkLockFile0ErrorCode
2023-12-04 10:32:42,825 [ERROR] LogOutputStream:75 - [STDERR_REDIRECT] WARNING: Could not lock System prefs. Unix error code 0.
2023-12-04 10:32:42,825 [ERROR] LogOutputStream:75 - [STDERR_REDIRECT] 
2023-12-04 10:32:42,826 [ERROR] LogOutputStream:75 - [STDERR_REDIRECT] Dec 04, 2023 10:32:42 AM java.util.prefs.FileSystemPreferences syncWorld
2023-12-04 10:32:42,827 [ERROR] LogOutputStream:75 - [STDERR_REDIRECT] WARNING: Couldn't flush system prefs: java.util.prefs.BackingStoreException: Couldn't get file lock.
2023-12-04 10:32:42,827 [ERROR] LogOutputStream:75 - [STDERR_REDIRECT] 
2023-12-04 10:33:12,823 [ERROR] LogOutputStream:75 - [STDERR_REDIRECT] Dec 04, 2023 10:33:12 AM java.util.prefs.FileSystemPreferences checkLockFile0ErrorCode
2023-12-04 10:33:12,824 [ERROR] LogOutputStream:75 - [STDERR_REDIRECT] WARNING: Could not lock System prefs. Unix error code 0.
2023-12-04 10:33:12,824 [ERROR] LogOutputStream:75 - [STDERR_REDIRECT] 
2023-12-04 10:33:12,825 [ERROR] LogOutputStream:75 - [STDERR_REDIRECT] Dec 04, 2023 10:33:12 AM java.util.prefs.FileSystemPreferences syncWorld
2023-12-04 10:33:12,825 [ERROR] LogOutputStream:75 - [STDERR_REDIRECT] WARNING: Couldn't flush system prefs: java.util.prefs.BackingStoreException: Couldn't get file lock.
2023-12-04 10:33:12,825 [ERROR] LogOutputStream:75 - [STDERR_REDIRECT] 
2023-12-04 10:33:42,802 [INFO] MultiScanPanel:200 - Auto-refresh data requested => check proxy status ongoing
2023-12-04 10:33:42,825 [ERROR] LogOutputStream:75 - [STDERR_REDIRECT] Dec 04, 2023 10:33:42 AM java.util.prefs.FileSystemPreferences checkLockFile0ErrorCode
2023-12-04 10:33:42,826 [ERROR] LogOutputStream:75 - [STDERR_REDIRECT] WARNING: Could not lock System prefs. Unix error code 0.
2023-12-04 10:33:42,827 [ERROR] LogOutputStream:75 - [STDERR_REDIRECT] 
2023-12-04 10:33:42,828 [ERROR] LogOutputStream:75 - [STDERR_REDIRECT] Dec 04, 2023 10:33:42 AM java.util.prefs.FileSystemPreferences syncWorld
2023-12-04 10:33:42,828 [ERROR] LogOutputStream:75 - [STDERR_REDIRECT] WARNING: Couldn't flush system prefs: java.util.prefs.BackingStoreException: Couldn't get file lock.
2023-12-04 10:33:42,828 [ERROR] LogOutputStream:75 - [STDERR_REDIRECT] 
2023-12-04 10:33:42,919 [INFO] LoadUrlFilesThread:185 - End of LoadServerUrlFiles without Thread
2023-12-04 10:33:42,919 [INFO] DetailPanel:341 - Set advertising image to /home/tyler/STM32Cube/Repository//en.prom-stm32wl3-mcu-finder.jpg
2023-12-04 10:33:42,925 [INFO] DbBoards:642 - Loading board mini-images...
2023-12-04 10:33:43,568 [ERROR] DbBoards:659 - Image file not found for board NUCLEO-WBA55CG: /home/tyler/.stmcufinder/plugins/mcufinder//mcu//boards_images/NUCLEO-WBA55CG.jpg
2023-12-04 10:33:44,367 [ERROR] DbBoards:659 - Image file not found for board STM32WBA55G-DK1: /home/tyler/.stmcufinder/plugins/mcufinder//mcu//boards_images/STM32WBA55G-DK1.jpg
2023-12-04 10:33:44,367 [INFO] DbBoards:665 - Loaded 191 board mini-images
2023-12-04 10:34:07,469 [INFO] BoardResultTable:719 - Mark Board STM32F407G-DISC1 as favorite
2023-12-04 10:34:12,823 [ERROR] LogOutputStream:75 - [STDERR_REDIRECT] Dec 04, 2023 10:34:12 AM java.util.prefs.FileSystemPreferences checkLockFile0ErrorCode
2023-12-04 10:34:12,824 [ERROR] LogOutputStream:75 - [STDERR_REDIRECT] WARNING: Could not lock System prefs. Unix error code 32622.
2023-12-04 10:34:12,824 [ERROR] LogOutputStream:75 - [STDERR_REDIRECT] 
2023-12-04 10:34:12,825 [ERROR] LogOutputStream:75 - [STDERR_REDIRECT] Dec 04, 2023 10:34:12 AM java.util.prefs.FileSystemPreferences syncWorld
2023-12-04 10:34:12,825 [ERROR] LogOutputStream:75 - [STDERR_REDIRECT] WARNING: Couldn't flush system prefs: java.util.prefs.BackingStoreException: Couldn't get file lock.
2023-12-04 10:34:12,826 [ERROR] LogOutputStream:75 - [STDERR_REDIRECT] 
2023-12-04 10:34:16,535 [INFO] BoardAction:75 - Docs & Resources
2023-12-04 10:34:18,164 [INFO] ServerAccessManage:473 - Download File 
2023-12-04 10:34:18,281 [INFO] LoadUrlFilesThread:185 - End of LoadServerUrlFiles without Thread
2023-12-04 10:34:18,315 [INFO] BoardAction:170 - Large Picture
2023-12-04 10:34:19,258 [INFO] BoardAction:75 - Docs & Resources
2023-12-04 10:34:42,823 [ERROR] LogOutputStream:75 - [STDERR_REDIRECT] Dec 04, 2023 10:34:42 AM java.util.prefs.FileSystemPreferences checkLockFile0ErrorCode
2023-12-04 10:34:42,823 [ERROR] LogOutputStream:75 - [STDERR_REDIRECT] WARNING: Could not lock System prefs. Unix error code 32622.
2023-12-04 10:34:42,823 [ERROR] LogOutputStream:75 - [STDERR_REDIRECT] 
2023-12-04 10:34:42,824 [ERROR] LogOutputStream:75 - [STDERR_REDIRECT] Dec 04, 2023 10:34:42 AM java.util.prefs.FileSystemPreferences syncWorld
2023-12-04 10:34:42,824 [ERROR] LogOutputStream:75 - [STDERR_REDIRECT] WARNING: Couldn't flush system prefs: java.util.prefs.BackingStoreException: Couldn't get file lock.
2023-12-04 10:34:42,824 [ERROR] LogOutputStream:75 - [STDERR_REDIRECT] 
2023-12-04 10:34:57,865 [INFO] ServerAccessManage:473 - Download File UM1472.pdf
2023-12-04 10:34:58,110 [INFO] LoadUrlFilesThread:156 - End of LoadUrlFiles Thread
2023-12-04 10:35:12,822 [ERROR] LogOutputStream:75 - [STDERR_REDIRECT] Dec 04, 2023 10:35:12 AM java.util.prefs.FileSystemPreferences checkLockFile0ErrorCode
2023-12-04 10:35:12,822 [ERROR] LogOutputStream:75 - [STDERR_REDIRECT] WARNING: Could not lock System prefs. Unix error code 32622.
2023-12-04 10:35:12,822 [ERROR] LogOutputStream:75 - [STDERR_REDIRECT] 
2023-12-04 10:35:12,823 [ERROR] LogOutputStream:75 - [STDERR_REDIRECT] Dec 04, 2023 10:35:12 AM java.util.prefs.FileSystemPreferences syncWorld
2023-12-04 10:35:12,823 [ERROR] LogOutputStream:75 - [STDERR_REDIRECT] WARNING: Couldn't flush system prefs: java.util.prefs.BackingStoreException: Couldn't get file lock.
2023-12-04 10:35:12,823 [ERROR] LogOutputStream:75 - [STDERR_REDIRECT] 
2023-12-04 10:35:21,072 [INFO] ServerAccessManage:473 - Download File DB1421.pdf
2023-12-04 10:35:21,440 [INFO] LoadUrlFilesThread:156 - End of LoadUrlFiles Thread
2023-12-04 10:35:21,571 [INFO] BoardAction:139 - Datasheet
2023-12-04 10:35:42,825 [ERROR] LogOutputStream:75 - [STDERR_REDIRECT] Dec 04, 2023 10:35:42 AM java.util.prefs.FileSystemPreferences checkLockFile0ErrorCode
2023-12-04 10:35:42,826 [ERROR] LogOutputStream:75 - [STDERR_REDIRECT] WARNING: Could not lock System prefs. Unix error code 32622.
2023-12-04 10:35:42,826 [ERROR] LogOutputStream:75 - [STDERR_REDIRECT] 
2023-12-04 10:35:42,827 [ERROR] LogOutputStream:75 - [STDERR_REDIRECT] Dec 04, 2023 10:35:42 AM java.util.prefs.FileSystemPreferences syncWorld
2023-12-04 10:35:42,828 [ERROR] LogOutputStream:75 - [STDERR_REDIRECT] WARNING: Couldn't flush system prefs: java.util.prefs.BackingStoreException: Couldn't get file lock.
2023-12-04 10:35:42,828 [ERROR] LogOutputStream:75 - [STDERR_REDIRECT] 
2023-12-04 10:35:53,594 [INFO] McuFinderGlobals:76 - Set McuFinderConnectedMode to true
2023-12-04 10:35:54,112 [INFO] ApiDb:448 - Save user favorites file /home/tyler/.stm32cubeide/favorites.mcus.txt: 0 item(s)
2023-12-04 10:35:54,112 [INFO] ApiDb:452 - User favorites MCUs=[]
2023-12-04 10:35:54,113 [INFO] ApiDb:448 - Save user favorites file /home/tyler/.stm32cubeide/favorites.boards.txt: 1 item(s)
2023-12-04 10:35:54,113 [INFO] ApiDb:452 - User favorites Boards=[STM32F407G-DISC1]
2023-12-04 10:36:09,421 [ERROR] LogOutputStream:75 - [STDERR_REDIRECT] 
2023-12-04 10:36:09,422 [ERROR] LogOutputStream:75 - [STDERR_REDIRECT] 
