2023-10-04 20:40:24,986 [INFO] Activator:176 - 


2023-10-04 20:40:24,988 [INFO] Activator:177 - !SESSION log4j initialized
2023-10-04 20:40:30,252 [INFO] LogOutputStream:77 - [STDOUT_REDIRECT] 
2023-10-04 20:40:32,569 [INFO] ApplicationProperties:184 - Using Application install path: /opt/st/stm32cubeide_1.13.2/plugins/com.st.stm32cube.common.mx_6.9.2.202309101412
2023-10-04 20:40:32,669 [INFO] DbMcusXml:78 - Set database path to: /opt/st/stm32cubeide_1.13.2/plugins/com.st.stm32cube.common.mx_6.9.2.202309101412//db//mcu/
2023-10-04 20:40:32,670 [INFO] ApiDb:274 - Set plugin database path to: /opt/st/stm32cubeide_1.13.2/plugins/com.st.stm32cube.common.mx_6.9.2.202309101412//db//plugins/boardmanager/
2023-10-04 20:40:32,670 [WARN] ApiDb:259 - Overriding images path with different value:  => /opt/st/stm32cubeide_1.13.2/plugins/com.st.stm32cube.common.mx_6.9.2.202309101412//db//plugins/mcufinder/images/
2023-10-04 20:40:32,731 [INFO] ApiDb:250 - Set database path to: /home/tyler/.stmcufinder/plugins/mcufinder//mcu/
2023-10-04 20:40:32,732 [INFO] DbMcusAds:125 - Set database path to: /home/tyler/.stmcufinder/plugins/mcufinder//mcu/
2023-10-04 20:40:32,734 [INFO] CrossReferenceDbSqlite:203 - Set database path to: /home/tyler/.stmcufinder/plugins/mcufinder//mcu/cs/
2023-10-04 20:40:33,053 [INFO] RulesReader:64 - Compatibility file has been processed (293 Rules)
2023-10-04 20:40:33,227 [INFO] DbMcusXml:78 - Set database path to: /opt/st/stm32cubeide_1.13.2/plugins/com.st.stm32cube.common.mx_6.9.2.202309101412//db//mcu/
2023-10-04 20:40:33,228 [INFO] ApiDb:274 - Set plugin database path to: /opt/st/stm32cubeide_1.13.2/plugins/com.st.stm32cube.common.mx_6.9.2.202309101412//db//plugins/boardmanager/
2023-10-04 20:40:33,228 [INFO] ApiDb:261 - Set plugin images path to: /opt/st/stm32cubeide_1.13.2/plugins/com.st.stm32cube.common.mx_6.9.2.202309101412//db//plugins/mcufinder/images/
2023-10-04 20:40:33,228 [WARN] DbFile:41 - Overriding database path with different value: /home/tyler/.stmcufinder/plugins/mcufinder/ => /home/tyler/.stmcufinder/plugins/mcufinder
2023-10-04 20:40:33,228 [INFO] ApiDb:250 - Set database path to: /home/tyler/.stmcufinder/plugins/mcufinder//mcu/
2023-10-04 20:40:33,228 [WARN] DbFile:41 - Overriding database path with different value: /home/tyler/.stmcufinder/plugins/mcufinder/ => /home/tyler/.stmcufinder/plugins/mcufinder
2023-10-04 20:40:33,228 [INFO] DbMcusAds:125 - Set database path to: /home/tyler/.stmcufinder/plugins/mcufinder//mcu/
2023-10-04 20:40:33,228 [WARN] DbFile:41 - Overriding database path with different value: /home/tyler/.stmcufinder/plugins/mcufinder/ => /home/tyler/.stmcufinder/plugins/mcufinder
2023-10-04 20:40:33,228 [WARN] DbFile:41 - Overriding database path with different value: /home/tyler/.stmcufinder/plugins/mcufinder/ => /home/tyler/.stmcufinder/plugins/mcufinder
2023-10-04 20:40:33,229 [INFO] CrossReferenceDbSqlite:203 - Set database path to: /home/tyler/.stmcufinder/plugins/mcufinder//mcu/cs/
2023-10-04 20:40:33,303 [INFO] MainPanel:262 - HeapMemory: 268435456
2023-10-04 20:40:33,456 [INFO] DbMcusXml:78 - Set database path to: /opt/st/stm32cubeide_1.13.2/plugins/com.st.stm32cube.common.mx_6.9.2.202309101412//db//mcu/
2023-10-04 20:40:33,456 [INFO] ApiDb:274 - Set plugin database path to: /opt/st/stm32cubeide_1.13.2/plugins/com.st.stm32cube.common.mx_6.9.2.202309101412//db//plugins/boardmanager/
2023-10-04 20:40:33,456 [INFO] ApiDb:261 - Set plugin images path to: /opt/st/stm32cubeide_1.13.2/plugins/com.st.stm32cube.common.mx_6.9.2.202309101412//db//plugins/mcufinder/images/
2023-10-04 20:40:33,462 [WARN] DbFile:41 - Overriding database path with different value: /home/tyler/.stmcufinder/plugins/mcufinder/ => /home/tyler/.stmcufinder/plugins/mcufinder
2023-10-04 20:40:33,462 [INFO] ApiDb:250 - Set database path to: /home/tyler/.stmcufinder/plugins/mcufinder//mcu/
2023-10-04 20:40:33,463 [WARN] DbFile:41 - Overriding database path with different value: /home/tyler/.stmcufinder/plugins/mcufinder/ => /home/tyler/.stmcufinder/plugins/mcufinder
2023-10-04 20:40:33,463 [INFO] DbMcusAds:125 - Set database path to: /home/tyler/.stmcufinder/plugins/mcufinder//mcu/
2023-10-04 20:40:33,463 [WARN] DbFile:41 - Overriding database path with different value: /home/tyler/.stmcufinder/plugins/mcufinder/ => /home/tyler/.stmcufinder/plugins/mcufinder
2023-10-04 20:40:33,463 [WARN] DbFile:41 - Overriding database path with different value: /home/tyler/.stmcufinder/plugins/mcufinder/ => /home/tyler/.stmcufinder/plugins/mcufinder
2023-10-04 20:40:33,463 [INFO] CrossReferenceDbSqlite:203 - Set database path to: /home/tyler/.stmcufinder/plugins/mcufinder//mcu/cs/
2023-10-04 20:40:33,474 [INFO] ApplicationProperties:184 - Using Application install path: /opt/st/stm32cubeide_1.13.2/plugins/com.st.stm32cube.common.mx_6.9.2.202309101412
2023-10-04 20:40:33,474 [INFO] PluginManage:196 - Search for loadable plugins [exclusion list=, ]
2023-10-04 20:40:33,475 [INFO] PluginManage:310 - Check plugin analytics
2023-10-04 20:40:33,666 [INFO] AnalyticsPlugin:253 - Accepted Software Licenses: 
2023-10-04 20:40:33,666 [INFO] AnalyticsPlugin:255 - Accepted CMSIS Pack Licenses: 
2023-10-04 20:40:33,666 [INFO] AnalyticsPlugin:257 - Accepted Firmware Licenses: 
2023-10-04 20:40:33,667 [INFO] PluginManage:359 - Loaded plugin analytics (category:tool,tabindex:-1)
2023-10-04 20:40:33,668 [INFO] PluginManage:310 - Check plugin cadmodel
2023-10-04 20:40:33,815 [INFO] CADModel:105 - Init CAD model plugin
2023-10-04 20:40:33,815 [INFO] PluginManage:359 - Loaded plugin cadmodel (category:power,tabindex:5)
2023-10-04 20:40:33,815 [INFO] PluginManage:310 - Check plugin clock
2023-10-04 20:40:33,886 [INFO] PluginManage:359 - Loaded plugin clock (category:base,tabindex:2)
2023-10-04 20:40:33,886 [INFO] PluginManage:310 - Check plugin ddr
2023-10-04 20:40:33,893 [INFO] PluginManage:359 - Loaded plugin ddr (category:tool,tabindex:6)
2023-10-04 20:40:33,893 [INFO] PluginManage:310 - Check plugin filemanager
2023-10-04 20:40:34,039 [INFO] PluginManage:359 - Loaded plugin filemanager (category:base,tabindex:10)
2023-10-04 20:40:34,039 [INFO] PluginManage:310 - Check plugin ipmanager
2023-10-04 20:40:34,052 [INFO] PluginManage:359 - Loaded plugin ipmanager (category:base,tabindex:5)
2023-10-04 20:40:34,052 [INFO] PluginManage:310 - Check plugin lpbam
2023-10-04 20:40:34,060 [INFO] PluginManage:359 - Loaded plugin lpbam (category:base,tabindex:0)
2023-10-04 20:40:34,060 [INFO] PluginManage:310 - Check plugin memorymap
2023-10-04 20:40:34,096 [INFO] PluginManage:359 - Loaded plugin memorymap (category:base,tabindex:4)
2023-10-04 20:40:34,096 [INFO] PluginManage:310 - Check plugin pinoutandconfiguration
2023-10-04 20:40:34,120 [INFO] PluginManage:359 - Loaded plugin pinoutandconfiguration (category:base,tabindex:1)
2023-10-04 20:40:34,120 [INFO] PluginManage:310 - Check plugin pinoutconfig
2023-10-04 20:40:34,209 [WARN] SupportedApi:132 - Cannot load RTOS API schema: s4s-elt-must-match.1: The content of 'definitions' must match (annotation?, (simpleType | complexType)?, (unique | key | keyref)*)). A problem was found starting at: attribute.
2023-10-04 20:40:34,337 [INFO] PluginManage:359 - Loaded plugin pinoutconfig (category:base,tabindex:0)
2023-10-04 20:40:34,337 [INFO] PluginManage:310 - Check plugin power
2023-10-04 20:40:34,391 [INFO] PluginManage:359 - Loaded plugin power (category:power,tabindex:4)
2023-10-04 20:40:34,391 [INFO] PluginManage:310 - Check plugin projectmanager
2023-10-04 20:40:34,401 [INFO] PluginManage:359 - Loaded plugin projectmanager (category:projectmanager,tabindex:3)
2023-10-04 20:40:34,401 [INFO] PluginManage:310 - Check plugin thirdparty
2023-10-04 20:40:34,579 [INFO] PluginManage:359 - Loaded plugin thirdparty (category:base,tabindex:-1)
2023-10-04 20:40:34,579 [WARN] IntegrityCheckThread:84 - waiting for thirdparty lock release [integrity check]
2023-10-04 20:40:34,579 [INFO] PluginManage:310 - Check plugin tools
2023-10-04 20:40:34,579 [INFO] IntegrityCheckThread:86 - entering critical section [integrity check]
2023-10-04 20:40:34,579 [INFO] ThirdPartyUpdaterWithRetryManager:70 - Updater plugin not ready yet. [1/15]
2023-10-04 20:40:34,596 [INFO] PluginManage:359 - Loaded plugin tools (category:base,tabindex:7)
2023-10-04 20:40:34,596 [INFO] PluginManage:310 - Check plugin tutovideos
2023-10-04 20:40:34,796 [INFO] PluginManage:359 - Loaded plugin tutovideos (category:base,tabindex:-1)
2023-10-04 20:40:34,796 [INFO] PluginManage:310 - Check plugin updater
2023-10-04 20:40:34,825 [INFO] PluginManage:359 - Loaded plugin updater (category:base,tabindex:12)
2023-10-04 20:40:34,825 [INFO] PluginManage:310 - Check plugin userauth
2023-10-04 20:40:34,833 [INFO] UserAuth:113 - Init User Auth plugin
2023-10-04 20:40:34,833 [INFO] PluginManage:359 - Loaded plugin userauth (category:base,tabindex:14)
2023-10-04 20:40:34,833 [INFO] PluginManage:283 - PluginManage : Loaded plugins [17]
2023-10-04 20:40:35,132 [INFO] PinOutPanel:1499 - setPackage(No Configuration,No Configuration)
2023-10-04 20:40:35,207 [INFO] CADModel:165 - CPN selected for project level
2023-10-04 20:40:35,207 [INFO] CADModel:114 - Register for checkConnection events
2023-10-04 20:40:35,239 [INFO] IPUIPlugin:80 - create IPUIPlugin
2023-10-04 20:40:35,239 [INFO] PluginManager:220 - loadIPPluginJar : add cryp
2023-10-04 20:40:35,242 [INFO] IPUIPlugin:80 - create IPUIPlugin
2023-10-04 20:40:35,242 [INFO] PluginManager:220 - loadIPPluginJar : add gic
2023-10-04 20:40:35,270 [INFO] IPUIPlugin:80 - create IPUIPlugin
2023-10-04 20:40:35,270 [INFO] PluginManager:220 - loadIPPluginJar : add stm32_wpan
2023-10-04 20:40:35,271 [INFO] IPUIPlugin:80 - create IPUIPlugin
2023-10-04 20:40:35,271 [INFO] PluginManager:220 - loadIPPluginJar : add usart
2023-10-04 20:40:35,286 [INFO] IPUIPlugin:80 - create IPUIPlugin
2023-10-04 20:40:35,286 [INFO] PluginManager:220 - loadIPPluginJar : add linkedlist
2023-10-04 20:40:35,302 [INFO] IPUIPlugin:80 - create IPUIPlugin
2023-10-04 20:40:35,302 [INFO] PluginManager:220 - loadIPPluginJar : add aes
2023-10-04 20:40:35,306 [INFO] IPUIPlugin:80 - create IPUIPlugin
2023-10-04 20:40:35,306 [INFO] PluginManager:220 - loadIPPluginJar : add ipddr
2023-10-04 20:40:35,323 [INFO] IPUIPlugin:80 - create IPUIPlugin
2023-10-04 20:40:35,323 [INFO] PluginManager:220 - loadIPPluginJar : add freertos
2023-10-04 20:40:35,324 [INFO] IPUIPlugin:80 - create IPUIPlugin
2023-10-04 20:40:35,325 [INFO] PluginManager:220 - loadIPPluginJar : add can
2023-10-04 20:40:35,326 [INFO] IPUIPlugin:80 - create IPUIPlugin
2023-10-04 20:40:35,326 [INFO] PluginManager:220 - loadIPPluginJar : add i2c
2023-10-04 20:40:35,333 [INFO] IPUIPlugin:80 - create IPUIPlugin
2023-10-04 20:40:35,333 [INFO] PluginManager:220 - loadIPPluginJar : add fatfs
2023-10-04 20:40:35,334 [INFO] IPUIPlugin:80 - create IPUIPlugin
2023-10-04 20:40:35,334 [INFO] PluginManager:220 - loadIPPluginJar : add spi
2023-10-04 20:40:35,336 [INFO] IPUIPlugin:80 - create IPUIPlugin
2023-10-04 20:40:35,336 [INFO] PluginManager:220 - loadIPPluginJar : add sai
2023-10-04 20:40:35,338 [INFO] IPUIPlugin:80 - create IPUIPlugin
2023-10-04 20:40:35,338 [INFO] PluginManager:220 - loadIPPluginJar : add touchsensing
2023-10-04 20:40:35,359 [INFO] IPUIPlugin:80 - create IPUIPlugin
2023-10-04 20:40:35,359 [INFO] PluginManager:220 - loadIPPluginJar : add openamp
2023-10-04 20:40:35,361 [INFO] IPUIPlugin:80 - create IPUIPlugin
2023-10-04 20:40:35,361 [INFO] PluginManager:220 - loadIPPluginJar : add gtzc
2023-10-04 20:40:35,362 [INFO] IPUIPlugin:80 - create IPUIPlugin
2023-10-04 20:40:35,362 [INFO] PluginManager:220 - loadIPPluginJar : add i2s
2023-10-04 20:40:35,364 [INFO] IPUIPlugin:80 - create IPUIPlugin
2023-10-04 20:40:35,364 [INFO] PluginManager:220 - loadIPPluginJar : add lorawan
2023-10-04 20:40:35,365 [INFO] IPUIPlugin:80 - create IPUIPlugin
2023-10-04 20:40:35,365 [INFO] PluginManager:220 - loadIPPluginJar : add hash
2023-10-04 20:40:35,388 [INFO] IPUIPlugin:80 - create IPUIPlugin
2023-10-04 20:40:35,388 [INFO] PluginManager:220 - loadIPPluginJar : add nvic
2023-10-04 20:40:35,390 [INFO] IPUIPlugin:80 - create IPUIPlugin
2023-10-04 20:40:35,390 [INFO] PluginManager:220 - loadIPPluginJar : add ts
2023-10-04 20:40:35,391 [INFO] IPUIPlugin:80 - create IPUIPlugin
2023-10-04 20:40:35,391 [INFO] PluginManager:220 - loadIPPluginJar : add resmgrutility
2023-10-04 20:40:35,393 [INFO] IPUIPlugin:80 - create IPUIPlugin
2023-10-04 20:40:35,393 [INFO] PluginManager:220 - loadIPPluginJar : add usbx
2023-10-04 20:40:35,394 [INFO] IPUIPlugin:80 - create IPUIPlugin
2023-10-04 20:40:35,394 [INFO] PluginManager:220 - loadIPPluginJar : add genericplugin
2023-10-04 20:40:35,395 [INFO] IPUIPlugin:80 - create IPUIPlugin
2023-10-04 20:40:35,395 [INFO] PluginManager:220 - loadIPPluginJar : add dfsdm
2023-10-04 20:40:35,396 [INFO] IPUIPlugin:80 - create IPUIPlugin
2023-10-04 20:40:35,396 [INFO] PluginManager:220 - loadIPPluginJar : add comp
2023-10-04 20:40:35,416 [INFO] IPUIPlugin:80 - create IPUIPlugin
2023-10-04 20:40:35,416 [INFO] PluginManager:220 - loadIPPluginJar : add dma3
2023-10-04 20:40:35,418 [INFO] IPUIPlugin:80 - create IPUIPlugin
2023-10-04 20:40:35,418 [INFO] PluginManager:220 - loadIPPluginJar : add gfxmmu
2023-10-04 20:40:35,434 [INFO] IPUIPlugin:80 - create IPUIPlugin
2023-10-04 20:40:35,434 [INFO] PluginManager:220 - loadIPPluginJar : add opamp
2023-10-04 20:40:35,437 [INFO] IPUIPlugin:80 - create IPUIPlugin
2023-10-04 20:40:35,437 [INFO] PluginManager:220 - loadIPPluginJar : add fmc
2023-10-04 20:40:35,438 [INFO] IPUIPlugin:80 - create IPUIPlugin
2023-10-04 20:40:35,438 [INFO] PluginManager:220 - loadIPPluginJar : add quadspi
2023-10-04 20:40:35,439 [INFO] IPUIPlugin:80 - create IPUIPlugin
2023-10-04 20:40:35,440 [INFO] PluginManager:220 - loadIPPluginJar : add pdm2pcm
2023-10-04 20:40:35,444 [INFO] IPUIPlugin:80 - create IPUIPlugin
2023-10-04 20:40:35,444 [INFO] PluginManager:220 - loadIPPluginJar : add dma
2023-10-04 20:40:35,445 [INFO] IPUIPlugin:80 - create IPUIPlugin
2023-10-04 20:40:35,445 [INFO] PluginManager:220 - loadIPPluginJar : add tim
2023-10-04 20:40:35,448 [INFO] IPUIPlugin:80 - create IPUIPlugin
2023-10-04 20:40:35,448 [INFO] PluginManager:220 - loadIPPluginJar : add gpio
2023-10-04 20:40:35,449 [INFO] IPUIPlugin:80 - create IPUIPlugin
2023-10-04 20:40:35,450 [INFO] PluginManager:220 - loadIPPluginJar : add ucpd
2023-10-04 20:40:35,451 [INFO] IPUIPlugin:80 - create IPUIPlugin
2023-10-04 20:40:35,451 [INFO] PluginManager:220 - loadIPPluginJar : add ltdc
2023-10-04 20:40:35,452 [INFO] IPUIPlugin:80 - create IPUIPlugin
2023-10-04 20:40:35,452 [INFO] PluginManager:220 - loadIPPluginJar : add i3c
2023-10-04 20:40:35,481 [INFO] IPUIPlugin:80 - create IPUIPlugin
2023-10-04 20:40:35,481 [INFO] PluginManager:220 - loadIPPluginJar : add mdma
2023-10-04 20:40:35,483 [INFO] IPUIPlugin:80 - create IPUIPlugin
2023-10-04 20:40:35,483 [INFO] PluginManager:220 - loadIPPluginJar : add tracer_emb
2023-10-04 20:40:35,503 [INFO] IPUIPlugin:80 - create IPUIPlugin
2023-10-04 20:40:35,504 [INFO] PluginManager:220 - loadIPPluginJar : add adc
2023-10-04 20:40:35,507 [INFO] IPUIPlugin:80 - create IPUIPlugin
2023-10-04 20:40:35,509 [INFO] PluginManager:220 - loadIPPluginJar : add plateformsettings
2023-10-04 20:40:35,509 [INFO] IPUIPlugin:80 - create IPUIPlugin
2023-10-04 20:40:35,510 [INFO] PluginManager:220 - loadIPPluginJar : add tsc
2023-10-04 20:40:35,604 [INFO] CADModel:165 - CPN selected for project level
2023-10-04 20:40:35,604 [INFO] CADModel:114 - Register for checkConnection events
2023-10-04 20:40:35,604 [FATAL] Updater:308 - Updater called before beeing initialized
2023-10-04 20:40:35,604 [ERROR] CADModel:125 - Updater not yet initialized, retry later 
2023-10-04 20:40:35,740 [INFO] CADModel:165 - CPN selected for project level
2023-10-04 20:40:35,740 [INFO] CADModel:114 - Register for checkConnection events
2023-10-04 20:40:35,740 [FATAL] Updater:308 - Updater called before beeing initialized
2023-10-04 20:40:35,741 [ERROR] CADModel:125 - Updater not yet initialized, retry later 
2023-10-04 20:40:35,743 [FATAL] Updater:308 - Updater called before beeing initialized
2023-10-04 20:40:35,816 [FATAL] Updater:308 - Updater called before beeing initialized
2023-10-04 20:40:35,842 [INFO] DbMcusAds:53 - JSON generation date=Tue Mar 07 02:50:55 CST 2023 (1678179055114)
2023-10-04 20:40:35,842 [FATAL] Updater:308 - Updater called before beeing initialized
2023-10-04 20:40:35,931 [WARN] DetailPanel:346 - Failed to get advertising image, set to default
2023-10-04 20:40:36,002 [FATAL] Updater:308 - Updater called before beeing initialized
2023-10-04 20:40:36,017 [FATAL] Updater:308 - Updater called before beeing initialized
2023-10-04 20:40:36,017 [FATAL] Updater:308 - Updater called before beeing initialized
2023-10-04 20:40:36,017 [WARN] DetailPanel:346 - Failed to get advertising image, set to default
2023-10-04 20:40:36,017 [FATAL] Updater:308 - Updater called before beeing initialized
2023-10-04 20:40:36,060 [ERROR] Updater:1120 - MainUpdater not yet initialized. External WinMGr cannot be set.
2023-10-04 20:40:36,064 [INFO] Updater:1056 - Updater Version found : 6.9.2
2023-10-04 20:40:36,078 [INFO] ApplicationProperties:184 - Using Application install path: /opt/st/stm32cubeide_1.13.2/plugins/com.st.stm32cube.common.mx_6.9.2.202309101412
2023-10-04 20:40:36,299 [INFO] MainUpdater:2868 - connection check result : 10
2023-10-04 20:40:36,299 [INFO] MainUpdater:3562 - Updater definition file requires update
2023-10-04 20:40:36,299 [INFO] MainUpdater:285 - Updater Check For Update Now.
2023-10-04 20:40:36,299 [INFO] MicroXplorer:498 - Change Database Version : DB.6.0.92
2023-10-04 20:40:36,303 [INFO] McuFinderGlobals:63 - Set McuFinder mode to 2 (CubeIDE integrated)
2023-10-04 20:40:36,303 [INFO] UserAuth:179 - activating auth plugin
2023-10-04 20:40:36,305 [INFO] UserAuth:393 - Internet connection configuration mode: 1
2023-10-04 20:40:36,358 [INFO] ServerAccessManage:473 - Download File updaters.zip
2023-10-04 20:40:36,437 [INFO] JxBrowserEngine:151 - Initiate JxBrowser Engine with user profile folder
2023-10-04 20:40:36,478 [INFO] FileExtend:240 - Unzip File : updaters.zip
2023-10-04 20:40:36,478 [INFO] FileExtend:255 - Standard Zip Deflate
2023-10-04 20:40:37,107 [INFO] ServerAccessManage:473 - Download File PacksControlFlags.xml
2023-10-04 20:40:37,401 [INFO] ServerAccessManage:473 - Download File cubemx.pidx
2023-10-04 20:40:37,580 [WARN] MainUpdater:1189 - Updater busy. Cannot search thirdparties
2023-10-04 20:40:37,580 [INFO] ThirdPartyUpdaterWithRetryManager:96 - Updater plugin is busy. [1/15]
2023-10-04 20:40:38,246 [INFO] ServerAccessManage:473 - Download File STMicroelectronics.X-CUBE-TOUCHGFX.pdsc
2023-10-04 20:40:40,580 [WARN] MainUpdater:1189 - Updater busy. Cannot search thirdparties
2023-10-04 20:40:40,580 [INFO] ThirdPartyUpdaterWithRetryManager:96 - Updater plugin is busy. [2/15]
2023-10-04 20:40:42,818 [INFO] WebApp:157 - Instantiating new browser for Auth
2023-10-04 20:40:43,580 [WARN] MainUpdater:1189 - Updater busy. Cannot search thirdparties
2023-10-04 20:40:43,581 [INFO] ThirdPartyUpdaterWithRetryManager:96 - Updater plugin is busy. [3/15]
2023-10-04 20:40:46,280 [ERROR] LogOutputStream:75 - [STDERR_REDIRECT] java.lang.StringIndexOutOfBoundsException: begin 0, end -1, length 0
2023-10-04 20:40:46,280 [ERROR] LogOutputStream:75 - [STDERR_REDIRECT] 	at java.base/java.lang.String.checkBoundsBeginEnd(String.java:4602)
2023-10-04 20:40:46,280 [ERROR] LogOutputStream:75 - [STDERR_REDIRECT] 	at java.base/java.lang.String.substring(String.java:2705)
2023-10-04 20:40:46,280 [ERROR] LogOutputStream:75 - [STDERR_REDIRECT] 	at com.st.stm32cube.ide.mcu.utils.assembly.InstructionRecord.calcJumpInstructionDirect(InstructionRecord.java:190)
2023-10-04 20:40:46,281 [ERROR] LogOutputStream:75 - [STDERR_REDIRECT] 	at com.st.stm32cube.ide.mcu.utils.assembly.InstructionRecord.isJumpInstructionDirect(InstructionRecord.java:153)
2023-10-04 20:40:46,281 [ERROR] LogOutputStream:75 - [STDERR_REDIRECT] 	at com.st.stm32cube.ide.mcu.cyclomaticcomplexity.model.CallGraph.fromInstructions(CallGraph.java:59)
2023-10-04 20:40:46,281 [ERROR] LogOutputStream:75 - [STDERR_REDIRECT] 	at com.st.stm32cube.ide.mcu.cyclomaticcomplexity.CyclomaticView.inputChanged(CyclomaticView.java:699)
2023-10-04 20:40:46,281 [ERROR] LogOutputStream:75 - [STDERR_REDIRECT] 	at com.st.stm32cube.ide.mcu.cyclomaticcomplexity.CyclomaticView.lambda$3(CyclomaticView.java:514)
2023-10-04 20:40:46,281 [ERROR] LogOutputStream:75 - [STDERR_REDIRECT] 	at java.base/java.lang.Thread.run(Thread.java:833)
2023-10-04 20:40:46,281 [ERROR] LogOutputStream:75 - [STDERR_REDIRECT] java.lang.StringIndexOutOfBoundsException: begin 0, end -1, length 0
2023-10-04 20:40:46,281 [ERROR] LogOutputStream:75 - [STDERR_REDIRECT] 	at java.base/java.lang.String.checkBoundsBeginEnd(String.java:4602)
2023-10-04 20:40:46,281 [ERROR] LogOutputStream:75 - [STDERR_REDIRECT] 	at java.base/java.lang.String.substring(String.java:2705)
2023-10-04 20:40:46,282 [ERROR] LogOutputStream:75 - [STDERR_REDIRECT] 	at com.st.stm32cube.ide.mcu.utils.assembly.InstructionRecord.calcJumpInstructionDirect(InstructionRecord.java:190)
2023-10-04 20:40:46,282 [ERROR] LogOutputStream:75 - [STDERR_REDIRECT] 	at com.st.stm32cube.ide.mcu.utils.assembly.InstructionRecord.isJumpInstructionDirect(InstructionRecord.java:153)
2023-10-04 20:40:46,282 [ERROR] LogOutputStream:75 - [STDERR_REDIRECT] 	at com.st.stm32cube.ide.mcu.cyclomaticcomplexity.model.CallGraph.fromInstructions(CallGraph.java:59)
2023-10-04 20:40:46,282 [ERROR] LogOutputStream:75 - [STDERR_REDIRECT] 	at com.st.stm32cube.ide.mcu.cyclomaticcomplexity.CyclomaticView.inputChanged(CyclomaticView.java:699)
2023-10-04 20:40:46,282 [ERROR] LogOutputStream:75 - [STDERR_REDIRECT] 	at com.st.stm32cube.ide.mcu.cyclomaticcomplexity.CyclomaticView.lambda$3(CyclomaticView.java:514)
2023-10-04 20:40:46,282 [ERROR] LogOutputStream:75 - [STDERR_REDIRECT] 	at java.base/java.lang.Thread.run(Thread.java:833)
2023-10-04 20:40:46,282 [ERROR] LogOutputStream:75 - [STDERR_REDIRECT] java.lang.StringIndexOutOfBoundsException: begin 0, end -1, length 0
2023-10-04 20:40:46,282 [ERROR] LogOutputStream:75 - [STDERR_REDIRECT] 	at java.base/java.lang.String.checkBoundsBeginEnd(String.java:4602)
2023-10-04 20:40:46,282 [ERROR] LogOutputStream:75 - [STDERR_REDIRECT] 	at java.base/java.lang.String.substring(String.java:2705)
2023-10-04 20:40:46,282 [ERROR] LogOutputStream:75 - [STDERR_REDIRECT] 	at com.st.stm32cube.ide.mcu.utils.assembly.InstructionRecord.calcJumpInstructionDirect(InstructionRecord.java:190)
2023-10-04 20:40:46,283 [ERROR] LogOutputStream:75 - [STDERR_REDIRECT] 	at com.st.stm32cube.ide.mcu.utils.assembly.InstructionRecord.isJumpInstructionDirect(InstructionRecord.java:153)
2023-10-04 20:40:46,283 [ERROR] LogOutputStream:75 - [STDERR_REDIRECT] 	at com.st.stm32cube.ide.mcu.cyclomaticcomplexity.model.CallGraph.fromInstructions(CallGraph.java:59)
2023-10-04 20:40:46,283 [ERROR] LogOutputStream:75 - [STDERR_REDIRECT] 	at com.st.stm32cube.ide.mcu.cyclomaticcomplexity.CyclomaticView.inputChanged(CyclomaticView.java:699)
2023-10-04 20:40:46,283 [ERROR] LogOutputStream:75 - [STDERR_REDIRECT] 	at com.st.stm32cube.ide.mcu.cyclomaticcomplexity.CyclomaticView.lambda$3(CyclomaticView.java:514)
2023-10-04 20:40:46,283 [ERROR] LogOutputStream:75 - [STDERR_REDIRECT] 	at java.base/java.lang.Thread.run(Thread.java:833)
2023-10-04 20:40:46,283 [ERROR] LogOutputStream:75 - [STDERR_REDIRECT] java.lang.StringIndexOutOfBoundsException: begin 0, end -1, length 0
2023-10-04 20:40:46,283 [ERROR] LogOutputStream:75 - [STDERR_REDIRECT] 	at java.base/java.lang.String.checkBoundsBeginEnd(String.java:4602)
2023-10-04 20:40:46,283 [ERROR] LogOutputStream:75 - [STDERR_REDIRECT] 	at java.base/java.lang.String.substring(String.java:2705)
2023-10-04 20:40:46,284 [ERROR] LogOutputStream:75 - [STDERR_REDIRECT] 	at com.st.stm32cube.ide.mcu.utils.assembly.InstructionRecord.calcJumpInstructionDirect(InstructionRecord.java:190)
2023-10-04 20:40:46,284 [ERROR] LogOutputStream:75 - [STDERR_REDIRECT] 	at com.st.stm32cube.ide.mcu.utils.assembly.InstructionRecord.isJumpInstructionDirect(InstructionRecord.java:153)
2023-10-04 20:40:46,284 [ERROR] LogOutputStream:75 - [STDERR_REDIRECT] 	at com.st.stm32cube.ide.mcu.cyclomaticcomplexity.model.CallGraph.fromInstructions(CallGraph.java:59)
2023-10-04 20:40:46,284 [ERROR] LogOutputStream:75 - [STDERR_REDIRECT] 	at com.st.stm32cube.ide.mcu.cyclomaticcomplexity.CyclomaticView.inputChanged(CyclomaticView.java:699)
2023-10-04 20:40:46,284 [ERROR] LogOutputStream:75 - [STDERR_REDIRECT] 	at com.st.stm32cube.ide.mcu.cyclomaticcomplexity.CyclomaticView.lambda$3(CyclomaticView.java:514)
2023-10-04 20:40:46,284 [ERROR] LogOutputStream:75 - [STDERR_REDIRECT] 	at java.base/java.lang.Thread.run(Thread.java:833)
2023-10-04 20:40:46,284 [ERROR] LogOutputStream:75 - [STDERR_REDIRECT] java.lang.StringIndexOutOfBoundsException: begin 0, end -1, length 0
2023-10-04 20:40:46,284 [ERROR] LogOutputStream:75 - [STDERR_REDIRECT] 	at java.base/java.lang.String.checkBoundsBeginEnd(String.java:4602)
2023-10-04 20:40:46,284 [ERROR] LogOutputStream:75 - [STDERR_REDIRECT] 	at java.base/java.lang.String.substring(String.java:2705)
2023-10-04 20:40:46,284 [ERROR] LogOutputStream:75 - [STDERR_REDIRECT] 	at com.st.stm32cube.ide.mcu.utils.assembly.InstructionRecord.calcJumpInstructionDirect(InstructionRecord.java:190)
2023-10-04 20:40:46,285 [ERROR] LogOutputStream:75 - [STDERR_REDIRECT] 	at com.st.stm32cube.ide.mcu.utils.assembly.InstructionRecord.isJumpInstructionDirect(InstructionRecord.java:153)
2023-10-04 20:40:46,285 [ERROR] LogOutputStream:75 - [STDERR_REDIRECT] 	at com.st.stm32cube.ide.mcu.cyclomaticcomplexity.model.CallGraph.fromInstructions(CallGraph.java:59)
2023-10-04 20:40:46,285 [ERROR] LogOutputStream:75 - [STDERR_REDIRECT] 	at com.st.stm32cube.ide.mcu.cyclomaticcomplexity.CyclomaticView.inputChanged(CyclomaticView.java:699)
2023-10-04 20:40:46,285 [ERROR] LogOutputStream:75 - [STDERR_REDIRECT] 	at com.st.stm32cube.ide.mcu.cyclomaticcomplexity.CyclomaticView.lambda$3(CyclomaticView.java:514)
2023-10-04 20:40:46,285 [ERROR] LogOutputStream:75 - [STDERR_REDIRECT] 	at java.base/java.lang.Thread.run(Thread.java:833)
2023-10-04 20:40:46,285 [ERROR] LogOutputStream:75 - [STDERR_REDIRECT] java.lang.StringIndexOutOfBoundsException: begin 0, end -1, length 0
2023-10-04 20:40:46,285 [ERROR] LogOutputStream:75 - [STDERR_REDIRECT] 	at java.base/java.lang.String.checkBoundsBeginEnd(String.java:4602)
2023-10-04 20:40:46,286 [ERROR] LogOutputStream:75 - [STDERR_REDIRECT] 	at java.base/java.lang.String.substring(String.java:2705)
2023-10-04 20:40:46,286 [ERROR] LogOutputStream:75 - [STDERR_REDIRECT] 	at com.st.stm32cube.ide.mcu.utils.assembly.InstructionRecord.calcJumpInstructionDirect(InstructionRecord.java:190)
2023-10-04 20:40:46,286 [ERROR] LogOutputStream:75 - [STDERR_REDIRECT] 	at com.st.stm32cube.ide.mcu.utils.assembly.InstructionRecord.isJumpInstructionDirect(InstructionRecord.java:153)
2023-10-04 20:40:46,286 [ERROR] LogOutputStream:75 - [STDERR_REDIRECT] 	at com.st.stm32cube.ide.mcu.cyclomaticcomplexity.model.CallGraph.fromInstructions(CallGraph.java:59)
2023-10-04 20:40:46,286 [ERROR] LogOutputStream:75 - [STDERR_REDIRECT] 	at com.st.stm32cube.ide.mcu.cyclomaticcomplexity.CyclomaticView.inputChanged(CyclomaticView.java:699)
2023-10-04 20:40:46,286 [ERROR] LogOutputStream:75 - [STDERR_REDIRECT] 	at com.st.stm32cube.ide.mcu.cyclomaticcomplexity.CyclomaticView.lambda$3(CyclomaticView.java:514)
2023-10-04 20:40:46,286 [ERROR] LogOutputStream:75 - [STDERR_REDIRECT] 	at java.base/java.lang.Thread.run(Thread.java:833)
2023-10-04 20:40:46,504 [ERROR] LogOutputStream:75 - [STDERR_REDIRECT] java.lang.StringIndexOutOfBoundsException: begin 0, end -1, length 0
2023-10-04 20:40:46,504 [ERROR] LogOutputStream:75 - [STDERR_REDIRECT] 	at java.base/java.lang.String.checkBoundsBeginEnd(String.java:4602)
2023-10-04 20:40:46,504 [ERROR] LogOutputStream:75 - [STDERR_REDIRECT] 	at java.base/java.lang.String.substring(String.java:2705)
2023-10-04 20:40:46,504 [ERROR] LogOutputStream:75 - [STDERR_REDIRECT] 	at com.st.stm32cube.ide.mcu.utils.assembly.InstructionRecord.calcJumpInstructionDirect(InstructionRecord.java:190)
2023-10-04 20:40:46,504 [ERROR] LogOutputStream:75 - [STDERR_REDIRECT] 	at com.st.stm32cube.ide.mcu.utils.assembly.InstructionRecord.isJumpInstructionDirect(InstructionRecord.java:153)
2023-10-04 20:40:46,504 [ERROR] LogOutputStream:75 - [STDERR_REDIRECT] 	at com.st.stm32cube.ide.mcu.stackanalyzer.model.CallGraph.fromInstructions(CallGraph.java:64)
2023-10-04 20:40:46,504 [ERROR] LogOutputStream:75 - [STDERR_REDIRECT] 	at com.st.stm32cube.ide.mcu.stackanalyzer.ui.StackAnalyzerView.inputChanged(StackAnalyzerView.java:960)
2023-10-04 20:40:46,505 [ERROR] LogOutputStream:75 - [STDERR_REDIRECT] 	at com.st.stm32cube.ide.mcu.stackanalyzer.ui.StackAnalyzerView.lambda$14(StackAnalyzerView.java:1262)
2023-10-04 20:40:46,505 [ERROR] LogOutputStream:75 - [STDERR_REDIRECT] 	at java.base/java.lang.Thread.run(Thread.java:833)
2023-10-04 20:40:46,505 [ERROR] LogOutputStream:75 - [STDERR_REDIRECT] java.lang.StringIndexOutOfBoundsException: begin 0, end -1, length 0
2023-10-04 20:40:46,505 [ERROR] LogOutputStream:75 - [STDERR_REDIRECT] 	at java.base/java.lang.String.checkBoundsBeginEnd(String.java:4602)
2023-10-04 20:40:46,505 [ERROR] LogOutputStream:75 - [STDERR_REDIRECT] 	at java.base/java.lang.String.substring(String.java:2705)
2023-10-04 20:40:46,505 [ERROR] LogOutputStream:75 - [STDERR_REDIRECT] 	at com.st.stm32cube.ide.mcu.utils.assembly.InstructionRecord.calcJumpInstructionDirect(InstructionRecord.java:190)
2023-10-04 20:40:46,505 [ERROR] LogOutputStream:75 - [STDERR_REDIRECT] 	at com.st.stm32cube.ide.mcu.utils.assembly.InstructionRecord.isJumpInstructionDirect(InstructionRecord.java:153)
2023-10-04 20:40:46,505 [ERROR] LogOutputStream:75 - [STDERR_REDIRECT] 	at com.st.stm32cube.ide.mcu.stackanalyzer.model.CallGraph.fromInstructions(CallGraph.java:64)
2023-10-04 20:40:46,506 [ERROR] LogOutputStream:75 - [STDERR_REDIRECT] 	at com.st.stm32cube.ide.mcu.stackanalyzer.ui.StackAnalyzerView.inputChanged(StackAnalyzerView.java:960)
2023-10-04 20:40:46,506 [ERROR] LogOutputStream:75 - [STDERR_REDIRECT] 	at com.st.stm32cube.ide.mcu.stackanalyzer.ui.StackAnalyzerView.lambda$14(StackAnalyzerView.java:1262)
2023-10-04 20:40:46,506 [ERROR] LogOutputStream:75 - [STDERR_REDIRECT] 	at java.base/java.lang.Thread.run(Thread.java:833)
2023-10-04 20:40:46,506 [ERROR] LogOutputStream:75 - [STDERR_REDIRECT] java.lang.StringIndexOutOfBoundsException: begin 0, end -1, length 0
2023-10-04 20:40:46,506 [ERROR] LogOutputStream:75 - [STDERR_REDIRECT] 	at java.base/java.lang.String.checkBoundsBeginEnd(String.java:4602)
2023-10-04 20:40:46,506 [ERROR] LogOutputStream:75 - [STDERR_REDIRECT] 	at java.base/java.lang.String.substring(String.java:2705)
2023-10-04 20:40:46,506 [ERROR] LogOutputStream:75 - [STDERR_REDIRECT] 	at com.st.stm32cube.ide.mcu.utils.assembly.InstructionRecord.calcJumpInstructionDirect(InstructionRecord.java:190)
2023-10-04 20:40:46,507 [ERROR] LogOutputStream:75 - [STDERR_REDIRECT] 	at com.st.stm32cube.ide.mcu.utils.assembly.InstructionRecord.isJumpInstructionDirect(InstructionRecord.java:153)
2023-10-04 20:40:46,507 [ERROR] LogOutputStream:75 - [STDERR_REDIRECT] 	at com.st.stm32cube.ide.mcu.stackanalyzer.model.CallGraph.fromInstructions(CallGraph.java:64)
2023-10-04 20:40:46,507 [ERROR] LogOutputStream:75 - [STDERR_REDIRECT] 	at com.st.stm32cube.ide.mcu.stackanalyzer.ui.StackAnalyzerView.inputChanged(StackAnalyzerView.java:960)
2023-10-04 20:40:46,507 [ERROR] LogOutputStream:75 - [STDERR_REDIRECT] 	at com.st.stm32cube.ide.mcu.stackanalyzer.ui.StackAnalyzerView.lambda$14(StackAnalyzerView.java:1262)
2023-10-04 20:40:46,507 [ERROR] LogOutputStream:75 - [STDERR_REDIRECT] 	at java.base/java.lang.Thread.run(Thread.java:833)
2023-10-04 20:40:46,507 [ERROR] LogOutputStream:75 - [STDERR_REDIRECT] java.lang.StringIndexOutOfBoundsException: begin 0, end -1, length 0
2023-10-04 20:40:46,507 [ERROR] LogOutputStream:75 - [STDERR_REDIRECT] 	at java.base/java.lang.String.checkBoundsBeginEnd(String.java:4602)
2023-10-04 20:40:46,507 [ERROR] LogOutputStream:75 - [STDERR_REDIRECT] 	at java.base/java.lang.String.substring(String.java:2705)
2023-10-04 20:40:46,508 [ERROR] LogOutputStream:75 - [STDERR_REDIRECT] 	at com.st.stm32cube.ide.mcu.utils.assembly.InstructionRecord.calcJumpInstructionDirect(InstructionRecord.java:190)
2023-10-04 20:40:46,508 [ERROR] LogOutputStream:75 - [STDERR_REDIRECT] 	at com.st.stm32cube.ide.mcu.utils.assembly.InstructionRecord.isJumpInstructionDirect(InstructionRecord.java:153)
2023-10-04 20:40:46,508 [ERROR] LogOutputStream:75 - [STDERR_REDIRECT] 	at com.st.stm32cube.ide.mcu.stackanalyzer.model.CallGraph.fromInstructions(CallGraph.java:64)
2023-10-04 20:40:46,508 [ERROR] LogOutputStream:75 - [STDERR_REDIRECT] 	at com.st.stm32cube.ide.mcu.stackanalyzer.ui.StackAnalyzerView.inputChanged(StackAnalyzerView.java:960)
2023-10-04 20:40:46,508 [ERROR] LogOutputStream:75 - [STDERR_REDIRECT] 	at com.st.stm32cube.ide.mcu.stackanalyzer.ui.StackAnalyzerView.lambda$14(StackAnalyzerView.java:1262)
2023-10-04 20:40:46,508 [ERROR] LogOutputStream:75 - [STDERR_REDIRECT] 	at java.base/java.lang.Thread.run(Thread.java:833)
2023-10-04 20:40:46,508 [ERROR] LogOutputStream:75 - [STDERR_REDIRECT] java.lang.StringIndexOutOfBoundsException: begin 0, end -1, length 0
2023-10-04 20:40:46,509 [ERROR] LogOutputStream:75 - [STDERR_REDIRECT] 	at java.base/java.lang.String.checkBoundsBeginEnd(String.java:4602)
2023-10-04 20:40:46,509 [ERROR] LogOutputStream:75 - [STDERR_REDIRECT] 	at java.base/java.lang.String.substring(String.java:2705)
2023-10-04 20:40:46,509 [ERROR] LogOutputStream:75 - [STDERR_REDIRECT] 	at com.st.stm32cube.ide.mcu.utils.assembly.InstructionRecord.calcJumpInstructionDirect(InstructionRecord.java:190)
2023-10-04 20:40:46,509 [ERROR] LogOutputStream:75 - [STDERR_REDIRECT] 	at com.st.stm32cube.ide.mcu.utils.assembly.InstructionRecord.isJumpInstructionDirect(InstructionRecord.java:153)
2023-10-04 20:40:46,509 [ERROR] LogOutputStream:75 - [STDERR_REDIRECT] 	at com.st.stm32cube.ide.mcu.stackanalyzer.model.CallGraph.fromInstructions(CallGraph.java:64)
2023-10-04 20:40:46,509 [ERROR] LogOutputStream:75 - [STDERR_REDIRECT] 	at com.st.stm32cube.ide.mcu.stackanalyzer.ui.StackAnalyzerView.inputChanged(StackAnalyzerView.java:960)
2023-10-04 20:40:46,509 [ERROR] LogOutputStream:75 - [STDERR_REDIRECT] 	at com.st.stm32cube.ide.mcu.stackanalyzer.ui.StackAnalyzerView.lambda$14(StackAnalyzerView.java:1262)
2023-10-04 20:40:46,509 [ERROR] LogOutputStream:75 - [STDERR_REDIRECT] 	at java.base/java.lang.Thread.run(Thread.java:833)
2023-10-04 20:40:46,510 [ERROR] LogOutputStream:75 - [STDERR_REDIRECT] java.lang.StringIndexOutOfBoundsException: begin 0, end -1, length 0
2023-10-04 20:40:46,510 [ERROR] LogOutputStream:75 - [STDERR_REDIRECT] 	at java.base/java.lang.String.checkBoundsBeginEnd(String.java:4602)
2023-10-04 20:40:46,510 [ERROR] LogOutputStream:75 - [STDERR_REDIRECT] 	at java.base/java.lang.String.substring(String.java:2705)
2023-10-04 20:40:46,510 [ERROR] LogOutputStream:75 - [STDERR_REDIRECT] 	at com.st.stm32cube.ide.mcu.utils.assembly.InstructionRecord.calcJumpInstructionDirect(InstructionRecord.java:190)
2023-10-04 20:40:46,510 [ERROR] LogOutputStream:75 - [STDERR_REDIRECT] 	at com.st.stm32cube.ide.mcu.utils.assembly.InstructionRecord.isJumpInstructionDirect(InstructionRecord.java:153)
2023-10-04 20:40:46,510 [ERROR] LogOutputStream:75 - [STDERR_REDIRECT] 	at com.st.stm32cube.ide.mcu.stackanalyzer.model.CallGraph.fromInstructions(CallGraph.java:64)
2023-10-04 20:40:46,510 [ERROR] LogOutputStream:75 - [STDERR_REDIRECT] 	at com.st.stm32cube.ide.mcu.stackanalyzer.ui.StackAnalyzerView.inputChanged(StackAnalyzerView.java:960)
2023-10-04 20:40:46,510 [ERROR] LogOutputStream:75 - [STDERR_REDIRECT] 	at com.st.stm32cube.ide.mcu.stackanalyzer.ui.StackAnalyzerView.lambda$14(StackAnalyzerView.java:1262)
2023-10-04 20:40:46,511 [ERROR] LogOutputStream:75 - [STDERR_REDIRECT] 	at java.base/java.lang.Thread.run(Thread.java:833)
2023-10-04 20:40:46,581 [WARN] MainUpdater:1189 - Updater busy. Cannot search thirdparties
2023-10-04 20:40:46,581 [INFO] ThirdPartyUpdaterWithRetryManager:96 - Updater plugin is busy. [4/15]
2023-10-04 20:40:46,877 [INFO] WebApp:753 - Register for checkConnection events
2023-10-04 20:40:46,877 [INFO] WebApp:390 - Apply proxy settings
2023-10-04 20:40:46,877 [INFO] WebApp:475 - Chromium requires no authentication
2023-10-04 20:40:46,881 [INFO] WebApp:418 - Direct internet connection detected
2023-10-04 20:40:47,038 [INFO] WebApp:188 - Starting web application
2023-10-04 20:40:47,038 [INFO] WebApp:520 - Web application path used /opt/st/stm32cubeide_1.13.2/plugins/com.st.stm32cube.common.mx_6.9.2.202309101412/db/plugins/mcufinder/reactClient1/index.html
2023-10-04 20:40:49,581 [WARN] MainUpdater:1189 - Updater busy. Cannot search thirdparties
2023-10-04 20:40:49,581 [INFO] ThirdPartyUpdaterWithRetryManager:96 - Updater plugin is busy. [5/15]
2023-10-04 20:40:52,582 [WARN] MainUpdater:1189 - Updater busy. Cannot search thirdparties
2023-10-04 20:40:52,582 [INFO] ThirdPartyUpdaterWithRetryManager:96 - Updater plugin is busy. [6/15]
2023-10-04 20:40:55,582 [WARN] MainUpdater:1189 - Updater busy. Cannot search thirdparties
2023-10-04 20:40:55,582 [INFO] ThirdPartyUpdaterWithRetryManager:96 - Updater plugin is busy. [7/15]
2023-10-04 20:40:58,582 [WARN] MainUpdater:1189 - Updater busy. Cannot search thirdparties
2023-10-04 20:40:58,582 [INFO] ThirdPartyUpdaterWithRetryManager:96 - Updater plugin is busy. [8/15]
2023-10-04 20:41:01,583 [WARN] MainUpdater:1189 - Updater busy. Cannot search thirdparties
2023-10-04 20:41:01,583 [INFO] ThirdPartyUpdaterWithRetryManager:96 - Updater plugin is busy. [9/15]
2023-10-04 20:41:04,583 [WARN] MainUpdater:1189 - Updater busy. Cannot search thirdparties
2023-10-04 20:41:04,583 [INFO] ThirdPartyUpdaterWithRetryManager:96 - Updater plugin is busy. [10/15]
2023-10-04 20:41:07,583 [WARN] MainUpdater:1189 - Updater busy. Cannot search thirdparties
2023-10-04 20:41:07,583 [INFO] ThirdPartyUpdaterWithRetryManager:96 - Updater plugin is busy. [11/15]
2023-10-04 20:41:08,258 [ERROR] LogOutputStream:75 - [STDERR_REDIRECT] SLF4J: Failed to load class "org.slf4j.impl.StaticLoggerBinder".
2023-10-04 20:41:08,258 [ERROR] LogOutputStream:75 - [STDERR_REDIRECT] SLF4J: Defaulting to no-operation (NOP) logger implementation
2023-10-04 20:41:08,258 [ERROR] LogOutputStream:75 - [STDERR_REDIRECT] SLF4J: See http://www.slf4j.org/codes.html#StaticLoggerBinder for further details.
2023-10-04 20:41:10,584 [WARN] MainUpdater:1189 - Updater busy. Cannot search thirdparties
2023-10-04 20:41:10,584 [INFO] ThirdPartyUpdaterWithRetryManager:96 - Updater plugin is busy. [12/15]
2023-10-04 20:41:13,171 [ERROR] ServerAccessManage:1096 - Problem, Http access forbiden
2023-10-04 20:41:13,172 [ERROR] ServerAccessManage:651 - Problem, Http access forbiden : RoweBots.I-CUBE-UNISONRTOS.pdsc.
2023-10-04 20:41:13,584 [WARN] MainUpdater:1189 - Updater busy. Cannot search thirdparties
2023-10-04 20:41:13,584 [INFO] ThirdPartyUpdaterWithRetryManager:96 - Updater plugin is busy. [13/15]
2023-10-04 20:41:13,766 [INFO] ServerAccessManage:473 - Download File ITTIA_DB.I-CUBE-ITTIADB.pdsc
2023-10-04 20:41:14,798 [WARN] PackLoader:240 - Cannot read IP mode file for STMicroelectronics.X-CUBE-TOUCHGFX.4.22.1
2023-10-04 20:41:14,804 [WARN] PackLoader:240 - Cannot read IP mode file for ITTIA_DB.I-CUBE-ITTIADB.8.8.0
2023-10-04 20:41:14,805 [INFO] PopulateThirdPartyThread:66 - Ending populate Thread
2023-10-04 20:41:14,806 [INFO] ThirdParty:1030 - CMSIS Pack Vendor :STMicroelectronics X-CUBE-TOUCHGFX 4.22.1
2023-10-04 20:41:14,806 [INFO] ThirdParty:1030 - CMSIS Pack Vendor :ITTIA_DB I-CUBE-ITTIADB 8.8.0
2023-10-04 20:41:14,806 [INFO] LoadServerUpdatesThread:373 - End of LoadServerUpdate Thread
2023-10-04 20:41:14,907 [INFO] CheckServerUpdateThread:120 - End of CheckServer Thread
2023-10-04 20:41:16,714 [WARN] PackLoader:240 - Cannot read IP mode file for STMicroelectronics.X-CUBE-SMBUS.2.1.0
2023-10-04 20:41:16,745 [WARN] PackLoader:240 - Cannot read IP mode file for STMicroelectronics.X-CUBE-AZRTOS-F7.1.1.0
2023-10-04 20:41:16,757 [WARN] PackLoader:240 - Cannot read IP mode file for STMicroelectronics.FP-SNS-MOTENV1.4.3.2
2023-10-04 20:41:16,771 [WARN] PackLoader:240 - Cannot read IP mode file for STMicroelectronics.FP-SNS-FLIGHT1.5.0.2
2023-10-04 20:41:16,782 [WARN] PackLoader:240 - Cannot read IP mode file for STMicroelectronics.X-CUBE-DISPLAY.3.0.0
2023-10-04 20:41:16,791 [WARN] PackLoader:240 - Cannot read IP mode file for STMicroelectronics.X-CUBE-BLE1.7.0.0
2023-10-04 20:41:16,794 [WARN] PackLoader:240 - Cannot read IP mode file for emotas.I-CUBE-CANOPEN.1.3.0
2023-10-04 20:41:16,795 [WARN] PackLoader:240 - Cannot read IP mode file for STMicroelectronics.X-CUBE-TOUCHGFX.4.22.0
2023-10-04 20:41:16,796 [WARN] PackLoader:240 - Cannot read IP mode file for STMicroelectronics.X-CUBE-TOUCHGFX.4.22.1
2023-10-04 20:41:16,799 [WARN] PackLoader:240 - Cannot read IP mode file for STMicroelectronics.FP-SNS-SMARTAG2.1.2.0
2023-10-04 20:41:16,812 [INFO] LogOutputStream:77 - [STDOUT_REDIRECT] 1 : Invalid condition id : UX_CORESTACK_Condition cause : null
2023-10-04 20:41:16,813 [INFO] LogOutputStream:77 - [STDOUT_REDIRECT] 1 : Invalid condition id : UX_CORESTACK_Condition cause : null
2023-10-04 20:41:16,813 [INFO] LogOutputStream:77 - [STDOUT_REDIRECT] 1 : Invalid condition id : UX_CORESTACK_Condition cause : null
2023-10-04 20:41:16,813 [INFO] LogOutputStream:77 - [STDOUT_REDIRECT] 1 : Invalid condition id : UX_CORESTACK_Condition cause : null
2023-10-04 20:41:16,813 [INFO] LogOutputStream:77 - [STDOUT_REDIRECT] 1 : Invalid condition id : UX_CORESTACK_Condition cause : null
2023-10-04 20:41:16,817 [WARN] PackLoader:240 - Cannot read IP mode file for STMicroelectronics.X-CUBE-AZRTOS-WL.2.0.0
2023-10-04 20:41:16,822 [WARN] PackLoader:240 - Cannot read IP mode file for WES.I-CUBE-Cesium.1.3.0
2023-10-04 20:41:16,831 [WARN] PackLoader:240 - Cannot read IP mode file for STMicroelectronics.X-CUBE-BLE2.3.3.0
2023-10-04 20:41:16,835 [WARN] PackLoader:240 - Cannot read IP mode file for STMicroelectronics.X-CUBE-ALGOBUILD.1.3.0
2023-10-04 20:41:16,866 [WARN] PackLoader:240 - Cannot read IP mode file for STMicroelectronics.X-CUBE-AZRTOS-G0.1.1.0
2023-10-04 20:41:16,870 [WARN] PackLoader:240 - Cannot read IP mode file for STMicroelectronics.X-CUBE-NFC4.3.0.0
2023-10-04 20:41:16,878 [WARN] PackLoader:240 - Cannot read IP mode file for STMicroelectronics.FP-ATR-SIGFOX1.3.2.0
2023-10-04 20:41:16,902 [WARN] PackLoader:240 - Cannot read IP mode file for SEGGER.I-CUBE-embOS.1.3.1
2023-10-04 20:41:16,932 [WARN] PackLoader:240 - Cannot read IP mode file for STMicroelectronics.X-CUBE-GNSS1.6.0.0
2023-10-04 20:41:16,959 [WARN] PackLoader:240 - Cannot read IP mode file for STMicroelectronics.X-CUBE-AZRTOS-F4.1.1.0
2023-10-04 20:41:16,965 [WARN] PackLoader:240 - Cannot read IP mode file for wolfSSL.I-CUBE-wolfSSL.5.6.3
2023-10-04 20:41:16,977 [WARN] PackLoader:240 - Cannot read IP mode file for STMicroelectronics.X-CUBE-AZRTOS-L5.2.0.0
2023-10-04 20:41:17,006 [WARN] PackLoader:240 - Cannot read IP mode file for STMicroelectronics.X-CUBE-MEMS1.9.6.0
2023-10-04 20:41:17,112 [WARN] PackLoader:240 - Cannot read IP mode file for ITTIA_DB.I-CUBE-ITTIADB.8.8.0
2023-10-04 20:41:17,122 [WARN] PackLoader:240 - Cannot read IP mode file for STMicroelectronics.X-CUBE-BLEMGR.2.0.0
2023-10-04 20:41:17,141 [WARN] ConditionMgr:438 - getConditionDescription Invalid condition id : UX DEVICE CLASS RTOS Condition cause : null
2023-10-04 20:41:17,142 [WARN] ConditionMgr:438 - getConditionDescription Invalid condition id : UX DEVICE CLASS RTOS Condition cause : null
2023-10-04 20:41:17,143 [WARN] PackLoader:240 - Cannot read IP mode file for STMicroelectronics.X-CUBE-AZRTOS-H7.3.1.0
2023-10-04 20:41:17,144 [WARN] ConditionMgr:1039 - genDependencies : Invalid condition id : UX DEVICE CLASS RTOS Condition cause : null
2023-10-04 20:41:17,144 [WARN] ConditionMgr:1039 - genDependencies : Invalid condition id : UX DEVICE CLASS RTOS Condition cause : null
2023-10-04 20:41:17,144 [WARN] ConditionMgr:1039 - genDependencies : Invalid condition id : UX DEVICE CLASS RTOS Condition cause : null
2023-10-04 20:41:17,145 [WARN] ConditionMgr:1039 - genDependencies : Invalid condition id : UX DEVICE CLASS RTOS Condition cause : null
2023-10-04 20:41:17,145 [WARN] ConditionMgr:1039 - genDependencies : Invalid condition id : UX DEVICE CLASS RTOS Condition cause : null
2023-10-04 20:41:17,148 [WARN] PackLoader:240 - Cannot read IP mode file for STMicroelectronics.X-CUBE-NFC7.1.0.1
2023-10-04 20:41:17,152 [WARN] PackLoader:240 - Cannot read IP mode file for STMicroelectronics.X-CUBE-NFC6.3.0.0
2023-10-04 20:41:17,155 [WARN] PackLoader:240 - Cannot read IP mode file for STMicroelectronics.X-CUBE-EEPRMA1.4.1.0
2023-10-04 20:41:17,157 [WARN] PackLoader:240 - Cannot read IP mode file for STMicroelectronics.X-CUBE-AI.8.1.0
2023-10-04 20:41:17,172 [WARN] ConditionMgr:438 - getConditionDescription Invalid condition id : LAN8742 Phy interface Condition cause : null
2023-10-04 20:41:17,172 [WARN] PackLoader:240 - Cannot read IP mode file for STMicroelectronics.X-CUBE-AZRTOS-L4.2.0.0
2023-10-04 20:41:17,173 [WARN] ConditionMgr:1039 - genDependencies : Invalid condition id : LAN8742 Phy interface Condition cause : null
2023-10-04 20:41:17,173 [WARN] ConditionMgr:1039 - genDependencies : Invalid condition id : LAN8742 Phy interface Condition cause : null
2023-10-04 20:41:17,173 [WARN] ConditionMgr:1039 - genDependencies : Invalid condition id : LAN8742 Phy interface Condition cause : null
2023-10-04 20:41:17,177 [WARN] PackLoader:240 - Cannot read IP mode file for STMicroelectronics.X-CUBE-SFXS2LP1.4.0.0
2023-10-04 20:41:17,179 [WARN] PackLoader:240 - Cannot read IP mode file for STMicroelectronics.X-CUBE-ISPU.1.1.0
2023-10-04 20:41:17,185 [WARN] ConditionMgr:438 - getConditionDescription Invalid condition id : UX DEVICE CLASS RTOS Condition cause : null
2023-10-04 20:41:17,185 [WARN] ConditionMgr:438 - getConditionDescription Invalid condition id : UX DEVICE CLASS RTOS Condition cause : null
2023-10-04 20:41:17,186 [WARN] PackLoader:240 - Cannot read IP mode file for STMicroelectronics.X-CUBE-AZRTOS-WB.2.0.0
2023-10-04 20:41:17,187 [WARN] ConditionMgr:1039 - genDependencies : Invalid condition id : UX DEVICE CLASS RTOS Condition cause : null
2023-10-04 20:41:17,187 [WARN] ConditionMgr:1039 - genDependencies : Invalid condition id : UX DEVICE CLASS RTOS Condition cause : null
2023-10-04 20:41:17,187 [WARN] ConditionMgr:1039 - genDependencies : Invalid condition id : UX DEVICE CLASS RTOS Condition cause : null
2023-10-04 20:41:17,187 [WARN] ConditionMgr:1039 - genDependencies : Invalid condition id : UX DEVICE CLASS RTOS Condition cause : null
2023-10-04 20:41:17,187 [WARN] ConditionMgr:1039 - genDependencies : Invalid condition id : UX DEVICE CLASS RTOS Condition cause : null
2023-10-04 20:41:17,199 [WARN] PackLoader:240 - Cannot read IP mode file for STMicroelectronics.X-CUBE-SUBG2.5.0.0
2023-10-04 20:41:17,209 [WARN] PackLoader:240 - Cannot read IP mode file for STMicroelectronics.X-CUBE-TOF1.3.3.1
2023-10-04 20:41:17,221 [WARN] PackLoader:240 - Cannot read IP mode file for STMicroelectronics.X-CUBE-AZRTOS-G4.2.0.0
2023-10-04 20:41:17,224 [WARN] PackLoader:240 - Cannot read IP mode file for STMicroelectronics.X-CUBE-FREERTOS.1.1.0
2023-10-04 20:41:17,243 [WARN] PackLoader:240 - Cannot read IP mode file for portGmbH.I-Cube-SoM-uGOAL.1.1.0
2023-10-04 20:41:17,245 [WARN] PackLoader:240 - Cannot read IP mode file for STMicroelectronics.X-CUBE-ALS.1.0.1
2023-10-04 20:41:17,255 [WARN] PackLoader:240 - Cannot read IP mode file for STMicroelectronics.FP-ATR-ASTRA1.2.0.0
2023-10-04 20:41:17,255 [INFO] ThirdParty:978 - Integrity check success = true
2023-10-04 20:41:17,255 [INFO] IntegrityCheckThread:100 - exiting critical section [integrity check]
2023-10-04 20:41:17,256 [INFO] IntegrityCheckThread:103 - End integrity checks thread
2023-10-04 20:43:11,294 [ERROR] LogOutputStream:75 - [STDERR_REDIRECT] java.lang.StringIndexOutOfBoundsException: begin 0, end -1, length 0
2023-10-04 20:43:11,295 [ERROR] LogOutputStream:75 - [STDERR_REDIRECT] 	at java.base/java.lang.String.checkBoundsBeginEnd(String.java:4602)
2023-10-04 20:43:11,295 [ERROR] LogOutputStream:75 - [STDERR_REDIRECT] 	at java.base/java.lang.String.substring(String.java:2705)
2023-10-04 20:43:11,295 [ERROR] LogOutputStream:75 - [STDERR_REDIRECT] 	at com.st.stm32cube.ide.mcu.utils.assembly.InstructionRecord.calcJumpInstructionDirect(InstructionRecord.java:190)
2023-10-04 20:43:11,295 [ERROR] LogOutputStream:75 - [STDERR_REDIRECT] 	at com.st.stm32cube.ide.mcu.utils.assembly.InstructionRecord.isJumpInstructionDirect(InstructionRecord.java:153)
2023-10-04 20:43:11,295 [ERROR] LogOutputStream:75 - [STDERR_REDIRECT] 	at com.st.stm32cube.ide.mcu.cyclomaticcomplexity.model.CallGraph.fromInstructions(CallGraph.java:59)
2023-10-04 20:43:11,295 [ERROR] LogOutputStream:75 - [STDERR_REDIRECT] 	at com.st.stm32cube.ide.mcu.cyclomaticcomplexity.CyclomaticView.inputChanged(CyclomaticView.java:699)
2023-10-04 20:43:11,295 [ERROR] LogOutputStream:75 - [STDERR_REDIRECT] 	at com.st.stm32cube.ide.mcu.cyclomaticcomplexity.CyclomaticView.lambda$4(CyclomaticView.java:561)
2023-10-04 20:43:11,295 [ERROR] LogOutputStream:75 - [STDERR_REDIRECT] 	at java.base/java.lang.Thread.run(Thread.java:833)
2023-10-04 20:43:11,296 [ERROR] LogOutputStream:75 - [STDERR_REDIRECT] java.lang.StringIndexOutOfBoundsException: begin 0, end -1, length 0
2023-10-04 20:43:11,296 [ERROR] LogOutputStream:75 - [STDERR_REDIRECT] 	at java.base/java.lang.String.checkBoundsBeginEnd(String.java:4602)
2023-10-04 20:43:11,296 [ERROR] LogOutputStream:75 - [STDERR_REDIRECT] 	at java.base/java.lang.String.substring(String.java:2705)
2023-10-04 20:43:11,296 [ERROR] LogOutputStream:75 - [STDERR_REDIRECT] 	at com.st.stm32cube.ide.mcu.utils.assembly.InstructionRecord.calcJumpInstructionDirect(InstructionRecord.java:190)
2023-10-04 20:43:11,296 [ERROR] LogOutputStream:75 - [STDERR_REDIRECT] 	at com.st.stm32cube.ide.mcu.utils.assembly.InstructionRecord.isJumpInstructionDirect(InstructionRecord.java:153)
2023-10-04 20:43:11,296 [ERROR] LogOutputStream:75 - [STDERR_REDIRECT] 	at com.st.stm32cube.ide.mcu.cyclomaticcomplexity.model.CallGraph.fromInstructions(CallGraph.java:59)
2023-10-04 20:43:11,296 [ERROR] LogOutputStream:75 - [STDERR_REDIRECT] 	at com.st.stm32cube.ide.mcu.cyclomaticcomplexity.CyclomaticView.inputChanged(CyclomaticView.java:699)
2023-10-04 20:43:11,296 [ERROR] LogOutputStream:75 - [STDERR_REDIRECT] 	at com.st.stm32cube.ide.mcu.cyclomaticcomplexity.CyclomaticView.lambda$4(CyclomaticView.java:561)
2023-10-04 20:43:11,296 [ERROR] LogOutputStream:75 - [STDERR_REDIRECT] 	at java.base/java.lang.Thread.run(Thread.java:833)
2023-10-04 20:43:11,297 [ERROR] LogOutputStream:75 - [STDERR_REDIRECT] java.lang.StringIndexOutOfBoundsException: begin 0, end -1, length 0
2023-10-04 20:43:11,297 [ERROR] LogOutputStream:75 - [STDERR_REDIRECT] 	at java.base/java.lang.String.checkBoundsBeginEnd(String.java:4602)
2023-10-04 20:43:11,297 [ERROR] LogOutputStream:75 - [STDERR_REDIRECT] 	at java.base/java.lang.String.substring(String.java:2705)
2023-10-04 20:43:11,297 [ERROR] LogOutputStream:75 - [STDERR_REDIRECT] 	at com.st.stm32cube.ide.mcu.utils.assembly.InstructionRecord.calcJumpInstructionDirect(InstructionRecord.java:190)
2023-10-04 20:43:11,297 [ERROR] LogOutputStream:75 - [STDERR_REDIRECT] 	at com.st.stm32cube.ide.mcu.utils.assembly.InstructionRecord.isJumpInstructionDirect(InstructionRecord.java:153)
2023-10-04 20:43:11,297 [ERROR] LogOutputStream:75 - [STDERR_REDIRECT] 	at com.st.stm32cube.ide.mcu.cyclomaticcomplexity.model.CallGraph.fromInstructions(CallGraph.java:59)
2023-10-04 20:43:11,297 [ERROR] LogOutputStream:75 - [STDERR_REDIRECT] 	at com.st.stm32cube.ide.mcu.cyclomaticcomplexity.CyclomaticView.inputChanged(CyclomaticView.java:699)
2023-10-04 20:43:11,297 [ERROR] LogOutputStream:75 - [STDERR_REDIRECT] 	at com.st.stm32cube.ide.mcu.cyclomaticcomplexity.CyclomaticView.lambda$4(CyclomaticView.java:561)
2023-10-04 20:43:11,297 [ERROR] LogOutputStream:75 - [STDERR_REDIRECT] 	at java.base/java.lang.Thread.run(Thread.java:833)
2023-10-04 20:43:11,298 [ERROR] LogOutputStream:75 - [STDERR_REDIRECT] java.lang.StringIndexOutOfBoundsException: begin 0, end -1, length 0
2023-10-04 20:43:11,298 [ERROR] LogOutputStream:75 - [STDERR_REDIRECT] 	at java.base/java.lang.String.checkBoundsBeginEnd(String.java:4602)
2023-10-04 20:43:11,298 [ERROR] LogOutputStream:75 - [STDERR_REDIRECT] 	at java.base/java.lang.String.substring(String.java:2705)
2023-10-04 20:43:11,298 [ERROR] LogOutputStream:75 - [STDERR_REDIRECT] 	at com.st.stm32cube.ide.mcu.utils.assembly.InstructionRecord.calcJumpInstructionDirect(InstructionRecord.java:190)
2023-10-04 20:43:11,298 [ERROR] LogOutputStream:75 - [STDERR_REDIRECT] 	at com.st.stm32cube.ide.mcu.utils.assembly.InstructionRecord.isJumpInstructionDirect(InstructionRecord.java:153)
2023-10-04 20:43:11,298 [ERROR] LogOutputStream:75 - [STDERR_REDIRECT] 	at com.st.stm32cube.ide.mcu.cyclomaticcomplexity.model.CallGraph.fromInstructions(CallGraph.java:59)
2023-10-04 20:43:11,298 [ERROR] LogOutputStream:75 - [STDERR_REDIRECT] 	at com.st.stm32cube.ide.mcu.cyclomaticcomplexity.CyclomaticView.inputChanged(CyclomaticView.java:699)
2023-10-04 20:43:11,298 [ERROR] LogOutputStream:75 - [STDERR_REDIRECT] 	at com.st.stm32cube.ide.mcu.cyclomaticcomplexity.CyclomaticView.lambda$4(CyclomaticView.java:561)
2023-10-04 20:43:11,298 [ERROR] LogOutputStream:75 - [STDERR_REDIRECT] 	at java.base/java.lang.Thread.run(Thread.java:833)
2023-10-04 20:43:11,299 [ERROR] LogOutputStream:75 - [STDERR_REDIRECT] java.lang.StringIndexOutOfBoundsException: begin 0, end -1, length 0
2023-10-04 20:43:11,299 [ERROR] LogOutputStream:75 - [STDERR_REDIRECT] 	at java.base/java.lang.String.checkBoundsBeginEnd(String.java:4602)
2023-10-04 20:43:11,299 [ERROR] LogOutputStream:75 - [STDERR_REDIRECT] 	at java.base/java.lang.String.substring(String.java:2705)
2023-10-04 20:43:11,299 [ERROR] LogOutputStream:75 - [STDERR_REDIRECT] 	at com.st.stm32cube.ide.mcu.utils.assembly.InstructionRecord.calcJumpInstructionDirect(InstructionRecord.java:190)
2023-10-04 20:43:11,299 [ERROR] LogOutputStream:75 - [STDERR_REDIRECT] 	at com.st.stm32cube.ide.mcu.utils.assembly.InstructionRecord.isJumpInstructionDirect(InstructionRecord.java:153)
2023-10-04 20:43:11,299 [ERROR] LogOutputStream:75 - [STDERR_REDIRECT] 	at com.st.stm32cube.ide.mcu.cyclomaticcomplexity.model.CallGraph.fromInstructions(CallGraph.java:59)
2023-10-04 20:43:11,299 [ERROR] LogOutputStream:75 - [STDERR_REDIRECT] 	at com.st.stm32cube.ide.mcu.cyclomaticcomplexity.CyclomaticView.inputChanged(CyclomaticView.java:699)
2023-10-04 20:43:11,299 [ERROR] LogOutputStream:75 - [STDERR_REDIRECT] 	at com.st.stm32cube.ide.mcu.cyclomaticcomplexity.CyclomaticView.lambda$4(CyclomaticView.java:561)
2023-10-04 20:43:11,299 [ERROR] LogOutputStream:75 - [STDERR_REDIRECT] 	at java.base/java.lang.Thread.run(Thread.java:833)
2023-10-04 20:43:11,299 [ERROR] LogOutputStream:75 - [STDERR_REDIRECT] java.lang.StringIndexOutOfBoundsException: begin 0, end -1, length 0
2023-10-04 20:43:11,299 [ERROR] LogOutputStream:75 - [STDERR_REDIRECT] 	at java.base/java.lang.String.checkBoundsBeginEnd(String.java:4602)
2023-10-04 20:43:11,299 [ERROR] LogOutputStream:75 - [STDERR_REDIRECT] 	at java.base/java.lang.String.substring(String.java:2705)
2023-10-04 20:43:11,299 [ERROR] LogOutputStream:75 - [STDERR_REDIRECT] 	at com.st.stm32cube.ide.mcu.utils.assembly.InstructionRecord.calcJumpInstructionDirect(InstructionRecord.java:190)
2023-10-04 20:43:11,300 [ERROR] LogOutputStream:75 - [STDERR_REDIRECT] 	at com.st.stm32cube.ide.mcu.utils.assembly.InstructionRecord.isJumpInstructionDirect(InstructionRecord.java:153)
2023-10-04 20:43:11,300 [ERROR] LogOutputStream:75 - [STDERR_REDIRECT] 	at com.st.stm32cube.ide.mcu.cyclomaticcomplexity.model.CallGraph.fromInstructions(CallGraph.java:59)
2023-10-04 20:43:11,300 [ERROR] LogOutputStream:75 - [STDERR_REDIRECT] 	at com.st.stm32cube.ide.mcu.cyclomaticcomplexity.CyclomaticView.inputChanged(CyclomaticView.java:699)
2023-10-04 20:43:11,300 [ERROR] LogOutputStream:75 - [STDERR_REDIRECT] 	at com.st.stm32cube.ide.mcu.cyclomaticcomplexity.CyclomaticView.lambda$4(CyclomaticView.java:561)
2023-10-04 20:43:11,300 [ERROR] LogOutputStream:75 - [STDERR_REDIRECT] 	at java.base/java.lang.Thread.run(Thread.java:833)
2023-10-04 20:43:11,787 [ERROR] LogOutputStream:75 - [STDERR_REDIRECT] java.lang.StringIndexOutOfBoundsException: begin 0, end -1, length 0
2023-10-04 20:43:11,787 [ERROR] LogOutputStream:75 - [STDERR_REDIRECT] 	at java.base/java.lang.String.checkBoundsBeginEnd(String.java:4602)
2023-10-04 20:43:11,787 [ERROR] LogOutputStream:75 - [STDERR_REDIRECT] 	at java.base/java.lang.String.substring(String.java:2705)
2023-10-04 20:43:11,787 [ERROR] LogOutputStream:75 - [STDERR_REDIRECT] 	at com.st.stm32cube.ide.mcu.utils.assembly.InstructionRecord.calcJumpInstructionDirect(InstructionRecord.java:190)
2023-10-04 20:43:11,787 [ERROR] LogOutputStream:75 - [STDERR_REDIRECT] 	at com.st.stm32cube.ide.mcu.utils.assembly.InstructionRecord.isJumpInstructionDirect(InstructionRecord.java:153)
2023-10-04 20:43:11,787 [ERROR] LogOutputStream:75 - [STDERR_REDIRECT] 	at com.st.stm32cube.ide.mcu.stackanalyzer.model.CallGraph.fromInstructions(CallGraph.java:64)
2023-10-04 20:43:11,787 [ERROR] LogOutputStream:75 - [STDERR_REDIRECT] 	at com.st.stm32cube.ide.mcu.stackanalyzer.ui.StackAnalyzerView.inputChanged(StackAnalyzerView.java:960)
2023-10-04 20:43:11,788 [ERROR] LogOutputStream:75 - [STDERR_REDIRECT] 	at com.st.stm32cube.ide.mcu.stackanalyzer.ui.StackAnalyzerView.lambda$15(StackAnalyzerView.java:1307)
2023-10-04 20:43:11,788 [ERROR] LogOutputStream:75 - [STDERR_REDIRECT] 	at java.base/java.lang.Thread.run(Thread.java:833)
2023-10-04 20:43:11,788 [ERROR] LogOutputStream:75 - [STDERR_REDIRECT] java.lang.StringIndexOutOfBoundsException: begin 0, end -1, length 0
2023-10-04 20:43:11,788 [ERROR] LogOutputStream:75 - [STDERR_REDIRECT] 	at java.base/java.lang.String.checkBoundsBeginEnd(String.java:4602)
2023-10-04 20:43:11,788 [ERROR] LogOutputStream:75 - [STDERR_REDIRECT] 	at java.base/java.lang.String.substring(String.java:2705)
2023-10-04 20:43:11,788 [ERROR] LogOutputStream:75 - [STDERR_REDIRECT] 	at com.st.stm32cube.ide.mcu.utils.assembly.InstructionRecord.calcJumpInstructionDirect(InstructionRecord.java:190)
2023-10-04 20:43:11,788 [ERROR] LogOutputStream:75 - [STDERR_REDIRECT] 	at com.st.stm32cube.ide.mcu.utils.assembly.InstructionRecord.isJumpInstructionDirect(InstructionRecord.java:153)
2023-10-04 20:43:11,788 [ERROR] LogOutputStream:75 - [STDERR_REDIRECT] 	at com.st.stm32cube.ide.mcu.stackanalyzer.model.CallGraph.fromInstructions(CallGraph.java:64)
2023-10-04 20:43:11,788 [ERROR] LogOutputStream:75 - [STDERR_REDIRECT] 	at com.st.stm32cube.ide.mcu.stackanalyzer.ui.StackAnalyzerView.inputChanged(StackAnalyzerView.java:960)
2023-10-04 20:43:11,788 [ERROR] LogOutputStream:75 - [STDERR_REDIRECT] 	at com.st.stm32cube.ide.mcu.stackanalyzer.ui.StackAnalyzerView.lambda$15(StackAnalyzerView.java:1307)
2023-10-04 20:43:11,788 [ERROR] LogOutputStream:75 - [STDERR_REDIRECT] 	at java.base/java.lang.Thread.run(Thread.java:833)
2023-10-04 20:43:11,788 [ERROR] LogOutputStream:75 - [STDERR_REDIRECT] java.lang.StringIndexOutOfBoundsException: begin 0, end -1, length 0
2023-10-04 20:43:11,788 [ERROR] LogOutputStream:75 - [STDERR_REDIRECT] 	at java.base/java.lang.String.checkBoundsBeginEnd(String.java:4602)
2023-10-04 20:43:11,789 [ERROR] LogOutputStream:75 - [STDERR_REDIRECT] 	at java.base/java.lang.String.substring(String.java:2705)
2023-10-04 20:43:11,789 [ERROR] LogOutputStream:75 - [STDERR_REDIRECT] 	at com.st.stm32cube.ide.mcu.utils.assembly.InstructionRecord.calcJumpInstructionDirect(InstructionRecord.java:190)
2023-10-04 20:43:11,789 [ERROR] LogOutputStream:75 - [STDERR_REDIRECT] 	at com.st.stm32cube.ide.mcu.utils.assembly.InstructionRecord.isJumpInstructionDirect(InstructionRecord.java:153)
2023-10-04 20:43:11,789 [ERROR] LogOutputStream:75 - [STDERR_REDIRECT] 	at com.st.stm32cube.ide.mcu.stackanalyzer.model.CallGraph.fromInstructions(CallGraph.java:64)
2023-10-04 20:43:11,789 [ERROR] LogOutputStream:75 - [STDERR_REDIRECT] 	at com.st.stm32cube.ide.mcu.stackanalyzer.ui.StackAnalyzerView.inputChanged(StackAnalyzerView.java:960)
2023-10-04 20:43:11,789 [ERROR] LogOutputStream:75 - [STDERR_REDIRECT] 	at com.st.stm32cube.ide.mcu.stackanalyzer.ui.StackAnalyzerView.lambda$15(StackAnalyzerView.java:1307)
2023-10-04 20:43:11,789 [ERROR] LogOutputStream:75 - [STDERR_REDIRECT] 	at java.base/java.lang.Thread.run(Thread.java:833)
2023-10-04 20:43:11,789 [ERROR] LogOutputStream:75 - [STDERR_REDIRECT] java.lang.StringIndexOutOfBoundsException: begin 0, end -1, length 0
2023-10-04 20:43:11,789 [ERROR] LogOutputStream:75 - [STDERR_REDIRECT] 	at java.base/java.lang.String.checkBoundsBeginEnd(String.java:4602)
2023-10-04 20:43:11,789 [ERROR] LogOutputStream:75 - [STDERR_REDIRECT] 	at java.base/java.lang.String.substring(String.java:2705)
2023-10-04 20:43:11,789 [ERROR] LogOutputStream:75 - [STDERR_REDIRECT] 	at com.st.stm32cube.ide.mcu.utils.assembly.InstructionRecord.calcJumpInstructionDirect(InstructionRecord.java:190)
2023-10-04 20:43:11,789 [ERROR] LogOutputStream:75 - [STDERR_REDIRECT] 	at com.st.stm32cube.ide.mcu.utils.assembly.InstructionRecord.isJumpInstructionDirect(InstructionRecord.java:153)
2023-10-04 20:43:11,789 [ERROR] LogOutputStream:75 - [STDERR_REDIRECT] 	at com.st.stm32cube.ide.mcu.stackanalyzer.model.CallGraph.fromInstructions(CallGraph.java:64)
2023-10-04 20:43:11,789 [ERROR] LogOutputStream:75 - [STDERR_REDIRECT] 	at com.st.stm32cube.ide.mcu.stackanalyzer.ui.StackAnalyzerView.inputChanged(StackAnalyzerView.java:960)
2023-10-04 20:43:11,790 [ERROR] LogOutputStream:75 - [STDERR_REDIRECT] 	at com.st.stm32cube.ide.mcu.stackanalyzer.ui.StackAnalyzerView.lambda$15(StackAnalyzerView.java:1307)
2023-10-04 20:43:11,790 [ERROR] LogOutputStream:75 - [STDERR_REDIRECT] 	at java.base/java.lang.Thread.run(Thread.java:833)
2023-10-04 20:43:11,790 [ERROR] LogOutputStream:75 - [STDERR_REDIRECT] java.lang.StringIndexOutOfBoundsException: begin 0, end -1, length 0
2023-10-04 20:43:11,790 [ERROR] LogOutputStream:75 - [STDERR_REDIRECT] 	at java.base/java.lang.String.checkBoundsBeginEnd(String.java:4602)
2023-10-04 20:43:11,790 [ERROR] LogOutputStream:75 - [STDERR_REDIRECT] 	at java.base/java.lang.String.substring(String.java:2705)
2023-10-04 20:43:11,790 [ERROR] LogOutputStream:75 - [STDERR_REDIRECT] 	at com.st.stm32cube.ide.mcu.utils.assembly.InstructionRecord.calcJumpInstructionDirect(InstructionRecord.java:190)
2023-10-04 20:43:11,790 [ERROR] LogOutputStream:75 - [STDERR_REDIRECT] 	at com.st.stm32cube.ide.mcu.utils.assembly.InstructionRecord.isJumpInstructionDirect(InstructionRecord.java:153)
2023-10-04 20:43:11,790 [ERROR] LogOutputStream:75 - [STDERR_REDIRECT] 	at com.st.stm32cube.ide.mcu.stackanalyzer.model.CallGraph.fromInstructions(CallGraph.java:64)
2023-10-04 20:43:11,790 [ERROR] LogOutputStream:75 - [STDERR_REDIRECT] 	at com.st.stm32cube.ide.mcu.stackanalyzer.ui.StackAnalyzerView.inputChanged(StackAnalyzerView.java:960)
2023-10-04 20:43:11,790 [ERROR] LogOutputStream:75 - [STDERR_REDIRECT] 	at com.st.stm32cube.ide.mcu.stackanalyzer.ui.StackAnalyzerView.lambda$15(StackAnalyzerView.java:1307)
2023-10-04 20:43:11,790 [ERROR] LogOutputStream:75 - [STDERR_REDIRECT] 	at java.base/java.lang.Thread.run(Thread.java:833)
2023-10-04 20:43:11,790 [ERROR] LogOutputStream:75 - [STDERR_REDIRECT] java.lang.StringIndexOutOfBoundsException: begin 0, end -1, length 0
2023-10-04 20:43:11,790 [ERROR] LogOutputStream:75 - [STDERR_REDIRECT] 	at java.base/java.lang.String.checkBoundsBeginEnd(String.java:4602)
2023-10-04 20:43:11,790 [ERROR] LogOutputStream:75 - [STDERR_REDIRECT] 	at java.base/java.lang.String.substring(String.java:2705)
2023-10-04 20:43:11,791 [ERROR] LogOutputStream:75 - [STDERR_REDIRECT] 	at com.st.stm32cube.ide.mcu.utils.assembly.InstructionRecord.calcJumpInstructionDirect(InstructionRecord.java:190)
2023-10-04 20:43:11,791 [ERROR] LogOutputStream:75 - [STDERR_REDIRECT] 	at com.st.stm32cube.ide.mcu.utils.assembly.InstructionRecord.isJumpInstructionDirect(InstructionRecord.java:153)
2023-10-04 20:43:11,791 [ERROR] LogOutputStream:75 - [STDERR_REDIRECT] 	at com.st.stm32cube.ide.mcu.stackanalyzer.model.CallGraph.fromInstructions(CallGraph.java:64)
2023-10-04 20:43:11,791 [ERROR] LogOutputStream:75 - [STDERR_REDIRECT] 	at com.st.stm32cube.ide.mcu.stackanalyzer.ui.StackAnalyzerView.inputChanged(StackAnalyzerView.java:960)
2023-10-04 20:43:11,791 [ERROR] LogOutputStream:75 - [STDERR_REDIRECT] 	at com.st.stm32cube.ide.mcu.stackanalyzer.ui.StackAnalyzerView.lambda$15(StackAnalyzerView.java:1307)
2023-10-04 20:43:11,791 [ERROR] LogOutputStream:75 - [STDERR_REDIRECT] 	at java.base/java.lang.Thread.run(Thread.java:833)
2023-10-04 20:43:35,793 [ERROR] LogOutputStream:75 - [STDERR_REDIRECT] java.lang.StringIndexOutOfBoundsException: begin 0, end -1, length 0
2023-10-04 20:43:35,793 [ERROR] LogOutputStream:75 - [STDERR_REDIRECT] 	at java.base/java.lang.String.checkBoundsBeginEnd(String.java:4602)
2023-10-04 20:43:35,794 [ERROR] LogOutputStream:75 - [STDERR_REDIRECT] 	at java.base/java.lang.String.substring(String.java:2705)
2023-10-04 20:43:35,794 [ERROR] LogOutputStream:75 - [STDERR_REDIRECT] 	at com.st.stm32cube.ide.mcu.utils.assembly.InstructionRecord.calcJumpInstructionDirect(InstructionRecord.java:190)
2023-10-04 20:43:35,794 [ERROR] LogOutputStream:75 - [STDERR_REDIRECT] 	at com.st.stm32cube.ide.mcu.utils.assembly.InstructionRecord.isJumpInstructionDirect(InstructionRecord.java:153)
2023-10-04 20:43:35,794 [ERROR] LogOutputStream:75 - [STDERR_REDIRECT] 	at com.st.stm32cube.ide.mcu.cyclomaticcomplexity.model.CallGraph.fromInstructions(CallGraph.java:59)
2023-10-04 20:43:35,794 [ERROR] LogOutputStream:75 - [STDERR_REDIRECT] 	at com.st.stm32cube.ide.mcu.cyclomaticcomplexity.CyclomaticView.inputChanged(CyclomaticView.java:699)
2023-10-04 20:43:35,794 [ERROR] LogOutputStream:75 - [STDERR_REDIRECT] 	at com.st.stm32cube.ide.mcu.cyclomaticcomplexity.CyclomaticView.lambda$2(CyclomaticView.java:497)
2023-10-04 20:43:35,794 [ERROR] LogOutputStream:75 - [STDERR_REDIRECT] 	at java.base/java.lang.Thread.run(Thread.java:833)
2023-10-04 20:43:35,794 [ERROR] LogOutputStream:75 - [STDERR_REDIRECT] java.lang.StringIndexOutOfBoundsException: begin 0, end -1, length 0
2023-10-04 20:43:35,794 [ERROR] LogOutputStream:75 - [STDERR_REDIRECT] 	at java.base/java.lang.String.checkBoundsBeginEnd(String.java:4602)
2023-10-04 20:43:35,794 [ERROR] LogOutputStream:75 - [STDERR_REDIRECT] 	at java.base/java.lang.String.substring(String.java:2705)
2023-10-04 20:43:35,794 [ERROR] LogOutputStream:75 - [STDERR_REDIRECT] 	at com.st.stm32cube.ide.mcu.utils.assembly.InstructionRecord.calcJumpInstructionDirect(InstructionRecord.java:190)
2023-10-04 20:43:35,794 [ERROR] LogOutputStream:75 - [STDERR_REDIRECT] 	at com.st.stm32cube.ide.mcu.utils.assembly.InstructionRecord.isJumpInstructionDirect(InstructionRecord.java:153)
2023-10-04 20:43:35,794 [ERROR] LogOutputStream:75 - [STDERR_REDIRECT] 	at com.st.stm32cube.ide.mcu.cyclomaticcomplexity.model.CallGraph.fromInstructions(CallGraph.java:59)
2023-10-04 20:43:35,795 [ERROR] LogOutputStream:75 - [STDERR_REDIRECT] 	at com.st.stm32cube.ide.mcu.cyclomaticcomplexity.CyclomaticView.inputChanged(CyclomaticView.java:699)
2023-10-04 20:43:35,795 [ERROR] LogOutputStream:75 - [STDERR_REDIRECT] 	at com.st.stm32cube.ide.mcu.cyclomaticcomplexity.CyclomaticView.lambda$2(CyclomaticView.java:497)
2023-10-04 20:43:35,795 [ERROR] LogOutputStream:75 - [STDERR_REDIRECT] 	at java.base/java.lang.Thread.run(Thread.java:833)
2023-10-04 20:43:35,795 [ERROR] LogOutputStream:75 - [STDERR_REDIRECT] java.lang.StringIndexOutOfBoundsException: begin 0, end -1, length 0
2023-10-04 20:43:35,795 [ERROR] LogOutputStream:75 - [STDERR_REDIRECT] 	at java.base/java.lang.String.checkBoundsBeginEnd(String.java:4602)
2023-10-04 20:43:35,795 [ERROR] LogOutputStream:75 - [STDERR_REDIRECT] 	at java.base/java.lang.String.substring(String.java:2705)
2023-10-04 20:43:35,795 [ERROR] LogOutputStream:75 - [STDERR_REDIRECT] 	at com.st.stm32cube.ide.mcu.utils.assembly.InstructionRecord.calcJumpInstructionDirect(InstructionRecord.java:190)
2023-10-04 20:43:35,795 [ERROR] LogOutputStream:75 - [STDERR_REDIRECT] 	at com.st.stm32cube.ide.mcu.utils.assembly.InstructionRecord.isJumpInstructionDirect(InstructionRecord.java:153)
2023-10-04 20:43:35,795 [ERROR] LogOutputStream:75 - [STDERR_REDIRECT] 	at com.st.stm32cube.ide.mcu.cyclomaticcomplexity.model.CallGraph.fromInstructions(CallGraph.java:59)
2023-10-04 20:43:35,795 [ERROR] LogOutputStream:75 - [STDERR_REDIRECT] 	at com.st.stm32cube.ide.mcu.cyclomaticcomplexity.CyclomaticView.inputChanged(CyclomaticView.java:699)
2023-10-04 20:43:35,795 [ERROR] LogOutputStream:75 - [STDERR_REDIRECT] 	at com.st.stm32cube.ide.mcu.cyclomaticcomplexity.CyclomaticView.lambda$2(CyclomaticView.java:497)
2023-10-04 20:43:35,795 [ERROR] LogOutputStream:75 - [STDERR_REDIRECT] 	at java.base/java.lang.Thread.run(Thread.java:833)
2023-10-04 20:43:35,795 [ERROR] LogOutputStream:75 - [STDERR_REDIRECT] java.lang.StringIndexOutOfBoundsException: begin 0, end -1, length 0
2023-10-04 20:43:35,796 [ERROR] LogOutputStream:75 - [STDERR_REDIRECT] 	at java.base/java.lang.String.checkBoundsBeginEnd(String.java:4602)
2023-10-04 20:43:35,796 [ERROR] LogOutputStream:75 - [STDERR_REDIRECT] 	at java.base/java.lang.String.substring(String.java:2705)
2023-10-04 20:43:35,796 [ERROR] LogOutputStream:75 - [STDERR_REDIRECT] 	at com.st.stm32cube.ide.mcu.utils.assembly.InstructionRecord.calcJumpInstructionDirect(InstructionRecord.java:190)
2023-10-04 20:43:35,796 [ERROR] LogOutputStream:75 - [STDERR_REDIRECT] 	at com.st.stm32cube.ide.mcu.utils.assembly.InstructionRecord.isJumpInstructionDirect(InstructionRecord.java:153)
2023-10-04 20:43:35,796 [ERROR] LogOutputStream:75 - [STDERR_REDIRECT] 	at com.st.stm32cube.ide.mcu.cyclomaticcomplexity.model.CallGraph.fromInstructions(CallGraph.java:59)
2023-10-04 20:43:35,796 [ERROR] LogOutputStream:75 - [STDERR_REDIRECT] 	at com.st.stm32cube.ide.mcu.cyclomaticcomplexity.CyclomaticView.inputChanged(CyclomaticView.java:699)
2023-10-04 20:43:35,796 [ERROR] LogOutputStream:75 - [STDERR_REDIRECT] 	at com.st.stm32cube.ide.mcu.cyclomaticcomplexity.CyclomaticView.lambda$2(CyclomaticView.java:497)
2023-10-04 20:43:35,796 [ERROR] LogOutputStream:75 - [STDERR_REDIRECT] 	at java.base/java.lang.Thread.run(Thread.java:833)
2023-10-04 20:43:35,796 [ERROR] LogOutputStream:75 - [STDERR_REDIRECT] java.lang.StringIndexOutOfBoundsException: begin 0, end -1, length 0
2023-10-04 20:43:35,796 [ERROR] LogOutputStream:75 - [STDERR_REDIRECT] 	at java.base/java.lang.String.checkBoundsBeginEnd(String.java:4602)
2023-10-04 20:43:35,796 [ERROR] LogOutputStream:75 - [STDERR_REDIRECT] 	at java.base/java.lang.String.substring(String.java:2705)
2023-10-04 20:43:35,796 [ERROR] LogOutputStream:75 - [STDERR_REDIRECT] 	at com.st.stm32cube.ide.mcu.utils.assembly.InstructionRecord.calcJumpInstructionDirect(InstructionRecord.java:190)
2023-10-04 20:43:35,796 [ERROR] LogOutputStream:75 - [STDERR_REDIRECT] 	at com.st.stm32cube.ide.mcu.utils.assembly.InstructionRecord.isJumpInstructionDirect(InstructionRecord.java:153)
2023-10-04 20:43:35,797 [ERROR] LogOutputStream:75 - [STDERR_REDIRECT] 	at com.st.stm32cube.ide.mcu.cyclomaticcomplexity.model.CallGraph.fromInstructions(CallGraph.java:59)
2023-10-04 20:43:35,797 [ERROR] LogOutputStream:75 - [STDERR_REDIRECT] 	at com.st.stm32cube.ide.mcu.cyclomaticcomplexity.CyclomaticView.inputChanged(CyclomaticView.java:699)
2023-10-04 20:43:35,797 [ERROR] LogOutputStream:75 - [STDERR_REDIRECT] 	at com.st.stm32cube.ide.mcu.cyclomaticcomplexity.CyclomaticView.lambda$2(CyclomaticView.java:497)
2023-10-04 20:43:35,797 [ERROR] LogOutputStream:75 - [STDERR_REDIRECT] 	at java.base/java.lang.Thread.run(Thread.java:833)
2023-10-04 20:43:35,797 [ERROR] LogOutputStream:75 - [STDERR_REDIRECT] java.lang.StringIndexOutOfBoundsException: begin 0, end -1, length 0
2023-10-04 20:43:35,797 [ERROR] LogOutputStream:75 - [STDERR_REDIRECT] 	at java.base/java.lang.String.checkBoundsBeginEnd(String.java:4602)
2023-10-04 20:43:35,797 [ERROR] LogOutputStream:75 - [STDERR_REDIRECT] 	at java.base/java.lang.String.substring(String.java:2705)
2023-10-04 20:43:35,797 [ERROR] LogOutputStream:75 - [STDERR_REDIRECT] 	at com.st.stm32cube.ide.mcu.utils.assembly.InstructionRecord.calcJumpInstructionDirect(InstructionRecord.java:190)
2023-10-04 20:43:35,797 [ERROR] LogOutputStream:75 - [STDERR_REDIRECT] 	at com.st.stm32cube.ide.mcu.utils.assembly.InstructionRecord.isJumpInstructionDirect(InstructionRecord.java:153)
2023-10-04 20:43:35,797 [ERROR] LogOutputStream:75 - [STDERR_REDIRECT] 	at com.st.stm32cube.ide.mcu.cyclomaticcomplexity.model.CallGraph.fromInstructions(CallGraph.java:59)
2023-10-04 20:43:35,797 [ERROR] LogOutputStream:75 - [STDERR_REDIRECT] 	at com.st.stm32cube.ide.mcu.cyclomaticcomplexity.CyclomaticView.inputChanged(CyclomaticView.java:699)
2023-10-04 20:43:35,797 [ERROR] LogOutputStream:75 - [STDERR_REDIRECT] 	at com.st.stm32cube.ide.mcu.cyclomaticcomplexity.CyclomaticView.lambda$2(CyclomaticView.java:497)
2023-10-04 20:43:35,797 [ERROR] LogOutputStream:75 - [STDERR_REDIRECT] 	at java.base/java.lang.Thread.run(Thread.java:833)
2023-10-04 20:43:36,351 [ERROR] LogOutputStream:75 - [STDERR_REDIRECT] java.lang.StringIndexOutOfBoundsException: begin 0, end -1, length 0
2023-10-04 20:43:36,351 [ERROR] LogOutputStream:75 - [STDERR_REDIRECT] 	at java.base/java.lang.String.checkBoundsBeginEnd(String.java:4602)
2023-10-04 20:43:36,351 [ERROR] LogOutputStream:75 - [STDERR_REDIRECT] 	at java.base/java.lang.String.substring(String.java:2705)
2023-10-04 20:43:36,351 [ERROR] LogOutputStream:75 - [STDERR_REDIRECT] 	at com.st.stm32cube.ide.mcu.utils.assembly.InstructionRecord.calcJumpInstructionDirect(InstructionRecord.java:190)
2023-10-04 20:43:36,351 [ERROR] LogOutputStream:75 - [STDERR_REDIRECT] 	at com.st.stm32cube.ide.mcu.utils.assembly.InstructionRecord.isJumpInstructionDirect(InstructionRecord.java:153)
2023-10-04 20:43:36,351 [ERROR] LogOutputStream:75 - [STDERR_REDIRECT] 	at com.st.stm32cube.ide.mcu.stackanalyzer.model.CallGraph.fromInstructions(CallGraph.java:64)
2023-10-04 20:43:36,351 [ERROR] LogOutputStream:75 - [STDERR_REDIRECT] 	at com.st.stm32cube.ide.mcu.stackanalyzer.ui.StackAnalyzerView.inputChanged(StackAnalyzerView.java:960)
2023-10-04 20:43:36,352 [ERROR] LogOutputStream:75 - [STDERR_REDIRECT] 	at com.st.stm32cube.ide.mcu.stackanalyzer.ui.StackAnalyzerView.lambda$16(StackAnalyzerView.java:1327)
2023-10-04 20:43:36,352 [ERROR] LogOutputStream:75 - [STDERR_REDIRECT] 	at java.base/java.lang.Thread.run(Thread.java:833)
2023-10-04 20:43:36,352 [ERROR] LogOutputStream:75 - [STDERR_REDIRECT] java.lang.StringIndexOutOfBoundsException: begin 0, end -1, length 0
2023-10-04 20:43:36,352 [ERROR] LogOutputStream:75 - [STDERR_REDIRECT] 	at java.base/java.lang.String.checkBoundsBeginEnd(String.java:4602)
2023-10-04 20:43:36,352 [ERROR] LogOutputStream:75 - [STDERR_REDIRECT] 	at java.base/java.lang.String.substring(String.java:2705)
2023-10-04 20:43:36,352 [ERROR] LogOutputStream:75 - [STDERR_REDIRECT] 	at com.st.stm32cube.ide.mcu.utils.assembly.InstructionRecord.calcJumpInstructionDirect(InstructionRecord.java:190)
2023-10-04 20:43:36,352 [ERROR] LogOutputStream:75 - [STDERR_REDIRECT] 	at com.st.stm32cube.ide.mcu.utils.assembly.InstructionRecord.isJumpInstructionDirect(InstructionRecord.java:153)
2023-10-04 20:43:36,352 [ERROR] LogOutputStream:75 - [STDERR_REDIRECT] 	at com.st.stm32cube.ide.mcu.stackanalyzer.model.CallGraph.fromInstructions(CallGraph.java:64)
2023-10-04 20:43:36,352 [ERROR] LogOutputStream:75 - [STDERR_REDIRECT] 	at com.st.stm32cube.ide.mcu.stackanalyzer.ui.StackAnalyzerView.inputChanged(StackAnalyzerView.java:960)
2023-10-04 20:43:36,352 [ERROR] LogOutputStream:75 - [STDERR_REDIRECT] 	at com.st.stm32cube.ide.mcu.stackanalyzer.ui.StackAnalyzerView.lambda$16(StackAnalyzerView.java:1327)
2023-10-04 20:43:36,352 [ERROR] LogOutputStream:75 - [STDERR_REDIRECT] 	at java.base/java.lang.Thread.run(Thread.java:833)
2023-10-04 20:43:36,352 [ERROR] LogOutputStream:75 - [STDERR_REDIRECT] java.lang.StringIndexOutOfBoundsException: begin 0, end -1, length 0
2023-10-04 20:43:36,353 [ERROR] LogOutputStream:75 - [STDERR_REDIRECT] 	at java.base/java.lang.String.checkBoundsBeginEnd(String.java:4602)
2023-10-04 20:43:36,353 [ERROR] LogOutputStream:75 - [STDERR_REDIRECT] 	at java.base/java.lang.String.substring(String.java:2705)
2023-10-04 20:43:36,353 [ERROR] LogOutputStream:75 - [STDERR_REDIRECT] 	at com.st.stm32cube.ide.mcu.utils.assembly.InstructionRecord.calcJumpInstructionDirect(InstructionRecord.java:190)
2023-10-04 20:43:36,353 [ERROR] LogOutputStream:75 - [STDERR_REDIRECT] 	at com.st.stm32cube.ide.mcu.utils.assembly.InstructionRecord.isJumpInstructionDirect(InstructionRecord.java:153)
2023-10-04 20:43:36,353 [ERROR] LogOutputStream:75 - [STDERR_REDIRECT] 	at com.st.stm32cube.ide.mcu.stackanalyzer.model.CallGraph.fromInstructions(CallGraph.java:64)
2023-10-04 20:43:36,353 [ERROR] LogOutputStream:75 - [STDERR_REDIRECT] 	at com.st.stm32cube.ide.mcu.stackanalyzer.ui.StackAnalyzerView.inputChanged(StackAnalyzerView.java:960)
2023-10-04 20:43:36,353 [ERROR] LogOutputStream:75 - [STDERR_REDIRECT] 	at com.st.stm32cube.ide.mcu.stackanalyzer.ui.StackAnalyzerView.lambda$16(StackAnalyzerView.java:1327)
2023-10-04 20:43:36,353 [ERROR] LogOutputStream:75 - [STDERR_REDIRECT] 	at java.base/java.lang.Thread.run(Thread.java:833)
2023-10-04 20:43:36,353 [ERROR] LogOutputStream:75 - [STDERR_REDIRECT] java.lang.StringIndexOutOfBoundsException: begin 0, end -1, length 0
2023-10-04 20:43:36,353 [ERROR] LogOutputStream:75 - [STDERR_REDIRECT] 	at java.base/java.lang.String.checkBoundsBeginEnd(String.java:4602)
2023-10-04 20:43:36,353 [ERROR] LogOutputStream:75 - [STDERR_REDIRECT] 	at java.base/java.lang.String.substring(String.java:2705)
2023-10-04 20:43:36,353 [ERROR] LogOutputStream:75 - [STDERR_REDIRECT] 	at com.st.stm32cube.ide.mcu.utils.assembly.InstructionRecord.calcJumpInstructionDirect(InstructionRecord.java:190)
2023-10-04 20:43:36,354 [ERROR] LogOutputStream:75 - [STDERR_REDIRECT] 	at com.st.stm32cube.ide.mcu.utils.assembly.InstructionRecord.isJumpInstructionDirect(InstructionRecord.java:153)
2023-10-04 20:43:36,354 [ERROR] LogOutputStream:75 - [STDERR_REDIRECT] 	at com.st.stm32cube.ide.mcu.stackanalyzer.model.CallGraph.fromInstructions(CallGraph.java:64)
2023-10-04 20:43:36,354 [ERROR] LogOutputStream:75 - [STDERR_REDIRECT] 	at com.st.stm32cube.ide.mcu.stackanalyzer.ui.StackAnalyzerView.inputChanged(StackAnalyzerView.java:960)
2023-10-04 20:43:36,354 [ERROR] LogOutputStream:75 - [STDERR_REDIRECT] 	at com.st.stm32cube.ide.mcu.stackanalyzer.ui.StackAnalyzerView.lambda$16(StackAnalyzerView.java:1327)
2023-10-04 20:43:36,354 [ERROR] LogOutputStream:75 - [STDERR_REDIRECT] 	at java.base/java.lang.Thread.run(Thread.java:833)
2023-10-04 20:43:36,354 [ERROR] LogOutputStream:75 - [STDERR_REDIRECT] java.lang.StringIndexOutOfBoundsException: begin 0, end -1, length 0
2023-10-04 20:43:36,354 [ERROR] LogOutputStream:75 - [STDERR_REDIRECT] 	at java.base/java.lang.String.checkBoundsBeginEnd(String.java:4602)
2023-10-04 20:43:36,354 [ERROR] LogOutputStream:75 - [STDERR_REDIRECT] 	at java.base/java.lang.String.substring(String.java:2705)
2023-10-04 20:43:36,354 [ERROR] LogOutputStream:75 - [STDERR_REDIRECT] 	at com.st.stm32cube.ide.mcu.utils.assembly.InstructionRecord.calcJumpInstructionDirect(InstructionRecord.java:190)
2023-10-04 20:43:36,354 [ERROR] LogOutputStream:75 - [STDERR_REDIRECT] 	at com.st.stm32cube.ide.mcu.utils.assembly.InstructionRecord.isJumpInstructionDirect(InstructionRecord.java:153)
2023-10-04 20:43:36,354 [ERROR] LogOutputStream:75 - [STDERR_REDIRECT] 	at com.st.stm32cube.ide.mcu.stackanalyzer.model.CallGraph.fromInstructions(CallGraph.java:64)
2023-10-04 20:43:36,355 [ERROR] LogOutputStream:75 - [STDERR_REDIRECT] 	at com.st.stm32cube.ide.mcu.stackanalyzer.ui.StackAnalyzerView.inputChanged(StackAnalyzerView.java:960)
2023-10-04 20:43:36,355 [ERROR] LogOutputStream:75 - [STDERR_REDIRECT] 	at com.st.stm32cube.ide.mcu.stackanalyzer.ui.StackAnalyzerView.lambda$16(StackAnalyzerView.java:1327)
2023-10-04 20:43:36,355 [ERROR] LogOutputStream:75 - [STDERR_REDIRECT] 	at java.base/java.lang.Thread.run(Thread.java:833)
2023-10-04 20:43:36,355 [ERROR] LogOutputStream:75 - [STDERR_REDIRECT] java.lang.StringIndexOutOfBoundsException: begin 0, end -1, length 0
2023-10-04 20:43:36,355 [ERROR] LogOutputStream:75 - [STDERR_REDIRECT] 	at java.base/java.lang.String.checkBoundsBeginEnd(String.java:4602)
2023-10-04 20:43:36,355 [ERROR] LogOutputStream:75 - [STDERR_REDIRECT] 	at java.base/java.lang.String.substring(String.java:2705)
2023-10-04 20:43:36,355 [ERROR] LogOutputStream:75 - [STDERR_REDIRECT] 	at com.st.stm32cube.ide.mcu.utils.assembly.InstructionRecord.calcJumpInstructionDirect(InstructionRecord.java:190)
2023-10-04 20:43:36,355 [ERROR] LogOutputStream:75 - [STDERR_REDIRECT] 	at com.st.stm32cube.ide.mcu.utils.assembly.InstructionRecord.isJumpInstructionDirect(InstructionRecord.java:153)
2023-10-04 20:43:36,355 [ERROR] LogOutputStream:75 - [STDERR_REDIRECT] 	at com.st.stm32cube.ide.mcu.stackanalyzer.model.CallGraph.fromInstructions(CallGraph.java:64)
2023-10-04 20:43:36,355 [ERROR] LogOutputStream:75 - [STDERR_REDIRECT] 	at com.st.stm32cube.ide.mcu.stackanalyzer.ui.StackAnalyzerView.inputChanged(StackAnalyzerView.java:960)
2023-10-04 20:43:36,356 [ERROR] LogOutputStream:75 - [STDERR_REDIRECT] 	at com.st.stm32cube.ide.mcu.stackanalyzer.ui.StackAnalyzerView.lambda$16(StackAnalyzerView.java:1327)
2023-10-04 20:43:36,356 [ERROR] LogOutputStream:75 - [STDERR_REDIRECT] 	at java.base/java.lang.Thread.run(Thread.java:833)
2023-10-04 20:45:06,060 [ERROR] LogOutputStream:75 - [STDERR_REDIRECT] 
