23:25:06 **** Incremental Build of configuration Debug for project Package_Union_Bit_Extraction ****
make all 
Building file: ../src/main.c
Invoking: GCC C Compiler
gcc -O0 -g3 -Wall -c -fmessage-length=0 -MMD -MP -MF"src/main.d" -MT"src/main.o" -o "src/main.o" "../src/main.c"
../src/main.c: In function ‘main’:
../src/main.c:39:25: warning: format ‘%X’ expects argument of type ‘unsigned int *’, but argument 2 has type ‘Packet_t *’ [-Wformat=]
   39 |                 scanf("%X", &packet);
      |                        ~^   ~~~~~~~
      |                         |   |
      |                         |   Packet_t *
      |                         unsigned int *
Finished building: ../src/main.c
 
Building target: Package_Union_Bit_Extraction
Invoking: GCC C Linker
gcc  -o "Package_Union_Bit_Extraction" ./src/main.o   
Finished building target: Package_Union_Bit_Extraction
 
23:25:10 **** Incremental Build of configuration Debug for project Package_Union_Bit_Extraction ****
make all 
make: Nothing to be done for 'all'.
