2023-10-04 20:45:09,583 [INFO] Activator:176 - 


2023-10-04 20:45:09,586 [INFO] Activator:177 - !SESSION log4j initialized
2023-10-04 20:45:11,604 [INFO] LogOutputStream:77 - [STDOUT_REDIRECT] 
2023-10-04 20:45:13,088 [INFO] ApplicationProperties:184 - Using Application install path: /opt/st/stm32cubeide_1.13.2/plugins/com.st.stm32cube.common.mx_6.9.2.202309101412
2023-10-04 20:45:13,101 [INFO] DbMcusXml:78 - Set database path to: /opt/st/stm32cubeide_1.13.2/plugins/com.st.stm32cube.common.mx_6.9.2.202309101412//db//mcu/
2023-10-04 20:45:13,101 [INFO] ApiDb:274 - Set plugin database path to: /opt/st/stm32cubeide_1.13.2/plugins/com.st.stm32cube.common.mx_6.9.2.202309101412//db//plugins/boardmanager/
2023-10-04 20:45:13,101 [WARN] ApiDb:259 - Overriding images path with different value:  => /opt/st/stm32cubeide_1.13.2/plugins/com.st.stm32cube.common.mx_6.9.2.202309101412//db//plugins/mcufinder/images/
2023-10-04 20:45:13,107 [INFO] ApiDb:250 - Set database path to: /home/tyler/.stmcufinder/plugins/mcufinder//mcu/
2023-10-04 20:45:13,108 [INFO] DbMcusAds:125 - Set database path to: /home/tyler/.stmcufinder/plugins/mcufinder//mcu/
2023-10-04 20:45:13,110 [INFO] CrossReferenceDbSqlite:203 - Set database path to: /home/tyler/.stmcufinder/plugins/mcufinder//mcu/cs/
2023-10-04 20:45:13,188 [INFO] RulesReader:64 - Compatibility file has been processed (293 Rules)
2023-10-04 20:45:13,222 [INFO] DbMcusXml:78 - Set database path to: /opt/st/stm32cubeide_1.13.2/plugins/com.st.stm32cube.common.mx_6.9.2.202309101412//db//mcu/
2023-10-04 20:45:13,223 [INFO] ApiDb:274 - Set plugin database path to: /opt/st/stm32cubeide_1.13.2/plugins/com.st.stm32cube.common.mx_6.9.2.202309101412//db//plugins/boardmanager/
2023-10-04 20:45:13,223 [INFO] ApiDb:261 - Set plugin images path to: /opt/st/stm32cubeide_1.13.2/plugins/com.st.stm32cube.common.mx_6.9.2.202309101412//db//plugins/mcufinder/images/
2023-10-04 20:45:13,223 [WARN] DbFile:41 - Overriding database path with different value: /home/tyler/.stmcufinder/plugins/mcufinder/ => /home/tyler/.stmcufinder/plugins/mcufinder
2023-10-04 20:45:13,223 [INFO] ApiDb:250 - Set database path to: /home/tyler/.stmcufinder/plugins/mcufinder//mcu/
2023-10-04 20:45:13,223 [WARN] DbFile:41 - Overriding database path with different value: /home/tyler/.stmcufinder/plugins/mcufinder/ => /home/tyler/.stmcufinder/plugins/mcufinder
2023-10-04 20:45:13,223 [INFO] DbMcusAds:125 - Set database path to: /home/tyler/.stmcufinder/plugins/mcufinder//mcu/
2023-10-04 20:45:13,224 [WARN] DbFile:41 - Overriding database path with different value: /home/tyler/.stmcufinder/plugins/mcufinder/ => /home/tyler/.stmcufinder/plugins/mcufinder
2023-10-04 20:45:13,224 [WARN] DbFile:41 - Overriding database path with different value: /home/tyler/.stmcufinder/plugins/mcufinder/ => /home/tyler/.stmcufinder/plugins/mcufinder
2023-10-04 20:45:13,224 [INFO] CrossReferenceDbSqlite:203 - Set database path to: /home/tyler/.stmcufinder/plugins/mcufinder//mcu/cs/
2023-10-04 20:45:13,273 [INFO] MainPanel:262 - HeapMemory: 268435456
2023-10-04 20:45:13,318 [INFO] DbMcusXml:78 - Set database path to: /opt/st/stm32cubeide_1.13.2/plugins/com.st.stm32cube.common.mx_6.9.2.202309101412//db//mcu/
2023-10-04 20:45:13,318 [INFO] ApiDb:274 - Set plugin database path to: /opt/st/stm32cubeide_1.13.2/plugins/com.st.stm32cube.common.mx_6.9.2.202309101412//db//plugins/boardmanager/
2023-10-04 20:45:13,318 [INFO] ApiDb:261 - Set plugin images path to: /opt/st/stm32cubeide_1.13.2/plugins/com.st.stm32cube.common.mx_6.9.2.202309101412//db//plugins/mcufinder/images/
2023-10-04 20:45:13,318 [WARN] DbFile:41 - Overriding database path with different value: /home/tyler/.stmcufinder/plugins/mcufinder/ => /home/tyler/.stmcufinder/plugins/mcufinder
2023-10-04 20:45:13,318 [INFO] ApiDb:250 - Set database path to: /home/tyler/.stmcufinder/plugins/mcufinder//mcu/
2023-10-04 20:45:13,318 [WARN] DbFile:41 - Overriding database path with different value: /home/tyler/.stmcufinder/plugins/mcufinder/ => /home/tyler/.stmcufinder/plugins/mcufinder
2023-10-04 20:45:13,318 [INFO] DbMcusAds:125 - Set database path to: /home/tyler/.stmcufinder/plugins/mcufinder//mcu/
2023-10-04 20:45:13,318 [WARN] DbFile:41 - Overriding database path with different value: /home/tyler/.stmcufinder/plugins/mcufinder/ => /home/tyler/.stmcufinder/plugins/mcufinder
2023-10-04 20:45:13,318 [WARN] DbFile:41 - Overriding database path with different value: /home/tyler/.stmcufinder/plugins/mcufinder/ => /home/tyler/.stmcufinder/plugins/mcufinder
2023-10-04 20:45:13,318 [INFO] CrossReferenceDbSqlite:203 - Set database path to: /home/tyler/.stmcufinder/plugins/mcufinder//mcu/cs/
2023-10-04 20:45:13,328 [INFO] ApplicationProperties:184 - Using Application install path: /opt/st/stm32cubeide_1.13.2/plugins/com.st.stm32cube.common.mx_6.9.2.202309101412
2023-10-04 20:45:13,329 [INFO] PluginManage:196 - Search for loadable plugins [exclusion list=, ]
2023-10-04 20:45:13,329 [INFO] PluginManage:310 - Check plugin analytics
2023-10-04 20:45:13,440 [INFO] AnalyticsPlugin:253 - Accepted Software Licenses: 
2023-10-04 20:45:13,440 [INFO] AnalyticsPlugin:255 - Accepted CMSIS Pack Licenses: 
2023-10-04 20:45:13,440 [INFO] AnalyticsPlugin:257 - Accepted Firmware Licenses: 
2023-10-04 20:45:13,442 [INFO] PluginManage:359 - Loaded plugin analytics (category:tool,tabindex:-1)
2023-10-04 20:45:13,443 [INFO] PluginManage:310 - Check plugin cadmodel
2023-10-04 20:45:13,462 [INFO] CADModel:105 - Init CAD model plugin
2023-10-04 20:45:13,462 [INFO] PluginManage:359 - Loaded plugin cadmodel (category:power,tabindex:5)
2023-10-04 20:45:13,462 [INFO] PluginManage:310 - Check plugin clock
2023-10-04 20:45:13,468 [INFO] PluginManage:359 - Loaded plugin clock (category:base,tabindex:2)
2023-10-04 20:45:13,469 [INFO] PluginManage:310 - Check plugin ddr
2023-10-04 20:45:13,470 [INFO] PluginManage:359 - Loaded plugin ddr (category:tool,tabindex:6)
2023-10-04 20:45:13,470 [INFO] PluginManage:310 - Check plugin filemanager
2023-10-04 20:45:13,562 [INFO] PluginManage:359 - Loaded plugin filemanager (category:base,tabindex:10)
2023-10-04 20:45:13,562 [INFO] PluginManage:310 - Check plugin ipmanager
2023-10-04 20:45:13,566 [INFO] PluginManage:359 - Loaded plugin ipmanager (category:base,tabindex:5)
2023-10-04 20:45:13,566 [INFO] PluginManage:310 - Check plugin lpbam
2023-10-04 20:45:13,572 [INFO] PluginManage:359 - Loaded plugin lpbam (category:base,tabindex:0)
2023-10-04 20:45:13,572 [INFO] PluginManage:310 - Check plugin memorymap
2023-10-04 20:45:13,579 [INFO] PluginManage:359 - Loaded plugin memorymap (category:base,tabindex:4)
2023-10-04 20:45:13,579 [INFO] PluginManage:310 - Check plugin pinoutandconfiguration
2023-10-04 20:45:13,583 [INFO] PluginManage:359 - Loaded plugin pinoutandconfiguration (category:base,tabindex:1)
2023-10-04 20:45:13,583 [INFO] PluginManage:310 - Check plugin pinoutconfig
2023-10-04 20:45:13,639 [WARN] SupportedApi:132 - Cannot load RTOS API schema: s4s-elt-must-match.1: The content of 'definitions' must match (annotation?, (simpleType | complexType)?, (unique | key | keyref)*)). A problem was found starting at: attribute.
2023-10-04 20:45:13,725 [INFO] PluginManage:359 - Loaded plugin pinoutconfig (category:base,tabindex:0)
2023-10-04 20:45:13,725 [INFO] PluginManage:310 - Check plugin power
2023-10-04 20:45:13,732 [INFO] PluginManage:359 - Loaded plugin power (category:power,tabindex:4)
2023-10-04 20:45:13,732 [INFO] PluginManage:310 - Check plugin projectmanager
2023-10-04 20:45:13,742 [INFO] PluginManage:359 - Loaded plugin projectmanager (category:projectmanager,tabindex:3)
2023-10-04 20:45:13,742 [INFO] PluginManage:310 - Check plugin thirdparty
2023-10-04 20:45:13,810 [INFO] PluginManage:359 - Loaded plugin thirdparty (category:base,tabindex:-1)
2023-10-04 20:45:13,810 [WARN] IntegrityCheckThread:84 - waiting for thirdparty lock release [integrity check]
2023-10-04 20:45:13,810 [INFO] PluginManage:310 - Check plugin tools
2023-10-04 20:45:13,810 [INFO] IntegrityCheckThread:86 - entering critical section [integrity check]
2023-10-04 20:45:13,810 [INFO] ThirdPartyUpdaterWithRetryManager:70 - Updater plugin not ready yet. [1/15]
2023-10-04 20:45:13,811 [INFO] PluginManage:359 - Loaded plugin tools (category:base,tabindex:7)
2023-10-04 20:45:13,811 [INFO] PluginManage:310 - Check plugin tutovideos
2023-10-04 20:45:13,926 [INFO] PluginManage:359 - Loaded plugin tutovideos (category:base,tabindex:-1)
2023-10-04 20:45:13,927 [INFO] PluginManage:310 - Check plugin updater
2023-10-04 20:45:13,932 [INFO] PluginManage:359 - Loaded plugin updater (category:base,tabindex:12)
2023-10-04 20:45:13,932 [INFO] PluginManage:310 - Check plugin userauth
2023-10-04 20:45:13,935 [INFO] UserAuth:113 - Init User Auth plugin
2023-10-04 20:45:13,935 [INFO] PluginManage:359 - Loaded plugin userauth (category:base,tabindex:14)
2023-10-04 20:45:13,935 [INFO] PluginManage:283 - PluginManage : Loaded plugins [17]
2023-10-04 20:45:14,046 [INFO] PinOutPanel:1499 - setPackage(No Configuration,No Configuration)
2023-10-04 20:45:14,100 [INFO] CADModel:165 - CPN selected for project level
2023-10-04 20:45:14,101 [INFO] CADModel:114 - Register for checkConnection events
2023-10-04 20:45:14,107 [INFO] IPUIPlugin:80 - create IPUIPlugin
2023-10-04 20:45:14,107 [INFO] PluginManager:220 - loadIPPluginJar : add cryp
2023-10-04 20:45:14,110 [INFO] IPUIPlugin:80 - create IPUIPlugin
2023-10-04 20:45:14,110 [INFO] PluginManager:220 - loadIPPluginJar : add gic
2023-10-04 20:45:14,114 [INFO] IPUIPlugin:80 - create IPUIPlugin
2023-10-04 20:45:14,114 [INFO] PluginManager:220 - loadIPPluginJar : add stm32_wpan
2023-10-04 20:45:14,115 [INFO] IPUIPlugin:80 - create IPUIPlugin
2023-10-04 20:45:14,115 [INFO] PluginManager:220 - loadIPPluginJar : add usart
2023-10-04 20:45:14,119 [INFO] IPUIPlugin:80 - create IPUIPlugin
2023-10-04 20:45:14,119 [INFO] PluginManager:220 - loadIPPluginJar : add linkedlist
2023-10-04 20:45:14,120 [INFO] IPUIPlugin:80 - create IPUIPlugin
2023-10-04 20:45:14,120 [INFO] PluginManager:220 - loadIPPluginJar : add aes
2023-10-04 20:45:14,121 [INFO] IPUIPlugin:80 - create IPUIPlugin
2023-10-04 20:45:14,121 [INFO] PluginManager:220 - loadIPPluginJar : add ipddr
2023-10-04 20:45:14,124 [INFO] IPUIPlugin:80 - create IPUIPlugin
2023-10-04 20:45:14,124 [INFO] PluginManager:220 - loadIPPluginJar : add freertos
2023-10-04 20:45:14,125 [INFO] IPUIPlugin:80 - create IPUIPlugin
2023-10-04 20:45:14,125 [INFO] PluginManager:220 - loadIPPluginJar : add can
2023-10-04 20:45:14,126 [INFO] IPUIPlugin:80 - create IPUIPlugin
2023-10-04 20:45:14,126 [INFO] PluginManager:220 - loadIPPluginJar : add i2c
2023-10-04 20:45:14,127 [INFO] IPUIPlugin:80 - create IPUIPlugin
2023-10-04 20:45:14,127 [INFO] PluginManager:220 - loadIPPluginJar : add fatfs
2023-10-04 20:45:14,128 [INFO] IPUIPlugin:80 - create IPUIPlugin
2023-10-04 20:45:14,128 [INFO] PluginManager:220 - loadIPPluginJar : add spi
2023-10-04 20:45:14,129 [INFO] IPUIPlugin:80 - create IPUIPlugin
2023-10-04 20:45:14,129 [INFO] PluginManager:220 - loadIPPluginJar : add sai
2023-10-04 20:45:14,131 [INFO] IPUIPlugin:80 - create IPUIPlugin
2023-10-04 20:45:14,131 [INFO] PluginManager:220 - loadIPPluginJar : add touchsensing
2023-10-04 20:45:14,132 [INFO] IPUIPlugin:80 - create IPUIPlugin
2023-10-04 20:45:14,132 [INFO] PluginManager:220 - loadIPPluginJar : add openamp
2023-10-04 20:45:14,133 [INFO] IPUIPlugin:80 - create IPUIPlugin
2023-10-04 20:45:14,133 [INFO] PluginManager:220 - loadIPPluginJar : add gtzc
2023-10-04 20:45:14,134 [INFO] IPUIPlugin:80 - create IPUIPlugin
2023-10-04 20:45:14,134 [INFO] PluginManager:220 - loadIPPluginJar : add i2s
2023-10-04 20:45:14,135 [INFO] IPUIPlugin:80 - create IPUIPlugin
2023-10-04 20:45:14,135 [INFO] PluginManager:220 - loadIPPluginJar : add lorawan
2023-10-04 20:45:14,136 [INFO] IPUIPlugin:80 - create IPUIPlugin
2023-10-04 20:45:14,136 [INFO] PluginManager:220 - loadIPPluginJar : add hash
2023-10-04 20:45:14,138 [INFO] IPUIPlugin:80 - create IPUIPlugin
2023-10-04 20:45:14,138 [INFO] PluginManager:220 - loadIPPluginJar : add nvic
2023-10-04 20:45:14,139 [INFO] IPUIPlugin:80 - create IPUIPlugin
2023-10-04 20:45:14,139 [INFO] PluginManager:220 - loadIPPluginJar : add ts
2023-10-04 20:45:14,140 [INFO] IPUIPlugin:80 - create IPUIPlugin
2023-10-04 20:45:14,140 [INFO] PluginManager:220 - loadIPPluginJar : add resmgrutility
2023-10-04 20:45:14,142 [INFO] IPUIPlugin:80 - create IPUIPlugin
2023-10-04 20:45:14,142 [INFO] PluginManager:220 - loadIPPluginJar : add usbx
2023-10-04 20:45:14,143 [INFO] IPUIPlugin:80 - create IPUIPlugin
2023-10-04 20:45:14,143 [INFO] PluginManager:220 - loadIPPluginJar : add genericplugin
2023-10-04 20:45:14,144 [INFO] IPUIPlugin:80 - create IPUIPlugin
2023-10-04 20:45:14,144 [INFO] PluginManager:220 - loadIPPluginJar : add dfsdm
2023-10-04 20:45:14,145 [INFO] IPUIPlugin:80 - create IPUIPlugin
2023-10-04 20:45:14,145 [INFO] PluginManager:220 - loadIPPluginJar : add comp
2023-10-04 20:45:14,146 [INFO] IPUIPlugin:80 - create IPUIPlugin
2023-10-04 20:45:14,146 [INFO] PluginManager:220 - loadIPPluginJar : add dma3
2023-10-04 20:45:14,147 [INFO] IPUIPlugin:80 - create IPUIPlugin
2023-10-04 20:45:14,147 [INFO] PluginManager:220 - loadIPPluginJar : add gfxmmu
2023-10-04 20:45:14,148 [INFO] IPUIPlugin:80 - create IPUIPlugin
2023-10-04 20:45:14,148 [INFO] PluginManager:220 - loadIPPluginJar : add opamp
2023-10-04 20:45:14,150 [INFO] IPUIPlugin:80 - create IPUIPlugin
2023-10-04 20:45:14,150 [INFO] PluginManager:220 - loadIPPluginJar : add fmc
2023-10-04 20:45:14,151 [INFO] IPUIPlugin:80 - create IPUIPlugin
2023-10-04 20:45:14,151 [INFO] PluginManager:220 - loadIPPluginJar : add quadspi
2023-10-04 20:45:14,152 [INFO] IPUIPlugin:80 - create IPUIPlugin
2023-10-04 20:45:14,152 [INFO] PluginManager:220 - loadIPPluginJar : add pdm2pcm
2023-10-04 20:45:14,155 [INFO] IPUIPlugin:80 - create IPUIPlugin
2023-10-04 20:45:14,155 [INFO] PluginManager:220 - loadIPPluginJar : add dma
2023-10-04 20:45:14,156 [INFO] IPUIPlugin:80 - create IPUIPlugin
2023-10-04 20:45:14,156 [INFO] PluginManager:220 - loadIPPluginJar : add tim
2023-10-04 20:45:14,158 [INFO] IPUIPlugin:80 - create IPUIPlugin
2023-10-04 20:45:14,158 [INFO] PluginManager:220 - loadIPPluginJar : add gpio
2023-10-04 20:45:14,159 [INFO] IPUIPlugin:80 - create IPUIPlugin
2023-10-04 20:45:14,159 [INFO] PluginManager:220 - loadIPPluginJar : add ucpd
2023-10-04 20:45:14,159 [INFO] IPUIPlugin:80 - create IPUIPlugin
2023-10-04 20:45:14,159 [INFO] PluginManager:220 - loadIPPluginJar : add ltdc
2023-10-04 20:45:14,161 [INFO] IPUIPlugin:80 - create IPUIPlugin
2023-10-04 20:45:14,161 [INFO] PluginManager:220 - loadIPPluginJar : add i3c
2023-10-04 20:45:14,164 [INFO] IPUIPlugin:80 - create IPUIPlugin
2023-10-04 20:45:14,164 [INFO] PluginManager:220 - loadIPPluginJar : add mdma
2023-10-04 20:45:14,165 [INFO] IPUIPlugin:80 - create IPUIPlugin
2023-10-04 20:45:14,165 [INFO] PluginManager:220 - loadIPPluginJar : add tracer_emb
2023-10-04 20:45:14,167 [INFO] IPUIPlugin:80 - create IPUIPlugin
2023-10-04 20:45:14,167 [INFO] PluginManager:220 - loadIPPluginJar : add adc
2023-10-04 20:45:14,170 [INFO] IPUIPlugin:80 - create IPUIPlugin
2023-10-04 20:45:14,171 [INFO] PluginManager:220 - loadIPPluginJar : add plateformsettings
2023-10-04 20:45:14,172 [INFO] IPUIPlugin:80 - create IPUIPlugin
2023-10-04 20:45:14,172 [INFO] PluginManager:220 - loadIPPluginJar : add tsc
2023-10-04 20:45:14,258 [INFO] CADModel:165 - CPN selected for project level
2023-10-04 20:45:14,258 [INFO] CADModel:114 - Register for checkConnection events
2023-10-04 20:45:14,258 [FATAL] Updater:308 - Updater called before beeing initialized
2023-10-04 20:45:14,258 [ERROR] CADModel:125 - Updater not yet initialized, retry later 
2023-10-04 20:45:14,334 [INFO] CADModel:165 - CPN selected for project level
2023-10-04 20:45:14,334 [INFO] CADModel:114 - Register for checkConnection events
2023-10-04 20:45:14,334 [FATAL] Updater:308 - Updater called before beeing initialized
2023-10-04 20:45:14,334 [ERROR] CADModel:125 - Updater not yet initialized, retry later 
2023-10-04 20:45:14,336 [FATAL] Updater:308 - Updater called before beeing initialized
2023-10-04 20:45:14,398 [FATAL] Updater:308 - Updater called before beeing initialized
2023-10-04 20:45:14,403 [INFO] DbMcusAds:53 - JSON generation date=Tue Mar 07 02:50:55 CST 2023 (1678179055114)
2023-10-04 20:45:14,403 [FATAL] Updater:308 - Updater called before beeing initialized
2023-10-04 20:45:14,430 [WARN] DetailPanel:346 - Failed to get advertising image, set to default
2023-10-04 20:45:14,498 [FATAL] Updater:308 - Updater called before beeing initialized
2023-10-04 20:45:14,499 [FATAL] Updater:308 - Updater called before beeing initialized
2023-10-04 20:45:14,499 [FATAL] Updater:308 - Updater called before beeing initialized
2023-10-04 20:45:14,499 [WARN] DetailPanel:346 - Failed to get advertising image, set to default
2023-10-04 20:45:14,500 [FATAL] Updater:308 - Updater called before beeing initialized
2023-10-04 20:45:14,518 [ERROR] Updater:1120 - MainUpdater not yet initialized. External WinMGr cannot be set.
2023-10-04 20:45:14,519 [INFO] Updater:1056 - Updater Version found : 6.9.2
2023-10-04 20:45:14,530 [INFO] ApplicationProperties:184 - Using Application install path: /opt/st/stm32cubeide_1.13.2/plugins/com.st.stm32cube.common.mx_6.9.2.202309101412
2023-10-04 20:45:14,704 [INFO] MainUpdater:2868 - connection check result : 10
2023-10-04 20:45:14,704 [INFO] MainUpdater:285 - Updater Check For Update Now.
2023-10-04 20:45:14,704 [INFO] MicroXplorer:498 - Change Database Version : DB.6.0.92
2023-10-04 20:45:14,708 [INFO] McuFinderGlobals:63 - Set McuFinder mode to 2 (CubeIDE integrated)
2023-10-04 20:45:14,708 [INFO] UserAuth:179 - activating auth plugin
2023-10-04 20:45:14,710 [INFO] UserAuth:393 - Internet connection configuration mode: 1
2023-10-04 20:45:14,717 [INFO] JxBrowserEngine:151 - Initiate JxBrowser Engine with user profile folder
2023-10-04 20:45:14,853 [INFO] CheckServerUpdateThread:120 - End of CheckServer Thread
2023-10-04 20:45:15,084 [INFO] WebApp:157 - Instantiating new browser for Auth
2023-10-04 20:45:15,422 [INFO] WebApp:753 - Register for checkConnection events
2023-10-04 20:45:15,422 [INFO] WebApp:390 - Apply proxy settings
2023-10-04 20:45:15,422 [INFO] WebApp:475 - Chromium requires no authentication
2023-10-04 20:45:15,426 [INFO] WebApp:418 - Direct internet connection detected
2023-10-04 20:45:15,510 [INFO] WebApp:188 - Starting web application
2023-10-04 20:45:15,511 [INFO] WebApp:520 - Web application path used /opt/st/stm32cubeide_1.13.2/plugins/com.st.stm32cube.common.mx_6.9.2.202309101412/db/plugins/mcufinder/reactClient1/index.html
2023-10-04 20:45:16,869 [WARN] PackLoader:240 - Cannot read IP mode file for STMicroelectronics.X-CUBE-SMBUS.2.1.0
2023-10-04 20:45:16,904 [WARN] PackLoader:240 - Cannot read IP mode file for STMicroelectronics.X-CUBE-AZRTOS-F7.1.1.0
2023-10-04 20:45:16,915 [WARN] PackLoader:240 - Cannot read IP mode file for STMicroelectronics.FP-SNS-MOTENV1.4.3.2
2023-10-04 20:45:16,922 [WARN] PackLoader:240 - Cannot read IP mode file for STMicroelectronics.FP-SNS-FLIGHT1.5.0.2
2023-10-04 20:45:16,930 [WARN] PackLoader:240 - Cannot read IP mode file for STMicroelectronics.X-CUBE-DISPLAY.3.0.0
2023-10-04 20:45:16,942 [WARN] PackLoader:240 - Cannot read IP mode file for STMicroelectronics.X-CUBE-BLE1.7.0.0
2023-10-04 20:45:16,946 [WARN] PackLoader:240 - Cannot read IP mode file for emotas.I-CUBE-CANOPEN.1.3.0
2023-10-04 20:45:16,949 [WARN] PackLoader:240 - Cannot read IP mode file for STMicroelectronics.X-CUBE-TOUCHGFX.4.22.0
2023-10-04 20:45:16,951 [WARN] PackLoader:240 - Cannot read IP mode file for STMicroelectronics.X-CUBE-TOUCHGFX.4.22.1
2023-10-04 20:45:16,954 [WARN] PackLoader:240 - Cannot read IP mode file for STMicroelectronics.FP-SNS-SMARTAG2.1.2.0
2023-10-04 20:45:16,965 [INFO] LogOutputStream:77 - [STDOUT_REDIRECT] 1 : Invalid condition id : UX_CORESTACK_Condition cause : null
2023-10-04 20:45:16,965 [INFO] LogOutputStream:77 - [STDOUT_REDIRECT] 1 : Invalid condition id : UX_CORESTACK_Condition cause : null
2023-10-04 20:45:16,966 [INFO] LogOutputStream:77 - [STDOUT_REDIRECT] 1 : Invalid condition id : UX_CORESTACK_Condition cause : null
2023-10-04 20:45:16,966 [INFO] LogOutputStream:77 - [STDOUT_REDIRECT] 1 : Invalid condition id : UX_CORESTACK_Condition cause : null
2023-10-04 20:45:16,966 [INFO] LogOutputStream:77 - [STDOUT_REDIRECT] 1 : Invalid condition id : UX_CORESTACK_Condition cause : null
2023-10-04 20:45:16,970 [WARN] PackLoader:240 - Cannot read IP mode file for STMicroelectronics.X-CUBE-AZRTOS-WL.2.0.0
2023-10-04 20:45:16,975 [WARN] PackLoader:240 - Cannot read IP mode file for WES.I-CUBE-Cesium.1.3.0
2023-10-04 20:45:16,978 [WARN] PackLoader:240 - Cannot read IP mode file for STMicroelectronics.X-CUBE-BLE2.3.3.0
2023-10-04 20:45:16,981 [WARN] PackLoader:240 - Cannot read IP mode file for STMicroelectronics.X-CUBE-ALGOBUILD.1.3.0
2023-10-04 20:45:16,994 [WARN] PackLoader:240 - Cannot read IP mode file for STMicroelectronics.X-CUBE-AZRTOS-G0.1.1.0
2023-10-04 20:45:16,998 [WARN] PackLoader:240 - Cannot read IP mode file for STMicroelectronics.X-CUBE-NFC4.3.0.0
2023-10-04 20:45:17,001 [WARN] PackLoader:240 - Cannot read IP mode file for STMicroelectronics.FP-ATR-SIGFOX1.3.2.0
2023-10-04 20:45:17,022 [WARN] PackLoader:240 - Cannot read IP mode file for SEGGER.I-CUBE-embOS.1.3.1
2023-10-04 20:45:17,048 [WARN] PackLoader:240 - Cannot read IP mode file for STMicroelectronics.X-CUBE-GNSS1.6.0.0
2023-10-04 20:45:17,058 [WARN] PackLoader:240 - Cannot read IP mode file for STMicroelectronics.X-CUBE-AZRTOS-F4.1.1.0
2023-10-04 20:45:17,061 [WARN] PackLoader:240 - Cannot read IP mode file for wolfSSL.I-CUBE-wolfSSL.5.6.3
2023-10-04 20:45:17,071 [WARN] PackLoader:240 - Cannot read IP mode file for STMicroelectronics.X-CUBE-AZRTOS-L5.2.0.0
2023-10-04 20:45:17,095 [WARN] PackLoader:240 - Cannot read IP mode file for STMicroelectronics.X-CUBE-MEMS1.9.6.0
2023-10-04 20:45:17,220 [WARN] PackLoader:240 - Cannot read IP mode file for ITTIA_DB.I-CUBE-ITTIADB.8.8.0
2023-10-04 20:45:17,225 [WARN] PackLoader:240 - Cannot read IP mode file for STMicroelectronics.X-CUBE-BLEMGR.2.0.0
2023-10-04 20:45:17,237 [WARN] ConditionMgr:438 - getConditionDescription Invalid condition id : UX DEVICE CLASS RTOS Condition cause : null
2023-10-04 20:45:17,238 [WARN] ConditionMgr:438 - getConditionDescription Invalid condition id : UX DEVICE CLASS RTOS Condition cause : null
2023-10-04 20:45:17,240 [WARN] PackLoader:240 - Cannot read IP mode file for STMicroelectronics.X-CUBE-AZRTOS-H7.3.1.0
2023-10-04 20:45:17,241 [WARN] ConditionMgr:1039 - genDependencies : Invalid condition id : UX DEVICE CLASS RTOS Condition cause : null
2023-10-04 20:45:17,241 [WARN] ConditionMgr:1039 - genDependencies : Invalid condition id : UX DEVICE CLASS RTOS Condition cause : null
2023-10-04 20:45:17,242 [WARN] ConditionMgr:1039 - genDependencies : Invalid condition id : UX DEVICE CLASS RTOS Condition cause : null
2023-10-04 20:45:17,242 [WARN] ConditionMgr:1039 - genDependencies : Invalid condition id : UX DEVICE CLASS RTOS Condition cause : null
2023-10-04 20:45:17,242 [WARN] ConditionMgr:1039 - genDependencies : Invalid condition id : UX DEVICE CLASS RTOS Condition cause : null
2023-10-04 20:45:17,246 [WARN] PackLoader:240 - Cannot read IP mode file for STMicroelectronics.X-CUBE-NFC7.1.0.1
2023-10-04 20:45:17,250 [WARN] PackLoader:240 - Cannot read IP mode file for STMicroelectronics.X-CUBE-NFC6.3.0.0
2023-10-04 20:45:17,254 [WARN] PackLoader:240 - Cannot read IP mode file for STMicroelectronics.X-CUBE-EEPRMA1.4.1.0
2023-10-04 20:45:17,257 [WARN] PackLoader:240 - Cannot read IP mode file for STMicroelectronics.X-CUBE-AI.8.1.0
2023-10-04 20:45:17,266 [WARN] ConditionMgr:438 - getConditionDescription Invalid condition id : LAN8742 Phy interface Condition cause : null
2023-10-04 20:45:17,266 [WARN] PackLoader:240 - Cannot read IP mode file for STMicroelectronics.X-CUBE-AZRTOS-L4.2.0.0
2023-10-04 20:45:17,267 [WARN] ConditionMgr:1039 - genDependencies : Invalid condition id : LAN8742 Phy interface Condition cause : null
2023-10-04 20:45:17,267 [WARN] ConditionMgr:1039 - genDependencies : Invalid condition id : LAN8742 Phy interface Condition cause : null
2023-10-04 20:45:17,267 [WARN] ConditionMgr:1039 - genDependencies : Invalid condition id : LAN8742 Phy interface Condition cause : null
2023-10-04 20:45:17,271 [WARN] PackLoader:240 - Cannot read IP mode file for STMicroelectronics.X-CUBE-SFXS2LP1.4.0.0
2023-10-04 20:45:17,273 [WARN] PackLoader:240 - Cannot read IP mode file for STMicroelectronics.X-CUBE-ISPU.1.1.0
2023-10-04 20:45:17,279 [WARN] ConditionMgr:438 - getConditionDescription Invalid condition id : UX DEVICE CLASS RTOS Condition cause : null
2023-10-04 20:45:17,279 [WARN] ConditionMgr:438 - getConditionDescription Invalid condition id : UX DEVICE CLASS RTOS Condition cause : null
2023-10-04 20:45:17,280 [WARN] PackLoader:240 - Cannot read IP mode file for STMicroelectronics.X-CUBE-AZRTOS-WB.2.0.0
2023-10-04 20:45:17,280 [WARN] ConditionMgr:1039 - genDependencies : Invalid condition id : UX DEVICE CLASS RTOS Condition cause : null
2023-10-04 20:45:17,281 [WARN] ConditionMgr:1039 - genDependencies : Invalid condition id : UX DEVICE CLASS RTOS Condition cause : null
2023-10-04 20:45:17,281 [WARN] ConditionMgr:1039 - genDependencies : Invalid condition id : UX DEVICE CLASS RTOS Condition cause : null
2023-10-04 20:45:17,281 [WARN] ConditionMgr:1039 - genDependencies : Invalid condition id : UX DEVICE CLASS RTOS Condition cause : null
2023-10-04 20:45:17,281 [WARN] ConditionMgr:1039 - genDependencies : Invalid condition id : UX DEVICE CLASS RTOS Condition cause : null
2023-10-04 20:45:17,286 [WARN] PackLoader:240 - Cannot read IP mode file for STMicroelectronics.X-CUBE-SUBG2.5.0.0
2023-10-04 20:45:17,294 [WARN] PackLoader:240 - Cannot read IP mode file for STMicroelectronics.X-CUBE-TOF1.3.3.1
2023-10-04 20:45:17,307 [WARN] PackLoader:240 - Cannot read IP mode file for STMicroelectronics.X-CUBE-AZRTOS-G4.2.0.0
2023-10-04 20:45:17,310 [WARN] PackLoader:240 - Cannot read IP mode file for STMicroelectronics.X-CUBE-FREERTOS.1.1.0
2023-10-04 20:45:17,312 [WARN] PackLoader:240 - Cannot read IP mode file for portGmbH.I-Cube-SoM-uGOAL.1.1.0
2023-10-04 20:45:17,314 [WARN] PackLoader:240 - Cannot read IP mode file for STMicroelectronics.X-CUBE-ALS.1.0.1
2023-10-04 20:45:17,316 [WARN] PackLoader:240 - Cannot read IP mode file for STMicroelectronics.FP-ATR-ASTRA1.2.0.0
2023-10-04 20:45:17,316 [INFO] ThirdParty:978 - Integrity check success = true
2023-10-04 20:45:17,316 [INFO] IntegrityCheckThread:100 - exiting critical section [integrity check]
2023-10-04 20:45:17,316 [INFO] IntegrityCheckThread:103 - End integrity checks thread
2023-10-04 20:45:18,672 [INFO] McuFinderGlobals:63 - Set McuFinder mode to 2 (CubeIDE integrated)
2023-10-04 20:45:18,687 [INFO] MainUpdater:2868 - connection check result : 10
2023-10-04 20:45:18,694 [INFO] McuFinderGlobals:76 - Set McuFinderConnectedMode to true
2023-10-04 20:45:18,979 [INFO] ServerAccessManage:473 - Download File mcusAds.json._tmp_
2023-10-04 20:45:19,089 [INFO] LoadUrlFilesThread:156 - End of LoadUrlFiles Thread
2023-10-04 20:45:19,303 [INFO] ServerAccessManage:473 - Download File cube-finder-db.zip
2023-10-04 20:45:20,091 [INFO] FileExtend:240 - Unzip File : cube-finder-db.zip
2023-10-04 20:45:20,091 [INFO] FileExtend:255 - Standard Zip Deflate
2023-10-04 20:45:20,836 [INFO] LoadUrlFilesThread:156 - End of LoadUrlFiles Thread
2023-10-04 20:45:21,676 [INFO] ServerAccessManage:473 - Download File crdb.zip
2023-10-04 20:45:22,559 [INFO] FileExtend:240 - Unzip File : crdb.zip
2023-10-04 20:45:22,559 [INFO] FileExtend:255 - Standard Zip Deflate
2023-10-04 20:45:22,676 [INFO] LoadUrlFilesThread:156 - End of LoadUrlFiles Thread
2023-10-04 20:45:22,834 [INFO] ServerAccessManage:473 - Download File tutoVideoDB.zip
2023-10-04 20:45:22,837 [INFO] FileExtend:240 - Unzip File : tutoVideoDB.zip
2023-10-04 20:45:22,837 [INFO] FileExtend:255 - Standard Zip Deflate
2023-10-04 20:45:22,940 [INFO] LoadUrlFilesThread:156 - End of LoadUrlFiles Thread
2023-10-04 20:45:22,941 [WARN] DbFile:41 - Overriding database path with different value: /home/tyler/.stmcufinder/plugins/mcufinder/ => /home/tyler/.stmcufinder/plugins/mcufinder
2023-10-04 20:45:23,078 [INFO] ServerAccessManage:473 - Download File api_config.json
2023-10-04 20:45:23,180 [INFO] LoadUrlFilesThread:156 - End of LoadUrlFiles Thread
2023-10-04 20:45:23,180 [INFO] DbMcusAds:53 - JSON generation date=Tue Mar 07 02:50:55 CST 2023 (1678179055114)
2023-10-04 20:45:23,197 [INFO] LoadUrlFilesThread:185 - End of LoadServerUrlFiles without Thread
2023-10-04 20:45:23,197 [INFO] TargetSelectorAdapter:259 - Refresh data is successful
2023-10-04 20:45:23,283 [INFO] ApiDb:581 - Connected to CubeFinder SQLite database (/home/tyler/.stmcufinder/plugins/mcufinder/mcu/cube-finder-db.db)
2023-10-04 20:45:23,324 [INFO] ApiDb:668 - CubeFinder database Data Model version=2.1
2023-10-04 20:45:23,324 [INFO] ApiDb:669 - CubeFinder database Configuration version=3.0.37
2023-10-04 20:45:23,324 [INFO] ApiDb:670 - CubeFinder database generation date=2023-08-09 (1691586011)
2023-10-04 20:45:23,324 [INFO] ApiDb:671 - CubeFinder database FW Pack versions=[FP-ATR-ASTRA1_V2.0.0, FP-SNS-FLIGHT1_V5.0.1, FP-SNS-FLIGHT1_V5.0.2, FP-SNS-MOTENV1_V4.3.1, FP-SNS-MOTENV1_V4.3.2, STM32Cube_FW_C0_V1.1.0, STM32Cube_FW_F4_V1.27.1, STM32Cube_FW_F7_V1.17.0, STM32Cube_FW_G0_V1.6.1, STM32Cube_FW_G4_V1.5.1, STM32Cube_FW_H5_V0.5.1, STM32Cube_FW_H5_V1.1.0, STM32Cube_FW_H7_V1.11.0, STM32Cube_FW_L0_V1.12.2, STM32Cube_FW_L5_V1.5.0, STM32Cube_FW_U5_V1.3.0, STM32Cube_FW_U5_V1.3.0RC4, STM32Cube_FW_WBA_V1.0.0RC1, STM32Cube_FW_WBA_V1.1.0, STM32Cube_FW_WBA_V1.1.0RC1, STM32Cube_FW_WB_V1.15.0RC1, STM32Cube_FW_WB_V1.16.0, STM32Cube_FW_WB_V1.16.0RC2, STM32Cube_FW_WB_V1.17.0, STM32Cube_FW_WL_V1.3.0, X-CUBE-ALGOBUILD_V1.3.0, X-CUBE-ALS_V1.0.1, X-CUBE-AZRTOS-F4_V1.1.0, X-CUBE-AZRTOS-F7_V1.1.0, X-CUBE-AZRTOS-G0_V1.1.0, X-CUBE-AZRTOS-G4_V2.0.0, X-CUBE-AZRTOS-H7_V3.1.0, X-CUBE-AZRTOS-L4_V1.0.0, X-CUBE-AZRTOS-L4_V2.0.0, X-CUBE-AZRTOS-L5_V1.1.0, X-CUBE-AZRTOS-WB_V1.1.0, X-CUBE-AZRTOS-WL_V2.0.0, X-CUBE-BLE1_V7.0.0, X-CUBE-BLE2_V3.3.0, X-CUBE-BLEMGR_V2.0.0, X-CUBE-EEPRMA1_V4.1.0, X-CUBE-FREERTOS_V1.1.0, X-CUBE-GNSS1_V6.0.0, X-CUBE-MEMS1_V9.1.0, X-CUBE-MEMS1_V9.4.0, X-CUBE-MEMS1_V9.6.0, X-CUBE-NFC4_V3.0.0, X-CUBE-NFC7_V1.0.0, X-CUBE-SFXS2LP1_V4.0.0, X-CUBE-SUBG2_V5.0.0, X-CUBE-TOF1_V3.3.1]
2023-10-04 20:45:24,821 [INFO] ApiDb:240 - Found 323 in-development CPN: [B-G473E-ZEST1S, B-WB1M-WPAN1, B-WL5M-SUBG1, NUCLEO-C031C6, NUCLEO-H503RB, NUCLEO-H563ZI, NUCLEO-U545RE-Q, NUCLEO-U5A5ZJ-Q, NUCLEO-WBA52CG, STEVAL-PROTEUS1, STEVAL-SMARTAG2, STEVAL-STWINBX1, STM320518-EVAL, STM32C0116-DK, STM32C011D6Y3TR, STM32C011D6Y6TR, STM32C011F4P3, STM32C011F4P6, STM32C011F4U3, STM32C011F4U6TR, STM32C011F6P3, STM32C011F6P6, STM32C011F6U3, STM32C011F6U6TR, STM32C011J4M3, STM32C011J4M6, STM32C011J6M3, STM32C011J6M6, STM32C0316-DK, STM32C031C4T3, STM32C031C4T6, STM32C031C4U3, STM32C031C4U6, STM32C031C6T3, STM32C031C6T6, STM32C031C6U3, STM32C031C6U6, STM32C031F4P3, STM32C031F4P6, STM32C031F6P3, STM32C031F6P6, STM32C031G4U3, STM32C031G4U6, STM32C031G6U3, STM32C031G6U6, STM32C031K4T3, STM32C031K4T6, STM32C031K4U3, STM32C031K4U6, STM32C031K6T3, STM32C031K6T6, STM32C031K6U3, STM32C031K6U6, STM32G071K8TXN, STM32G071K8UXN, STM32G081GBU6N, STM32G081KBT6N, STM32G081KBUXN, STM32G0B1CCT6N, STM32G0B1KCT6, STM32G0B1NEY6TR, STM32G0B1RCT6N, STM32G0C1CCT6, STM32G0C1CCT6N, STM32G0C1CCU6N, STM32G0C1CET6N, STM32G0C1CEU6N, STM32G0C1KCT6, STM32G0C1NEY6TR, STM32G0C1RCI6N, STM32G0C1RCT6N, STM32G0C1REI6N, STM32G0C1RET6N, STM32G0C1VCI6, STM32G0C1VEI6, STM32G471CCT6, STM32G471CCU6, STM32G471CET3, STM32G471CET6, STM32G471CEU3, STM32G471CEU6, STM32G471MCT6, STM32G471MET3, STM32G471MET6, STM32G471MEY6TR, STM32G471QCT6, STM32G471QET3, STM32G471RCT6, STM32G471RET3, STM32G471RET6, STM32G471VCH6, STM32G471VCI6, STM32G471VCT6, STM32G471VEH3, STM32G471VEH6, STM32G471VEI3, STM32G471VEI6, STM32G471VET3, STM32G471VET6, STM32G474CCT6, STM32H503CBT6, STM32H503CBU6, STM32H503EBY6TR, STM32H503KBU6, STM32H503RBT6, STM32H562AGI6, STM32H562AII6, STM32H562IGK6, STM32H562IGT6, STM32H562IIK6, STM32H562IIT6, STM32H562RGT6, STM32H562RGV6, STM32H562RIT6, STM32H562RIV6, STM32H562VGT6, STM32H562VIT6, STM32H562ZGT6, STM32H562ZIT6, STM32H563AGI6, STM32H563AII3Q, STM32H563AII6, STM32H563IGK6, STM32H563IGT6, STM32H563IIK3Q, STM32H563IIK6, STM32H563IIT3Q, STM32H563IIT6, STM32H563MIY3QTR, STM32H563RGT6, STM32H563RGV6, STM32H563RIT6, STM32H563RIV6, STM32H563VGT6, STM32H563VIT3Q, STM32H563VIT6, STM32H563ZGT6, STM32H563ZIT3Q, STM32H563ZIT6, STM32H573AII3Q, STM32H573AII6, STM32H573I-DK, STM32H573IIK3Q, STM32H573IIK6, STM32H573IIT3Q, STM32H573IIT6, STM32H573MIY3QTR, STM32H573RIT6, STM32H573RIV6, STM32H573VIT3Q, STM32H573VIT6, STM32H573ZIT3Q, STM32H573ZIT6, STM32L4R5QGI6STR, STM32MP131AAE3, STM32MP131AAF3, STM32MP131AAG3, STM32MP131CAE3, STM32MP131CAF3, STM32MP131CAG3, STM32MP131DAE7, STM32MP131DAF7, STM32MP131DAG7, STM32MP131FAE7, STM32MP131FAF7, STM32MP131FAG7, STM32MP133AAE3, STM32MP133AAF3, STM32MP133AAG3, STM32MP133CAE3, STM32MP133CAF3, STM32MP133CAG3, STM32MP133DAE7, STM32MP133DAF7, STM32MP133DAG7, STM32MP133FAE7, STM32MP133FAF7, STM32MP133FAG7, STM32MP135AAE3, STM32MP135AAF3, STM32MP135AAG3, STM32MP135CAE3, STM32MP135CAF3, STM32MP135CAG3, STM32MP135DAE7, STM32MP135DAF7, STM32MP135DAG7, STM32MP135F-DK, STM32MP135FAE7, STM32MP135FAF7, STM32MP135FAF7T, STM32MP135FAF7U, STM32MP135FAG7, STM32U535CBT6, STM32U535CBT6Q, STM32U535CBU6, STM32U535CBU6Q, STM32U535CCT6, STM32U535CCT6Q, STM32U535CCU6, STM32U535CCU6Q, STM32U535CET6, STM32U535CET6Q, STM32U535CEU6, STM32U535CEU6Q, STM32U535JEY6QTR, STM32U535NCY6QTR, STM32U535NEY6QTR, STM32U535RBI6, STM32U535RBI6Q, STM32U535RBT6, STM32U535RBT6Q, STM32U535RCI6, STM32U535RCI6Q, STM32U535RCT6, STM32U535RCT6Q, STM32U535REI6, STM32U535REI6Q, STM32U535RET6, STM32U535RET6Q, STM32U535VCI6, STM32U535VCI6Q, STM32U535VCT6, STM32U535VCT6Q, STM32U535VEI6, STM32U535VEI6Q, STM32U535VET6, STM32U535VET6Q, STM32U545CET6, STM32U545CET6Q, STM32U545CEU6, STM32U545CEU6Q, STM32U545JEY6QTR, STM32U545NEY6QTR, STM32U545REI6, STM32U545REI6Q, STM32U545RET6, STM32U545RET6Q, STM32U545VEI6, STM32U545VEI6Q, STM32U545VET6, STM32U545VET6Q, STM32U595AIH6, STM32U595AIH6Q, STM32U595AJH6, STM32U595AJH6Q, STM32U595QII6, STM32U595QII6Q, STM32U595QJI6, STM32U595QJI6Q, STM32U595RIT6, STM32U595RIT6Q, STM32U595RJT6, STM32U595RJT6Q, STM32U595VIT6, STM32U595VIT6Q, STM32U595VJT6, STM32U595VJT6Q, STM32U595ZIT6, STM32U595ZIT6Q, STM32U595ZIY6QTR, STM32U595ZJT6, STM32U595ZJT6Q, STM32U595ZJY6QTR, STM32U599BJY6QTR, STM32U599NIH6Q, STM32U599NJH6Q, STM32U599VIT6Q, STM32U599VJT6, STM32U599VJT6Q, STM32U599ZIT6Q, STM32U599ZIY6QTR, STM32U599ZJT6Q, STM32U599ZJY6QTR, STM32U5A5AJH6, STM32U5A5AJH6Q, STM32U5A5QJI6, STM32U5A5QJI6Q, STM32U5A5RJT6, STM32U5A5RJT6Q, STM32U5A5VJT6, STM32U5A5VJT6Q, STM32U5A5ZJT6, STM32U5A5ZJT6Q, STM32U5A5ZJY6QTR, STM32U5A9BJY6QTR, STM32U5A9J-DK, STM32U5A9NJH6Q, STM32U5A9VJT6Q, STM32U5A9ZJT6Q, STM32U5A9ZJY6QTR, STM32U5F7VIT6, STM32U5F7VIT6Q, STM32U5F7VJT6, STM32U5F7VJT6Q, STM32U5F9BJY6QTR, STM32U5F9NJH6Q, STM32U5F9VIT6Q, STM32U5F9VJT6Q, STM32U5F9ZIJ6QTR, STM32U5F9ZIT6Q, STM32U5F9ZJJ6QTR, STM32U5F9ZJT6Q, STM32U5G7VJT6, STM32U5G7VJT6Q, STM32U5G9BJY6QTR, STM32U5G9J-DK1, STM32U5G9J-DK2, STM32U5G9NJH6Q, STM32U5G9VJT6Q, STM32U5G9ZJJ6QTR, STM32U5G9ZJT6Q, STM32WB1MMCH6, STM32WBA52CEU6, STM32WBA52CEU6T, STM32WBA52CGU6, STM32WBA52CGU6T, STM32WBA52KEU6, STM32WBA52KEU6T, STM32WBA52KGU6, STM32WBA52KGU6T, STM32WL5MOCH6, STM32WL5MOCH6TR]
2023-10-04 20:45:24,825 [INFO] DbMcus:217 - Found 3848 MCUs, 3848 are supported
2023-10-04 20:45:24,825 [INFO] ApiDb:423 - Load user favorites file /home/tyler/.stm32cubeide/favorites.mcus.txt: 0 item(s)
2023-10-04 20:45:24,825 [INFO] ApiDb:427 - User favorites MCUs=[]
2023-10-04 20:45:24,825 [INFO] DbMcus:223 - Set 0 / 0 favorites MCUs
2023-10-04 20:45:25,003 [INFO] ApiDb:668 - CubeFinder database Data Model version=2.1
2023-10-04 20:45:25,003 [INFO] ApiDb:669 - CubeFinder database Configuration version=3.0.37
2023-10-04 20:45:25,003 [INFO] ApiDb:670 - CubeFinder database generation date=2023-08-09 (1691586011)
2023-10-04 20:45:25,003 [INFO] ApiDb:671 - CubeFinder database FW Pack versions=[FP-ATR-ASTRA1_V2.0.0, FP-SNS-FLIGHT1_V5.0.1, FP-SNS-FLIGHT1_V5.0.2, FP-SNS-MOTENV1_V4.3.1, FP-SNS-MOTENV1_V4.3.2, STM32Cube_FW_C0_V1.1.0, STM32Cube_FW_F4_V1.27.1, STM32Cube_FW_F7_V1.17.0, STM32Cube_FW_G0_V1.6.1, STM32Cube_FW_G4_V1.5.1, STM32Cube_FW_H5_V0.5.1, STM32Cube_FW_H5_V1.1.0, STM32Cube_FW_H7_V1.11.0, STM32Cube_FW_L0_V1.12.2, STM32Cube_FW_L5_V1.5.0, STM32Cube_FW_U5_V1.3.0, STM32Cube_FW_U5_V1.3.0RC4, STM32Cube_FW_WBA_V1.0.0RC1, STM32Cube_FW_WBA_V1.1.0, STM32Cube_FW_WBA_V1.1.0RC1, STM32Cube_FW_WB_V1.15.0RC1, STM32Cube_FW_WB_V1.16.0, STM32Cube_FW_WB_V1.16.0RC2, STM32Cube_FW_WB_V1.17.0, STM32Cube_FW_WL_V1.3.0, X-CUBE-ALGOBUILD_V1.3.0, X-CUBE-ALS_V1.0.1, X-CUBE-AZRTOS-F4_V1.1.0, X-CUBE-AZRTOS-F7_V1.1.0, X-CUBE-AZRTOS-G0_V1.1.0, X-CUBE-AZRTOS-G4_V2.0.0, X-CUBE-AZRTOS-H7_V3.1.0, X-CUBE-AZRTOS-L4_V1.0.0, X-CUBE-AZRTOS-L4_V2.0.0, X-CUBE-AZRTOS-L5_V1.1.0, X-CUBE-AZRTOS-WB_V1.1.0, X-CUBE-AZRTOS-WL_V2.0.0, X-CUBE-BLE1_V7.0.0, X-CUBE-BLE2_V3.3.0, X-CUBE-BLEMGR_V2.0.0, X-CUBE-EEPRMA1_V4.1.0, X-CUBE-FREERTOS_V1.1.0, X-CUBE-GNSS1_V6.0.0, X-CUBE-MEMS1_V9.1.0, X-CUBE-MEMS1_V9.4.0, X-CUBE-MEMS1_V9.6.0, X-CUBE-NFC4_V3.0.0, X-CUBE-NFC7_V1.0.0, X-CUBE-SFXS2LP1_V4.0.0, X-CUBE-SUBG2_V5.0.0, X-CUBE-TOF1_V3.3.1]
2023-10-04 20:45:25,040 [INFO] DbBoardsSqlite:226 - include board P-NUCLEO-WB55-NUCLEO as a kit item of type 'Nucleo-64'
2023-10-04 20:45:25,041 [INFO] DbBoardsSqlite:226 - include board P-NUCLEO-WB55-USBDONGLE as a kit item of type 'Nucleo USB Dongle'
2023-10-04 20:45:25,041 [INFO] DbBoardsSqlite:226 - include board STEVAL-IDP005V1 as a kit item of type 'Evaluation Board'
2023-10-04 20:45:25,041 [INFO] DbBoardsSqlite:226 - include board STEVAL-IDP005V2 as a kit item of type 'Evaluation Board'
2023-10-04 20:45:25,066 [INFO] ApiDb:240 - Found 323 in-development CPN: [B-G473E-ZEST1S, B-WB1M-WPAN1, B-WL5M-SUBG1, NUCLEO-C031C6, NUCLEO-H503RB, NUCLEO-H563ZI, NUCLEO-U545RE-Q, NUCLEO-U5A5ZJ-Q, NUCLEO-WBA52CG, STEVAL-PROTEUS1, STEVAL-SMARTAG2, STEVAL-STWINBX1, STM320518-EVAL, STM32C0116-DK, STM32C011D6Y3TR, STM32C011D6Y6TR, STM32C011F4P3, STM32C011F4P6, STM32C011F4U3, STM32C011F4U6TR, STM32C011F6P3, STM32C011F6P6, STM32C011F6U3, STM32C011F6U6TR, STM32C011J4M3, STM32C011J4M6, STM32C011J6M3, STM32C011J6M6, STM32C0316-DK, STM32C031C4T3, STM32C031C4T6, STM32C031C4U3, STM32C031C4U6, STM32C031C6T3, STM32C031C6T6, STM32C031C6U3, STM32C031C6U6, STM32C031F4P3, STM32C031F4P6, STM32C031F6P3, STM32C031F6P6, STM32C031G4U3, STM32C031G4U6, STM32C031G6U3, STM32C031G6U6, STM32C031K4T3, STM32C031K4T6, STM32C031K4U3, STM32C031K4U6, STM32C031K6T3, STM32C031K6T6, STM32C031K6U3, STM32C031K6U6, STM32G071K8TXN, STM32G071K8UXN, STM32G081GBU6N, STM32G081KBT6N, STM32G081KBUXN, STM32G0B1CCT6N, STM32G0B1KCT6, STM32G0B1NEY6TR, STM32G0B1RCT6N, STM32G0C1CCT6, STM32G0C1CCT6N, STM32G0C1CCU6N, STM32G0C1CET6N, STM32G0C1CEU6N, STM32G0C1KCT6, STM32G0C1NEY6TR, STM32G0C1RCI6N, STM32G0C1RCT6N, STM32G0C1REI6N, STM32G0C1RET6N, STM32G0C1VCI6, STM32G0C1VEI6, STM32G471CCT6, STM32G471CCU6, STM32G471CET3, STM32G471CET6, STM32G471CEU3, STM32G471CEU6, STM32G471MCT6, STM32G471MET3, STM32G471MET6, STM32G471MEY6TR, STM32G471QCT6, STM32G471QET3, STM32G471RCT6, STM32G471RET3, STM32G471RET6, STM32G471VCH6, STM32G471VCI6, STM32G471VCT6, STM32G471VEH3, STM32G471VEH6, STM32G471VEI3, STM32G471VEI6, STM32G471VET3, STM32G471VET6, STM32G474CCT6, STM32H503CBT6, STM32H503CBU6, STM32H503EBY6TR, STM32H503KBU6, STM32H503RBT6, STM32H562AGI6, STM32H562AII6, STM32H562IGK6, STM32H562IGT6, STM32H562IIK6, STM32H562IIT6, STM32H562RGT6, STM32H562RGV6, STM32H562RIT6, STM32H562RIV6, STM32H562VGT6, STM32H562VIT6, STM32H562ZGT6, STM32H562ZIT6, STM32H563AGI6, STM32H563AII3Q, STM32H563AII6, STM32H563IGK6, STM32H563IGT6, STM32H563IIK3Q, STM32H563IIK6, STM32H563IIT3Q, STM32H563IIT6, STM32H563MIY3QTR, STM32H563RGT6, STM32H563RGV6, STM32H563RIT6, STM32H563RIV6, STM32H563VGT6, STM32H563VIT3Q, STM32H563VIT6, STM32H563ZGT6, STM32H563ZIT3Q, STM32H563ZIT6, STM32H573AII3Q, STM32H573AII6, STM32H573I-DK, STM32H573IIK3Q, STM32H573IIK6, STM32H573IIT3Q, STM32H573IIT6, STM32H573MIY3QTR, STM32H573RIT6, STM32H573RIV6, STM32H573VIT3Q, STM32H573VIT6, STM32H573ZIT3Q, STM32H573ZIT6, STM32L4R5QGI6STR, STM32MP131AAE3, STM32MP131AAF3, STM32MP131AAG3, STM32MP131CAE3, STM32MP131CAF3, STM32MP131CAG3, STM32MP131DAE7, STM32MP131DAF7, STM32MP131DAG7, STM32MP131FAE7, STM32MP131FAF7, STM32MP131FAG7, STM32MP133AAE3, STM32MP133AAF3, STM32MP133AAG3, STM32MP133CAE3, STM32MP133CAF3, STM32MP133CAG3, STM32MP133DAE7, STM32MP133DAF7, STM32MP133DAG7, STM32MP133FAE7, STM32MP133FAF7, STM32MP133FAG7, STM32MP135AAE3, STM32MP135AAF3, STM32MP135AAG3, STM32MP135CAE3, STM32MP135CAF3, STM32MP135CAG3, STM32MP135DAE7, STM32MP135DAF7, STM32MP135DAG7, STM32MP135F-DK, STM32MP135FAE7, STM32MP135FAF7, STM32MP135FAF7T, STM32MP135FAF7U, STM32MP135FAG7, STM32U535CBT6, STM32U535CBT6Q, STM32U535CBU6, STM32U535CBU6Q, STM32U535CCT6, STM32U535CCT6Q, STM32U535CCU6, STM32U535CCU6Q, STM32U535CET6, STM32U535CET6Q, STM32U535CEU6, STM32U535CEU6Q, STM32U535JEY6QTR, STM32U535NCY6QTR, STM32U535NEY6QTR, STM32U535RBI6, STM32U535RBI6Q, STM32U535RBT6, STM32U535RBT6Q, STM32U535RCI6, STM32U535RCI6Q, STM32U535RCT6, STM32U535RCT6Q, STM32U535REI6, STM32U535REI6Q, STM32U535RET6, STM32U535RET6Q, STM32U535VCI6, STM32U535VCI6Q, STM32U535VCT6, STM32U535VCT6Q, STM32U535VEI6, STM32U535VEI6Q, STM32U535VET6, STM32U535VET6Q, STM32U545CET6, STM32U545CET6Q, STM32U545CEU6, STM32U545CEU6Q, STM32U545JEY6QTR, STM32U545NEY6QTR, STM32U545REI6, STM32U545REI6Q, STM32U545RET6, STM32U545RET6Q, STM32U545VEI6, STM32U545VEI6Q, STM32U545VET6, STM32U545VET6Q, STM32U595AIH6, STM32U595AIH6Q, STM32U595AJH6, STM32U595AJH6Q, STM32U595QII6, STM32U595QII6Q, STM32U595QJI6, STM32U595QJI6Q, STM32U595RIT6, STM32U595RIT6Q, STM32U595RJT6, STM32U595RJT6Q, STM32U595VIT6, STM32U595VIT6Q, STM32U595VJT6, STM32U595VJT6Q, STM32U595ZIT6, STM32U595ZIT6Q, STM32U595ZIY6QTR, STM32U595ZJT6, STM32U595ZJT6Q, STM32U595ZJY6QTR, STM32U599BJY6QTR, STM32U599NIH6Q, STM32U599NJH6Q, STM32U599VIT6Q, STM32U599VJT6, STM32U599VJT6Q, STM32U599ZIT6Q, STM32U599ZIY6QTR, STM32U599ZJT6Q, STM32U599ZJY6QTR, STM32U5A5AJH6, STM32U5A5AJH6Q, STM32U5A5QJI6, STM32U5A5QJI6Q, STM32U5A5RJT6, STM32U5A5RJT6Q, STM32U5A5VJT6, STM32U5A5VJT6Q, STM32U5A5ZJT6, STM32U5A5ZJT6Q, STM32U5A5ZJY6QTR, STM32U5A9BJY6QTR, STM32U5A9J-DK, STM32U5A9NJH6Q, STM32U5A9VJT6Q, STM32U5A9ZJT6Q, STM32U5A9ZJY6QTR, STM32U5F7VIT6, STM32U5F7VIT6Q, STM32U5F7VJT6, STM32U5F7VJT6Q, STM32U5F9BJY6QTR, STM32U5F9NJH6Q, STM32U5F9VIT6Q, STM32U5F9VJT6Q, STM32U5F9ZIJ6QTR, STM32U5F9ZIT6Q, STM32U5F9ZJJ6QTR, STM32U5F9ZJT6Q, STM32U5G7VJT6, STM32U5G7VJT6Q, STM32U5G9BJY6QTR, STM32U5G9J-DK1, STM32U5G9J-DK2, STM32U5G9NJH6Q, STM32U5G9VJT6Q, STM32U5G9ZJJ6QTR, STM32U5G9ZJT6Q, STM32WB1MMCH6, STM32WBA52CEU6, STM32WBA52CEU6T, STM32WBA52CGU6, STM32WBA52CGU6T, STM32WBA52KEU6, STM32WBA52KEU6T, STM32WBA52KGU6, STM32WBA52KGU6T, STM32WL5MOCH6, STM32WL5MOCH6TR]
2023-10-04 20:45:25,147 [INFO] BoardInfo:880 - No configuration file found for board P-NUCLEO-WB55
2023-10-04 20:45:25,147 [INFO] DbBoards:157 - Kit is not supported: P-NUCLEO-WB55
2023-10-04 20:45:25,150 [INFO] BoardInfo:880 - No configuration file found for board STEVAL-BFA001V1B
2023-10-04 20:45:25,150 [INFO] DbBoards:157 - Kit is not supported: STEVAL-BFA001V1B
2023-10-04 20:45:25,151 [INFO] BoardInfo:880 - No configuration file found for board STEVAL-BFA001V2B
2023-10-04 20:45:25,151 [INFO] DbBoards:157 - Kit is not supported: STEVAL-BFA001V2B
2023-10-04 20:45:25,242 [INFO] DbBoards:161 - Found 190 boards, 187 are supported
2023-10-04 20:45:25,244 [INFO] ApiDb:423 - Load user favorites file /home/tyler/.stm32cubeide/favorites.boards.txt: 0 item(s)
2023-10-04 20:45:25,244 [INFO] ApiDb:427 - User favorites Boards=[]
2023-10-04 20:45:25,244 [INFO] DbBoards:190 - Set 0 / 0 favorites Boards
2023-10-04 20:45:25,246 [INFO] ApiDb:668 - CubeFinder database Data Model version=2.1
2023-10-04 20:45:25,246 [INFO] ApiDb:669 - CubeFinder database Configuration version=3.0.37
2023-10-04 20:45:25,246 [INFO] ApiDb:670 - CubeFinder database generation date=2023-08-09 (1691586011)
2023-10-04 20:45:25,246 [INFO] ApiDb:671 - CubeFinder database FW Pack versions=[FP-ATR-ASTRA1_V2.0.0, FP-SNS-FLIGHT1_V5.0.1, FP-SNS-FLIGHT1_V5.0.2, FP-SNS-MOTENV1_V4.3.1, FP-SNS-MOTENV1_V4.3.2, STM32Cube_FW_C0_V1.1.0, STM32Cube_FW_F4_V1.27.1, STM32Cube_FW_F7_V1.17.0, STM32Cube_FW_G0_V1.6.1, STM32Cube_FW_G4_V1.5.1, STM32Cube_FW_H5_V0.5.1, STM32Cube_FW_H5_V1.1.0, STM32Cube_FW_H7_V1.11.0, STM32Cube_FW_L0_V1.12.2, STM32Cube_FW_L5_V1.5.0, STM32Cube_FW_U5_V1.3.0, STM32Cube_FW_U5_V1.3.0RC4, STM32Cube_FW_WBA_V1.0.0RC1, STM32Cube_FW_WBA_V1.1.0, STM32Cube_FW_WBA_V1.1.0RC1, STM32Cube_FW_WB_V1.15.0RC1, STM32Cube_FW_WB_V1.16.0, STM32Cube_FW_WB_V1.16.0RC2, STM32Cube_FW_WB_V1.17.0, STM32Cube_FW_WL_V1.3.0, X-CUBE-ALGOBUILD_V1.3.0, X-CUBE-ALS_V1.0.1, X-CUBE-AZRTOS-F4_V1.1.0, X-CUBE-AZRTOS-F7_V1.1.0, X-CUBE-AZRTOS-G0_V1.1.0, X-CUBE-AZRTOS-G4_V2.0.0, X-CUBE-AZRTOS-H7_V3.1.0, X-CUBE-AZRTOS-L4_V1.0.0, X-CUBE-AZRTOS-L4_V2.0.0, X-CUBE-AZRTOS-L5_V1.1.0, X-CUBE-AZRTOS-WB_V1.1.0, X-CUBE-AZRTOS-WL_V2.0.0, X-CUBE-BLE1_V7.0.0, X-CUBE-BLE2_V3.3.0, X-CUBE-BLEMGR_V2.0.0, X-CUBE-EEPRMA1_V4.1.0, X-CUBE-FREERTOS_V1.1.0, X-CUBE-GNSS1_V6.0.0, X-CUBE-MEMS1_V9.1.0, X-CUBE-MEMS1_V9.4.0, X-CUBE-MEMS1_V9.6.0, X-CUBE-NFC4_V3.0.0, X-CUBE-NFC7_V1.0.0, X-CUBE-SFXS2LP1_V4.0.0, X-CUBE-SUBG2_V5.0.0, X-CUBE-TOF1_V3.3.1]
2023-10-04 20:45:25,849 [INFO] DbExamplesSqlite:395 - Ignored 27 examples not supported by CubeIDE
2023-10-04 20:45:25,849 [INFO] DbExamplesSqlite:396 - Found 7231 examples active
2023-10-04 20:45:25,849 [INFO] DbExamplesSqlite:397 - Found 677 examples obsolete
2023-10-04 20:45:25,849 [INFO] DbExamplesSqlite:398 - Found 0 examples under development
2023-10-04 20:45:25,849 [INFO] DbExamplesSqlite:399 - Found 74 examples not building
2023-10-04 20:45:25,850 [INFO] DbExamples:125 - Found 7278 examples
2023-10-04 20:45:25,859 [INFO] DbExamples:222 - Found 92 boards with related examples
2023-10-04 20:45:25,860 [INFO] DbExamples:235 - Found 78 MCUs with related examples
2023-10-04 20:45:25,872 [INFO] ApiDb:423 - Load user favorites file /home/tyler/.stm32cubeide/favorites.examples.txt: 0 item(s)
2023-10-04 20:45:25,872 [INFO] ApiDb:427 - User favorites Examples=[]
2023-10-04 20:45:25,872 [INFO] DbExamples:250 - Set 0 / 0 favorites Examples
2023-10-04 20:45:26,050 [INFO] McuFinderGlobals:76 - Set McuFinderConnectedMode to true
2023-10-04 20:45:26,056 [INFO] MultiScanPanel:200 - Auto-refresh data requested => check proxy status ongoing
2023-10-04 20:45:26,063 [INFO] FinderPluginLoader:95 - Searching for filters in installed packs
2023-10-04 20:45:26,965 [INFO] LoadUrlFilesThread:185 - End of LoadServerUrlFiles without Thread
2023-10-04 20:45:26,969 [INFO] DetailPanel:341 - Set advertising image to /home/tyler/STM32Cube/Repository//en.prom-stm32h5-mcu-finder.jpg
2023-10-04 20:45:35,774 [ERROR] LogOutputStream:75 - [STDERR_REDIRECT] SLF4J: Failed to load class "org.slf4j.impl.StaticLoggerBinder".
2023-10-04 20:45:35,775 [ERROR] LogOutputStream:75 - [STDERR_REDIRECT] SLF4J: Defaulting to no-operation (NOP) logger implementation
2023-10-04 20:45:35,775 [ERROR] LogOutputStream:75 - [STDERR_REDIRECT] SLF4J: See http://www.slf4j.org/codes.html#StaticLoggerBinder for further details.
2023-10-04 20:45:37,959 [INFO] MultiScanPanel:200 - Auto-refresh data requested => check proxy status ongoing
2023-10-04 20:45:38,057 [INFO] LoadUrlFilesThread:185 - End of LoadServerUrlFiles without Thread
2023-10-04 20:45:38,057 [INFO] DetailPanel:341 - Set advertising image to /home/tyler/STM32Cube/Repository//en.prom-stm32h5-mcu-finder.jpg
2023-10-04 20:45:38,066 [INFO] DbBoards:634 - Loading board mini-images...
2023-10-04 20:45:39,440 [ERROR] DbBoards:651 - Image file not found for board STM32U5G9J-DK1: /home/tyler/.stmcufinder/plugins/mcufinder//mcu//boards_images/STM32U5G9J-DK1.jpg
2023-10-04 20:45:39,440 [ERROR] DbBoards:651 - Image file not found for board STM32U5G9J-DK2: /home/tyler/.stmcufinder/plugins/mcufinder//mcu//boards_images/STM32U5G9J-DK2.jpg
2023-10-04 20:45:39,452 [INFO] DbBoards:657 - Loaded 188 board mini-images
2023-10-04 20:46:53,572 [INFO] BoardResultTable:719 - Mark Board STM32F407G-DISC1 as favorite
2023-10-04 20:48:00,131 [INFO] ServerAccessManage:473 - Download File DB1421.pdf
2023-10-04 20:48:00,458 [INFO] LoadUrlFilesThread:156 - End of LoadUrlFiles Thread
2023-10-04 20:48:00,534 [INFO] BoardAction:139 - Datasheet
2023-10-04 20:48:13,342 [INFO] BoardAction:75 - Docs & Resources
2023-10-04 20:48:15,695 [INFO] DocPanel:101 - Download all resources for selected product
2023-10-04 20:48:15,696 [INFO] WebUtils:934 - prepare download of 20 documents
2023-10-04 20:48:16,259 [INFO] ServerAccessManage:473 - Download File AN3364.pdf
2023-10-04 20:48:16,781 [INFO] ServerAccessManage:473 - Download File AN3990.pdf
2023-10-04 20:48:17,310 [INFO] ServerAccessManage:473 - Download File AN3997.pdf
2023-10-04 20:48:17,767 [INFO] ServerAccessManage:473 - Download File AN3998.pdf
2023-10-04 20:48:18,826 [INFO] ServerAccessManage:473 - Download File 16773.pdf
2023-10-04 20:48:20,714 [INFO] ServerAccessManage:473 - Download File 13295.pdf
2023-10-04 20:48:20,847 [INFO] ServerAccessManage:473 - Download File 13329.pdf
2023-10-04 20:48:22,541 [INFO] ServerAccessManage:473 - Download File 19308.pdf
2023-10-04 20:48:23,277 [INFO] ServerAccessManage:473 - Download File 19309.pdf
2023-10-04 20:48:24,865 [INFO] ServerAccessManage:473 - Download File 19310.pdf
2023-10-04 20:48:26,237 [INFO] ServerAccessManage:473 - Download File 19311.pdf
2023-10-04 20:48:26,803 [INFO] ServerAccessManage:473 - Download File TN0830.pdf
2023-10-04 20:48:27,017 [INFO] ServerAccessManage:473 - Download File TN1235.pdf
2023-10-04 20:48:28,199 [INFO] ServerAccessManage:473 - Download File UM1467.pdf
2023-10-04 20:48:28,863 [INFO] ServerAccessManage:473 - Download File UM1472.pdf
2023-10-04 20:48:29,259 [INFO] ServerAccessManage:473 - Download File UM2052.pdf
2023-10-04 20:48:29,569 [INFO] LoadUrlFilesThread:156 - End of LoadUrlFiles Thread
2023-10-04 20:48:29,569 [INFO] DocPanel:103 - Refresh resources is successful
2023-10-04 20:49:44,807 [INFO] McuFinderGlobals:76 - Set McuFinderConnectedMode to true
2023-10-04 20:49:44,809 [INFO] ApiDb:448 - Save user favorites file /home/tyler/.stm32cubeide/favorites.mcus.txt: 0 item(s)
2023-10-04 20:49:44,809 [INFO] ApiDb:452 - User favorites MCUs=[]
2023-10-04 20:49:44,810 [INFO] ApiDb:448 - Save user favorites file /home/tyler/.stm32cubeide/favorites.boards.txt: 1 item(s)
2023-10-04 20:49:44,811 [INFO] ApiDb:452 - User favorites Boards=[STM32F407G-DISC1]
2023-10-04 21:01:00,166 [ERROR] LogOutputStream:75 - [STDERR_REDIRECT] 
